{"/home/maria/studia/gameshare-app/frontend/src/App.tsx": {"path":"/home/maria/studia/gameshare-app/frontend/src/App.tsx","statementMap":{},"fnMap":{},"branchMap":{},"s":{},"f":{},"b":{}}
,"/home/maria/studia/gameshare-app/frontend/src/main.tsx": {"path":"/home/maria/studia/gameshare-app/frontend/src/main.tsx","statementMap":{},"fnMap":{},"branchMap":{},"s":{},"f":{},"b":{}}
,"/home/maria/studia/gameshare-app/frontend/src/api/Api.ts": {"path":"/home/maria/studia/gameshare-app/frontend/src/api/Api.ts","statementMap":{},"fnMap":{},"branchMap":{},"s":{},"f":{},"b":{}}
,"/home/maria/studia/gameshare-app/frontend/src/api/CategoryApi.ts": {"path":"/home/maria/studia/gameshare-app/frontend/src/api/CategoryApi.ts","statementMap":{},"fnMap":{},"branchMap":{},"s":{},"f":{},"b":{}}
,"/home/maria/studia/gameshare-app/frontend/src/api/GameApi.ts": {"path":"/home/maria/studia/gameshare-app/frontend/src/api/GameApi.ts","statementMap":{},"fnMap":{},"branchMap":{},"s":{},"f":{},"b":{}}
,"/home/maria/studia/gameshare-app/frontend/src/api/GameInstanceApi.ts": {"path":"/home/maria/studia/gameshare-app/frontend/src/api/GameInstanceApi.ts","statementMap":{},"fnMap":{},"branchMap":{},"s":{},"f":{},"b":{}}
,"/home/maria/studia/gameshare-app/frontend/src/api/RecommendationsApi.ts": {"path":"/home/maria/studia/gameshare-app/frontend/src/api/RecommendationsApi.ts","statementMap":{},"fnMap":{},"branchMap":{},"s":{},"f":{},"b":{}}
,"/home/maria/studia/gameshare-app/frontend/src/api/ReservationsApi.ts": {"path":"/home/maria/studia/gameshare-app/frontend/src/api/ReservationsApi.ts","statementMap":{},"fnMap":{},"branchMap":{},"s":{},"f":{},"b":{}}
,"/home/maria/studia/gameshare-app/frontend/src/api/RoleApi.ts": {"path":"/home/maria/studia/gameshare-app/frontend/src/api/RoleApi.ts","statementMap":{},"fnMap":{},"branchMap":{},"s":{},"f":{},"b":{}}
,"/home/maria/studia/gameshare-app/frontend/src/api/UserApi.ts": {"path":"/home/maria/studia/gameshare-app/frontend/src/api/UserApi.ts","statementMap":{},"fnMap":{},"branchMap":{},"s":{},"f":{},"b":{}}
,"/home/maria/studia/gameshare-app/frontend/src/components/Avatar.tsx": {"path":"/home/maria/studia/gameshare-app/frontend/src/components/Avatar.tsx","statementMap":{},"fnMap":{},"branchMap":{},"s":{},"f":{},"b":{}}
,"/home/maria/studia/gameshare-app/frontend/src/components/CategoryCard.tsx": {"path":"/home/maria/studia/gameshare-app/frontend/src/components/CategoryCard.tsx","statementMap":{},"fnMap":{},"branchMap":{},"s":{},"f":{},"b":{}}
,"/home/maria/studia/gameshare-app/frontend/src/components/GameDetailsCard.tsx": {"path":"/home/maria/studia/gameshare-app/frontend/src/components/GameDetailsCard.tsx","statementMap":{},"fnMap":{},"branchMap":{},"s":{},"f":{},"b":{}}
,"/home/maria/studia/gameshare-app/frontend/src/components/GameInstanceDetailsCard.tsx": {"path":"/home/maria/studia/gameshare-app/frontend/src/components/GameInstanceDetailsCard.tsx","statementMap":{},"fnMap":{},"branchMap":{},"s":{},"f":{},"b":{}}
,"/home/maria/studia/gameshare-app/frontend/src/components/Layout.tsx": {"path":"/home/maria/studia/gameshare-app/frontend/src/components/Layout.tsx","statementMap":{},"fnMap":{},"branchMap":{},"s":{},"f":{},"b":{}}
,"/home/maria/studia/gameshare-app/frontend/src/components/ProtectedRoute.tsx": {"path":"/home/maria/studia/gameshare-app/frontend/src/components/ProtectedRoute.tsx","statementMap":{},"fnMap":{},"branchMap":{},"s":{},"f":{},"b":{}}
,"/home/maria/studia/gameshare-app/frontend/src/components/SelectInput.tsx": {"path":"/home/maria/studia/gameshare-app/frontend/src/components/SelectInput.tsx","statementMap":{},"fnMap":{},"branchMap":{},"s":{},"f":{},"b":{}}
,"/home/maria/studia/gameshare-app/frontend/src/components/ThemeProvider.tsx": {"path":"/home/maria/studia/gameshare-app/frontend/src/components/ThemeProvider.tsx","statementMap":{"0":{"start":{"line":16,"column":41},"end":{"line":19,"column":null}},"1":{"start":{"line":18,"column":18},"end":{"line":18,"column":null}},"2":{"start":{"line":21,"column":29},"end":{"line":21,"column":null}},"3":{"start":{"line":29,"column":28},"end":{"line":30,"column":null}},"4":{"start":{"line":30,"column":10},"end":{"line":30,"column":null}},"5":{"start":{"line":33,"column":2},"end":{"line":48,"column":null}},"6":{"start":{"line":34,"column":17},"end":{"line":34,"column":48}},"7":{"start":{"line":36,"column":4},"end":{"line":36,"column":null}},"8":{"start":{"line":38,"column":4},"end":{"line":45,"column":null}},"9":{"start":{"line":39,"column":26},"end":{"line":41,"column":null}},"10":{"start":{"line":43,"column":6},"end":{"line":43,"column":null}},"11":{"start":{"line":44,"column":6},"end":{"line":44,"column":null}},"12":{"start":{"line":47,"column":4},"end":{"line":47,"column":null}},"13":{"start":{"line":50,"column":16},"end":{"line":56,"column":null}},"14":{"start":{"line":53,"column":6},"end":{"line":53,"column":null}},"15":{"start":{"line":54,"column":6},"end":{"line":54,"column":null}},"16":{"start":{"line":23,"column":16},"end":{"line":23,"column":30}},"17":{"start":{"line":65,"column":24},"end":{"line":71,"column":2}},"18":{"start":{"line":66,"column":18},"end":{"line":66,"column":null}},"19":{"start":{"line":68,"column":2},"end":{"line":68,"column":null}},"20":{"start":{"line":68,"column":29},"end":{"line":68,"column":null}},"21":{"start":{"line":70,"column":2},"end":{"line":70,"column":null}},"22":{"start":{"line":65,"column":13},"end":{"line":65,"column":24}}},"fnMap":{"0":{"name":"(anonymous_0)","decl":{"start":{"line":18,"column":12},"end":{"line":18,"column":18}},"loc":{"start":{"line":18,"column":18},"end":{"line":18,"column":null}}},"1":{"name":"ThemeProvider","decl":{"start":{"line":23,"column":16},"end":{"line":23,"column":30}},"loc":{"start":{"line":28,"column":21},"end":{"line":63,"column":null}}},"2":{"name":"(anonymous_2)","decl":{"start":{"line":30,"column":4},"end":{"line":30,"column":10}},"loc":{"start":{"line":30,"column":10},"end":{"line":30,"column":null}}},"3":{"name":"(anonymous_3)","decl":{"start":{"line":33,"column":12},"end":{"line":33,"column":null}},"loc":{"start":{"line":33,"column":12},"end":{"line":48,"column":5}}},"4":{"name":"(anonymous_4)","decl":{"start":{"line":52,"column":14},"end":{"line":52,"column":15}},"loc":{"start":{"line":52,"column":15},"end":{"line":55,"column":null}}},"5":{"name":"(anonymous_5)","decl":{"start":{"line":65,"column":24},"end":{"line":65,"column":null}},"loc":{"start":{"line":65,"column":24},"end":{"line":71,"column":2}}}},"branchMap":{"0":{"loc":{"start":{"line":25,"column":2},"end":{"line":25,"column":25}},"type":"default-arg","locations":[{"start":{"line":25,"column":17},"end":{"line":25,"column":25}}]},"1":{"loc":{"start":{"line":26,"column":2},"end":{"line":26,"column":30}},"type":"default-arg","locations":[{"start":{"line":26,"column":15},"end":{"line":26,"column":30}}]},"2":{"loc":{"start":{"line":30,"column":10},"end":{"line":30,"column":null}},"type":"binary-expr","locations":[{"start":{"line":30,"column":10},"end":{"line":30,"column":57}},{"start":{"line":30,"column":57},"end":{"line":30,"column":null}}]},"3":{"loc":{"start":{"line":38,"column":4},"end":{"line":45,"column":null}},"type":"if","locations":[{"start":{"line":38,"column":4},"end":{"line":45,"column":null}}]},"4":{"loc":{"start":{"line":39,"column":26},"end":{"line":41,"column":null}},"type":"cond-expr","locations":[{"start":{"line":40,"column":10},"end":{"line":40,"column":null}},{"start":{"line":41,"column":10},"end":{"line":41,"column":null}}]},"5":{"loc":{"start":{"line":68,"column":2},"end":{"line":68,"column":null}},"type":"if","locations":[{"start":{"line":68,"column":2},"end":{"line":68,"column":null}}]}},"s":{"0":2,"1":0,"2":2,"3":2,"4":2,"5":2,"6":2,"7":2,"8":2,"9":2,"10":2,"11":2,"12":0,"13":2,"14":0,"15":0,"16":4,"17":2,"18":0,"19":0,"20":0,"21":0,"22":2},"f":{"0":0,"1":2,"2":2,"3":2,"4":0,"5":0},"b":{"0":[2],"1":[2],"2":[2,2],"3":[2],"4":[0,2],"5":[0]}}
,"/home/maria/studia/gameshare-app/frontend/src/components/UserDetails.tsx": {"path":"/home/maria/studia/gameshare-app/frontend/src/components/UserDetails.tsx","statementMap":{},"fnMap":{},"branchMap":{},"s":{},"f":{},"b":{}}
,"/home/maria/studia/gameshare-app/frontend/src/components/UserFilter.tsx": {"path":"/home/maria/studia/gameshare-app/frontend/src/components/UserFilter.tsx","statementMap":{},"fnMap":{},"branchMap":{},"s":{},"f":{},"b":{}}
,"/home/maria/studia/gameshare-app/frontend/src/components/Badge/AgeBadge.tsx": {"path":"/home/maria/studia/gameshare-app/frontend/src/components/Badge/AgeBadge.tsx","statementMap":{},"fnMap":{},"branchMap":{},"s":{},"f":{},"b":{}}
,"/home/maria/studia/gameshare-app/frontend/src/components/Badge/PlayersBadge.tsx": {"path":"/home/maria/studia/gameshare-app/frontend/src/components/Badge/PlayersBadge.tsx","statementMap":{},"fnMap":{},"branchMap":{},"s":{},"f":{},"b":{}}
,"/home/maria/studia/gameshare-app/frontend/src/components/Badge/PriceBadge.tsx": {"path":"/home/maria/studia/gameshare-app/frontend/src/components/Badge/PriceBadge.tsx","statementMap":{"0":{"start":{"line":10,"column":40},"end":{"line":21,"column":null}},"1":{"start":{"line":11,"column":16},"end":{"line":11,"column":null}},"2":{"start":{"line":10,"column":6},"end":{"line":10,"column":40}}},"fnMap":{"0":{"name":"(anonymous_0)","decl":{"start":{"line":10,"column":40},"end":{"line":10,"column":41}},"loc":{"start":{"line":10,"column":50},"end":{"line":21,"column":null}}}},"branchMap":{},"s":{"0":2,"1":2,"2":2},"f":{"0":2},"b":{}}
,"/home/maria/studia/gameshare-app/frontend/src/components/Badge/TimeBadge.tsx": {"path":"/home/maria/studia/gameshare-app/frontend/src/components/Badge/TimeBadge.tsx","statementMap":{},"fnMap":{},"branchMap":{},"s":{},"f":{},"b":{}}
,"/home/maria/studia/gameshare-app/frontend/src/components/Badge/index.ts": {"path":"/home/maria/studia/gameshare-app/frontend/src/components/Badge/index.ts","statementMap":{},"fnMap":{},"branchMap":{},"s":{},"f":{},"b":{}}
,"/home/maria/studia/gameshare-app/frontend/src/components/Calendar/AvailabilityCalendar.tsx": {"path":"/home/maria/studia/gameshare-app/frontend/src/components/Calendar/AvailabilityCalendar.tsx","statementMap":{},"fnMap":{},"branchMap":{},"s":{},"f":{},"b":{}}
,"/home/maria/studia/gameshare-app/frontend/src/components/Calendar/Calendar.tsx": {"path":"/home/maria/studia/gameshare-app/frontend/src/components/Calendar/Calendar.tsx","statementMap":{},"fnMap":{},"branchMap":{},"s":{},"f":{},"b":{}}
,"/home/maria/studia/gameshare-app/frontend/src/components/Calendar/ReservationsCalendar.tsx": {"path":"/home/maria/studia/gameshare-app/frontend/src/components/Calendar/ReservationsCalendar.tsx","statementMap":{},"fnMap":{},"branchMap":{},"s":{},"f":{},"b":{}}
,"/home/maria/studia/gameshare-app/frontend/src/components/Calendar/index.ts": {"path":"/home/maria/studia/gameshare-app/frontend/src/components/Calendar/index.ts","statementMap":{},"fnMap":{},"branchMap":{},"s":{},"f":{},"b":{}}
,"/home/maria/studia/gameshare-app/frontend/src/components/GameSearch/GameSearchBar.tsx": {"path":"/home/maria/studia/gameshare-app/frontend/src/components/GameSearch/GameSearchBar.tsx","statementMap":{},"fnMap":{},"branchMap":{},"s":{},"f":{},"b":{}}
,"/home/maria/studia/gameshare-app/frontend/src/components/GameSearch/GameSearchCard.tsx": {"path":"/home/maria/studia/gameshare-app/frontend/src/components/GameSearch/GameSearchCard.tsx","statementMap":{},"fnMap":{},"branchMap":{},"s":{},"f":{},"b":{}}
,"/home/maria/studia/gameshare-app/frontend/src/components/GameSearch/index.ts": {"path":"/home/maria/studia/gameshare-app/frontend/src/components/GameSearch/index.ts","statementMap":{},"fnMap":{},"branchMap":{},"s":{},"f":{},"b":{}}
,"/home/maria/studia/gameshare-app/frontend/src/components/Map/LoadingMap.tsx": {"path":"/home/maria/studia/gameshare-app/frontend/src/components/Map/LoadingMap.tsx","statementMap":{},"fnMap":{},"branchMap":{},"s":{},"f":{},"b":{}}
,"/home/maria/studia/gameshare-app/frontend/src/components/Map/LocationButton.tsx": {"path":"/home/maria/studia/gameshare-app/frontend/src/components/Map/LocationButton.tsx","statementMap":{},"fnMap":{},"branchMap":{},"s":{},"f":{},"b":{}}
,"/home/maria/studia/gameshare-app/frontend/src/components/Map/LocationMarker.tsx": {"path":"/home/maria/studia/gameshare-app/frontend/src/components/Map/LocationMarker.tsx","statementMap":{},"fnMap":{},"branchMap":{},"s":{},"f":{},"b":{}}
,"/home/maria/studia/gameshare-app/frontend/src/components/Map/Map.tsx": {"path":"/home/maria/studia/gameshare-app/frontend/src/components/Map/Map.tsx","statementMap":{},"fnMap":{},"branchMap":{},"s":{},"f":{},"b":{}}
,"/home/maria/studia/gameshare-app/frontend/src/components/Map/UserMarker.tsx": {"path":"/home/maria/studia/gameshare-app/frontend/src/components/Map/UserMarker.tsx","statementMap":{},"fnMap":{},"branchMap":{},"s":{},"f":{},"b":{}}
,"/home/maria/studia/gameshare-app/frontend/src/components/Map/index.ts": {"path":"/home/maria/studia/gameshare-app/frontend/src/components/Map/index.ts","statementMap":{},"fnMap":{},"branchMap":{},"s":{},"f":{},"b":{}}
,"/home/maria/studia/gameshare-app/frontend/src/components/Opinions/Opinion.tsx": {"path":"/home/maria/studia/gameshare-app/frontend/src/components/Opinions/Opinion.tsx","statementMap":{},"fnMap":{},"branchMap":{},"s":{},"f":{},"b":{}}
,"/home/maria/studia/gameshare-app/frontend/src/components/Opinions/OpinionInput.tsx": {"path":"/home/maria/studia/gameshare-app/frontend/src/components/Opinions/OpinionInput.tsx","statementMap":{},"fnMap":{},"branchMap":{},"s":{},"f":{},"b":{}}
,"/home/maria/studia/gameshare-app/frontend/src/components/Opinions/Opinions.tsx": {"path":"/home/maria/studia/gameshare-app/frontend/src/components/Opinions/Opinions.tsx","statementMap":{},"fnMap":{},"branchMap":{},"s":{},"f":{},"b":{}}
,"/home/maria/studia/gameshare-app/frontend/src/components/Opinions/index.ts": {"path":"/home/maria/studia/gameshare-app/frontend/src/components/Opinions/index.ts","statementMap":{},"fnMap":{},"branchMap":{},"s":{},"f":{},"b":{}}
,"/home/maria/studia/gameshare-app/frontend/src/components/SideNav/LanguageToggle.tsx": {"path":"/home/maria/studia/gameshare-app/frontend/src/components/SideNav/LanguageToggle.tsx","statementMap":{},"fnMap":{},"branchMap":{},"s":{},"f":{},"b":{}}
,"/home/maria/studia/gameshare-app/frontend/src/components/SideNav/LoginButton.tsx": {"path":"/home/maria/studia/gameshare-app/frontend/src/components/SideNav/LoginButton.tsx","statementMap":{},"fnMap":{},"branchMap":{},"s":{},"f":{},"b":{}}
,"/home/maria/studia/gameshare-app/frontend/src/components/SideNav/LogoutButton.tsx": {"path":"/home/maria/studia/gameshare-app/frontend/src/components/SideNav/LogoutButton.tsx","statementMap":{},"fnMap":{},"branchMap":{},"s":{},"f":{},"b":{}}
,"/home/maria/studia/gameshare-app/frontend/src/components/SideNav/ModeToggle.tsx": {"path":"/home/maria/studia/gameshare-app/frontend/src/components/SideNav/ModeToggle.tsx","statementMap":{},"fnMap":{},"branchMap":{},"s":{},"f":{},"b":{}}
,"/home/maria/studia/gameshare-app/frontend/src/components/SideNav/SideNav.tsx": {"path":"/home/maria/studia/gameshare-app/frontend/src/components/SideNav/SideNav.tsx","statementMap":{},"fnMap":{},"branchMap":{},"s":{},"f":{},"b":{}}
,"/home/maria/studia/gameshare-app/frontend/src/components/SideNav/SideNavLink.tsx": {"path":"/home/maria/studia/gameshare-app/frontend/src/components/SideNav/SideNavLink.tsx","statementMap":{},"fnMap":{},"branchMap":{},"s":{},"f":{},"b":{}}
,"/home/maria/studia/gameshare-app/frontend/src/components/SideNav/UserItem.tsx": {"path":"/home/maria/studia/gameshare-app/frontend/src/components/SideNav/UserItem.tsx","statementMap":{},"fnMap":{},"branchMap":{},"s":{},"f":{},"b":{}}
,"/home/maria/studia/gameshare-app/frontend/src/components/SideNav/index.ts": {"path":"/home/maria/studia/gameshare-app/frontend/src/components/SideNav/index.ts","statementMap":{},"fnMap":{},"branchMap":{},"s":{},"f":{},"b":{}}
,"/home/maria/studia/gameshare-app/frontend/src/components/Stars/Stars.tsx": {"path":"/home/maria/studia/gameshare-app/frontend/src/components/Stars/Stars.tsx","statementMap":{},"fnMap":{},"branchMap":{},"s":{},"f":{},"b":{}}
,"/home/maria/studia/gameshare-app/frontend/src/components/Stars/StarsInput.tsx": {"path":"/home/maria/studia/gameshare-app/frontend/src/components/Stars/StarsInput.tsx","statementMap":{},"fnMap":{},"branchMap":{},"s":{},"f":{},"b":{}}
,"/home/maria/studia/gameshare-app/frontend/src/components/Stars/index.ts": {"path":"/home/maria/studia/gameshare-app/frontend/src/components/Stars/index.ts","statementMap":{},"fnMap":{},"branchMap":{},"s":{},"f":{},"b":{}}
,"/home/maria/studia/gameshare-app/frontend/src/components/UserForm/EditUserForm.tsx": {"path":"/home/maria/studia/gameshare-app/frontend/src/components/UserForm/EditUserForm.tsx","statementMap":{},"fnMap":{},"branchMap":{},"s":{},"f":{},"b":{}}
,"/home/maria/studia/gameshare-app/frontend/src/components/UserForm/RegisterUserForm.tsx": {"path":"/home/maria/studia/gameshare-app/frontend/src/components/UserForm/RegisterUserForm.tsx","statementMap":{},"fnMap":{},"branchMap":{},"s":{},"f":{},"b":{}}
,"/home/maria/studia/gameshare-app/frontend/src/components/UserForm/UserForm.tsx": {"path":"/home/maria/studia/gameshare-app/frontend/src/components/UserForm/UserForm.tsx","statementMap":{},"fnMap":{},"branchMap":{},"s":{},"f":{},"b":{}}
,"/home/maria/studia/gameshare-app/frontend/src/components/UserForm/index.ts": {"path":"/home/maria/studia/gameshare-app/frontend/src/components/UserForm/index.ts","statementMap":{},"fnMap":{},"branchMap":{},"s":{},"f":{},"b":{}}
,"/home/maria/studia/gameshare-app/frontend/src/components/UserGameInstances/GameInstance.tsx": {"path":"/home/maria/studia/gameshare-app/frontend/src/components/UserGameInstances/GameInstance.tsx","statementMap":{},"fnMap":{},"branchMap":{},"s":{},"f":{},"b":{}}
,"/home/maria/studia/gameshare-app/frontend/src/components/UserGameInstances/GameInstanceAddForm.tsx": {"path":"/home/maria/studia/gameshare-app/frontend/src/components/UserGameInstances/GameInstanceAddForm.tsx","statementMap":{},"fnMap":{},"branchMap":{},"s":{},"f":{},"b":{}}
,"/home/maria/studia/gameshare-app/frontend/src/components/UserGameInstances/GameInstancesSection.tsx": {"path":"/home/maria/studia/gameshare-app/frontend/src/components/UserGameInstances/GameInstancesSection.tsx","statementMap":{},"fnMap":{},"branchMap":{},"s":{},"f":{},"b":{}}
,"/home/maria/studia/gameshare-app/frontend/src/components/UserGameInstances/GameReservations.tsx": {"path":"/home/maria/studia/gameshare-app/frontend/src/components/UserGameInstances/GameReservations.tsx","statementMap":{},"fnMap":{},"branchMap":{},"s":{},"f":{},"b":{}}
,"/home/maria/studia/gameshare-app/frontend/src/components/UserGameInstances/index.ts": {"path":"/home/maria/studia/gameshare-app/frontend/src/components/UserGameInstances/index.ts","statementMap":{},"fnMap":{},"branchMap":{},"s":{},"f":{},"b":{}}
,"/home/maria/studia/gameshare-app/frontend/src/components/ui/Spinner.tsx": {"path":"/home/maria/studia/gameshare-app/frontend/src/components/ui/Spinner.tsx","statementMap":{},"fnMap":{},"branchMap":{},"s":{},"f":{},"b":{}}
,"/home/maria/studia/gameshare-app/frontend/src/components/ui/avatar.tsx": {"path":"/home/maria/studia/gameshare-app/frontend/src/components/ui/avatar.tsx","statementMap":{},"fnMap":{},"branchMap":{},"s":{},"f":{},"b":{}}
,"/home/maria/studia/gameshare-app/frontend/src/components/ui/badge.tsx": {"path":"/home/maria/studia/gameshare-app/frontend/src/components/ui/badge.tsx","statementMap":{},"fnMap":{},"branchMap":{},"s":{},"f":{},"b":{}}
,"/home/maria/studia/gameshare-app/frontend/src/components/ui/button.tsx": {"path":"/home/maria/studia/gameshare-app/frontend/src/components/ui/button.tsx","statementMap":{},"fnMap":{},"branchMap":{},"s":{},"f":{},"b":{}}
,"/home/maria/studia/gameshare-app/frontend/src/components/ui/calendar.tsx": {"path":"/home/maria/studia/gameshare-app/frontend/src/components/ui/calendar.tsx","statementMap":{},"fnMap":{},"branchMap":{},"s":{},"f":{},"b":{}}
,"/home/maria/studia/gameshare-app/frontend/src/components/ui/command.tsx": {"path":"/home/maria/studia/gameshare-app/frontend/src/components/ui/command.tsx","statementMap":{},"fnMap":{},"branchMap":{},"s":{},"f":{},"b":{}}
,"/home/maria/studia/gameshare-app/frontend/src/components/ui/datepicker.tsx": {"path":"/home/maria/studia/gameshare-app/frontend/src/components/ui/datepicker.tsx","statementMap":{},"fnMap":{},"branchMap":{},"s":{},"f":{},"b":{}}
,"/home/maria/studia/gameshare-app/frontend/src/components/ui/dialog.tsx": {"path":"/home/maria/studia/gameshare-app/frontend/src/components/ui/dialog.tsx","statementMap":{},"fnMap":{},"branchMap":{},"s":{},"f":{},"b":{}}
,"/home/maria/studia/gameshare-app/frontend/src/components/ui/dropdown-menu.tsx": {"path":"/home/maria/studia/gameshare-app/frontend/src/components/ui/dropdown-menu.tsx","statementMap":{},"fnMap":{},"branchMap":{},"s":{},"f":{},"b":{}}
,"/home/maria/studia/gameshare-app/frontend/src/components/ui/form.tsx": {"path":"/home/maria/studia/gameshare-app/frontend/src/components/ui/form.tsx","statementMap":{},"fnMap":{},"branchMap":{},"s":{},"f":{},"b":{}}
,"/home/maria/studia/gameshare-app/frontend/src/components/ui/hover-card.tsx": {"path":"/home/maria/studia/gameshare-app/frontend/src/components/ui/hover-card.tsx","statementMap":{},"fnMap":{},"branchMap":{},"s":{},"f":{},"b":{}}
,"/home/maria/studia/gameshare-app/frontend/src/components/ui/input.tsx": {"path":"/home/maria/studia/gameshare-app/frontend/src/components/ui/input.tsx","statementMap":{},"fnMap":{},"branchMap":{},"s":{},"f":{},"b":{}}
,"/home/maria/studia/gameshare-app/frontend/src/components/ui/label.tsx": {"path":"/home/maria/studia/gameshare-app/frontend/src/components/ui/label.tsx","statementMap":{},"fnMap":{},"branchMap":{},"s":{},"f":{},"b":{}}
,"/home/maria/studia/gameshare-app/frontend/src/components/ui/popover.tsx": {"path":"/home/maria/studia/gameshare-app/frontend/src/components/ui/popover.tsx","statementMap":{},"fnMap":{},"branchMap":{},"s":{},"f":{},"b":{}}
,"/home/maria/studia/gameshare-app/frontend/src/components/ui/scroll-area.tsx": {"path":"/home/maria/studia/gameshare-app/frontend/src/components/ui/scroll-area.tsx","statementMap":{},"fnMap":{},"branchMap":{},"s":{},"f":{},"b":{}}
,"/home/maria/studia/gameshare-app/frontend/src/components/ui/select.tsx": {"path":"/home/maria/studia/gameshare-app/frontend/src/components/ui/select.tsx","statementMap":{},"fnMap":{},"branchMap":{},"s":{},"f":{},"b":{}}
,"/home/maria/studia/gameshare-app/frontend/src/components/ui/separator.tsx": {"path":"/home/maria/studia/gameshare-app/frontend/src/components/ui/separator.tsx","statementMap":{},"fnMap":{},"branchMap":{},"s":{},"f":{},"b":{}}
,"/home/maria/studia/gameshare-app/frontend/src/components/ui/skeleton.tsx": {"path":"/home/maria/studia/gameshare-app/frontend/src/components/ui/skeleton.tsx","statementMap":{},"fnMap":{},"branchMap":{},"s":{},"f":{},"b":{}}
,"/home/maria/studia/gameshare-app/frontend/src/components/ui/tabs.tsx": {"path":"/home/maria/studia/gameshare-app/frontend/src/components/ui/tabs.tsx","statementMap":{},"fnMap":{},"branchMap":{},"s":{},"f":{},"b":{}}
,"/home/maria/studia/gameshare-app/frontend/src/components/ui/textarea.tsx": {"path":"/home/maria/studia/gameshare-app/frontend/src/components/ui/textarea.tsx","statementMap":{},"fnMap":{},"branchMap":{},"s":{},"f":{},"b":{}}
,"/home/maria/studia/gameshare-app/frontend/src/components/ui/toast.tsx": {"path":"/home/maria/studia/gameshare-app/frontend/src/components/ui/toast.tsx","statementMap":{},"fnMap":{},"branchMap":{},"s":{},"f":{},"b":{}}
,"/home/maria/studia/gameshare-app/frontend/src/components/ui/toaster.tsx": {"path":"/home/maria/studia/gameshare-app/frontend/src/components/ui/toaster.tsx","statementMap":{},"fnMap":{},"branchMap":{},"s":{},"f":{},"b":{}}
,"/home/maria/studia/gameshare-app/frontend/src/components/ui/tooltip.tsx": {"path":"/home/maria/studia/gameshare-app/frontend/src/components/ui/tooltip.tsx","statementMap":{},"fnMap":{},"branchMap":{},"s":{},"f":{},"b":{}}
,"/home/maria/studia/gameshare-app/frontend/src/components/ui/use-toast.ts": {"path":"/home/maria/studia/gameshare-app/frontend/src/components/ui/use-toast.ts","statementMap":{},"fnMap":{},"branchMap":{},"s":{},"f":{},"b":{}}
,"/home/maria/studia/gameshare-app/frontend/src/constants/languages.ts": {"path":"/home/maria/studia/gameshare-app/frontend/src/constants/languages.ts","statementMap":{},"fnMap":{},"branchMap":{},"s":{},"f":{},"b":{}}
,"/home/maria/studia/gameshare-app/frontend/src/constants/lorem.ts": {"path":"/home/maria/studia/gameshare-app/frontend/src/constants/lorem.ts","statementMap":{},"fnMap":{},"branchMap":{},"s":{},"f":{},"b":{}}
,"/home/maria/studia/gameshare-app/frontend/src/constants/reservationStatuses.ts": {"path":"/home/maria/studia/gameshare-app/frontend/src/constants/reservationStatuses.ts","statementMap":{},"fnMap":{},"branchMap":{},"s":{},"f":{},"b":{}}
,"/home/maria/studia/gameshare-app/frontend/src/constants/urls.ts": {"path":"/home/maria/studia/gameshare-app/frontend/src/constants/urls.ts","statementMap":{},"fnMap":{},"branchMap":{},"s":{},"f":{},"b":{}}
,"/home/maria/studia/gameshare-app/frontend/src/i18n/i18n.ts": {"path":"/home/maria/studia/gameshare-app/frontend/src/i18n/i18n.ts","statementMap":{"0":{"start":{"line":9,"column":16},"end":{"line":9,"column":null}},"1":{"start":{"line":11,"column":25},"end":{"line":18,"column":2}},"2":{"start":{"line":20,"column":0},"end":{"line":38,"column":null}},"3":{"start":{"line":30,"column":8},"end":{"line":33,"column":null}},"4":{"start":{"line":31,"column":25},"end":{"line":31,"column":54}},"5":{"start":{"line":32,"column":10},"end":{"line":32,"column":null}},"6":{"start":{"line":34,"column":8},"end":{"line":34,"column":null}}},"fnMap":{"0":{"name":"(anonymous_0)","decl":{"start":{"line":29,"column":14},"end":{"line":29,"column":15}},"loc":{"start":{"line":29,"column":30},"end":{"line":35,"column":null}}}},"branchMap":{"0":{"loc":{"start":{"line":30,"column":8},"end":{"line":33,"column":null}},"type":"if","locations":[{"start":{"line":30,"column":8},"end":{"line":33,"column":null}}]},"1":{"loc":{"start":{"line":32,"column":35},"end":{"line":32,"column":61}},"type":"binary-expr","locations":[{"start":{"line":32,"column":35},"end":{"line":32,"column":45}},{"start":{"line":32,"column":45},"end":{"line":32,"column":61}}]}},"s":{"0":2,"1":2,"2":2,"3":0,"4":0,"5":0,"6":0},"f":{"0":0},"b":{"0":[0],"1":[0,0]}}
,"/home/maria/studia/gameshare-app/frontend/src/i18n/resources/pl.ts": {"path":"/home/maria/studia/gameshare-app/frontend/src/i18n/resources/pl.ts","statementMap":{"0":{"start":{"line":3,"column":22},"end":{"line":266,"column":null}}},"fnMap":{},"branchMap":{},"s":{"0":2},"f":{},"b":{}}
,"/home/maria/studia/gameshare-app/frontend/src/pages/CategoryGameSearch/CategoryGameSearch.tsx": {"path":"/home/maria/studia/gameshare-app/frontend/src/pages/CategoryGameSearch/CategoryGameSearch.tsx","statementMap":{},"fnMap":{},"branchMap":{},"s":{},"f":{},"b":{}}
,"/home/maria/studia/gameshare-app/frontend/src/pages/CategoryGameSearch/index.ts": {"path":"/home/maria/studia/gameshare-app/frontend/src/pages/CategoryGameSearch/index.ts","statementMap":{},"fnMap":{},"branchMap":{},"s":{},"f":{},"b":{}}
,"/home/maria/studia/gameshare-app/frontend/src/pages/Dashboard/Dashboard.tsx": {"path":"/home/maria/studia/gameshare-app/frontend/src/pages/Dashboard/Dashboard.tsx","statementMap":{},"fnMap":{},"branchMap":{},"s":{},"f":{},"b":{}}
,"/home/maria/studia/gameshare-app/frontend/src/pages/Dashboard/GameInstanceSearchCard.tsx": {"path":"/home/maria/studia/gameshare-app/frontend/src/pages/Dashboard/GameInstanceSearchCard.tsx","statementMap":{},"fnMap":{},"branchMap":{},"s":{},"f":{},"b":{}}
,"/home/maria/studia/gameshare-app/frontend/src/pages/Dashboard/GamesInstancesSearchResults.tsx": {"path":"/home/maria/studia/gameshare-app/frontend/src/pages/Dashboard/GamesInstancesSearchResults.tsx","statementMap":{},"fnMap":{},"branchMap":{},"s":{},"f":{},"b":{}}
,"/home/maria/studia/gameshare-app/frontend/src/pages/Dashboard/GamesSearch.tsx": {"path":"/home/maria/studia/gameshare-app/frontend/src/pages/Dashboard/GamesSearch.tsx","statementMap":{},"fnMap":{},"branchMap":{},"s":{},"f":{},"b":{}}
,"/home/maria/studia/gameshare-app/frontend/src/pages/Dashboard/index.ts": {"path":"/home/maria/studia/gameshare-app/frontend/src/pages/Dashboard/index.ts","statementMap":{},"fnMap":{},"branchMap":{},"s":{},"f":{},"b":{}}
,"/home/maria/studia/gameshare-app/frontend/src/pages/Dashboard/options.ts": {"path":"/home/maria/studia/gameshare-app/frontend/src/pages/Dashboard/options.ts","statementMap":{},"fnMap":{},"branchMap":{},"s":{},"f":{},"b":{}}
,"/home/maria/studia/gameshare-app/frontend/src/pages/Error/Error.tsx": {"path":"/home/maria/studia/gameshare-app/frontend/src/pages/Error/Error.tsx","statementMap":{},"fnMap":{},"branchMap":{},"s":{},"f":{},"b":{}}
,"/home/maria/studia/gameshare-app/frontend/src/pages/Error/index.ts": {"path":"/home/maria/studia/gameshare-app/frontend/src/pages/Error/index.ts","statementMap":{},"fnMap":{},"branchMap":{},"s":{},"f":{},"b":{}}
,"/home/maria/studia/gameshare-app/frontend/src/pages/Game/Game.tsx": {"path":"/home/maria/studia/gameshare-app/frontend/src/pages/Game/Game.tsx","statementMap":{},"fnMap":{},"branchMap":{},"s":{},"f":{},"b":{}}
,"/home/maria/studia/gameshare-app/frontend/src/pages/Game/GameDetailsSection.tsx": {"path":"/home/maria/studia/gameshare-app/frontend/src/pages/Game/GameDetailsSection.tsx","statementMap":{},"fnMap":{},"branchMap":{},"s":{},"f":{},"b":{}}
,"/home/maria/studia/gameshare-app/frontend/src/pages/Game/GameInstanceCard.tsx": {"path":"/home/maria/studia/gameshare-app/frontend/src/pages/Game/GameInstanceCard.tsx","statementMap":{},"fnMap":{},"branchMap":{},"s":{},"f":{},"b":{}}
,"/home/maria/studia/gameshare-app/frontend/src/pages/Game/GameInstancesList.tsx": {"path":"/home/maria/studia/gameshare-app/frontend/src/pages/Game/GameInstancesList.tsx","statementMap":{},"fnMap":{},"branchMap":{},"s":{},"f":{},"b":{}}
,"/home/maria/studia/gameshare-app/frontend/src/pages/Game/GameInstancesSection.tsx": {"path":"/home/maria/studia/gameshare-app/frontend/src/pages/Game/GameInstancesSection.tsx","statementMap":{},"fnMap":{},"branchMap":{},"s":{},"f":{},"b":{}}
,"/home/maria/studia/gameshare-app/frontend/src/pages/Game/LoadingGameDetailsSection.tsx": {"path":"/home/maria/studia/gameshare-app/frontend/src/pages/Game/LoadingGameDetailsSection.tsx","statementMap":{},"fnMap":{},"branchMap":{},"s":{},"f":{},"b":{}}
,"/home/maria/studia/gameshare-app/frontend/src/pages/Game/index.ts": {"path":"/home/maria/studia/gameshare-app/frontend/src/pages/Game/index.ts","statementMap":{},"fnMap":{},"branchMap":{},"s":{},"f":{},"b":{}}
,"/home/maria/studia/gameshare-app/frontend/src/pages/GameInstance/GameCalendar.tsx": {"path":"/home/maria/studia/gameshare-app/frontend/src/pages/GameInstance/GameCalendar.tsx","statementMap":{},"fnMap":{},"branchMap":{},"s":{},"f":{},"b":{}}
,"/home/maria/studia/gameshare-app/frontend/src/pages/GameInstance/GameInstance.tsx": {"path":"/home/maria/studia/gameshare-app/frontend/src/pages/GameInstance/GameInstance.tsx","statementMap":{},"fnMap":{},"branchMap":{},"s":{},"f":{},"b":{}}
,"/home/maria/studia/gameshare-app/frontend/src/pages/GameInstance/GameInstanceDetailsSection.tsx": {"path":"/home/maria/studia/gameshare-app/frontend/src/pages/GameInstance/GameInstanceDetailsSection.tsx","statementMap":{},"fnMap":{},"branchMap":{},"s":{},"f":{},"b":{}}
,"/home/maria/studia/gameshare-app/frontend/src/pages/GameInstance/GameInstanceOpinions.tsx": {"path":"/home/maria/studia/gameshare-app/frontend/src/pages/GameInstance/GameInstanceOpinions.tsx","statementMap":{},"fnMap":{},"branchMap":{},"s":{},"f":{},"b":{}}
,"/home/maria/studia/gameshare-app/frontend/src/pages/GameInstance/GameInstanceUserDetailsSection.tsx": {"path":"/home/maria/studia/gameshare-app/frontend/src/pages/GameInstance/GameInstanceUserDetailsSection.tsx","statementMap":{},"fnMap":{},"branchMap":{},"s":{},"f":{},"b":{}}
,"/home/maria/studia/gameshare-app/frontend/src/pages/GameInstance/ReservationForm.tsx": {"path":"/home/maria/studia/gameshare-app/frontend/src/pages/GameInstance/ReservationForm.tsx","statementMap":{},"fnMap":{},"branchMap":{},"s":{},"f":{},"b":{}}
,"/home/maria/studia/gameshare-app/frontend/src/pages/GameInstance/index.ts": {"path":"/home/maria/studia/gameshare-app/frontend/src/pages/GameInstance/index.ts","statementMap":{},"fnMap":{},"branchMap":{},"s":{},"f":{},"b":{}}
,"/home/maria/studia/gameshare-app/frontend/src/pages/GameRequests/GameRequest.tsx": {"path":"/home/maria/studia/gameshare-app/frontend/src/pages/GameRequests/GameRequest.tsx","statementMap":{},"fnMap":{},"branchMap":{},"s":{},"f":{},"b":{}}
,"/home/maria/studia/gameshare-app/frontend/src/pages/GameRequests/GameRequests.tsx": {"path":"/home/maria/studia/gameshare-app/frontend/src/pages/GameRequests/GameRequests.tsx","statementMap":{},"fnMap":{},"branchMap":{},"s":{},"f":{},"b":{}}
,"/home/maria/studia/gameshare-app/frontend/src/pages/GameRequests/index.ts": {"path":"/home/maria/studia/gameshare-app/frontend/src/pages/GameRequests/index.ts","statementMap":{},"fnMap":{},"branchMap":{},"s":{},"f":{},"b":{}}
,"/home/maria/studia/gameshare-app/frontend/src/pages/GameSearch/CategoriesSection.tsx": {"path":"/home/maria/studia/gameshare-app/frontend/src/pages/GameSearch/CategoriesSection.tsx","statementMap":{},"fnMap":{},"branchMap":{},"s":{},"f":{},"b":{}}
,"/home/maria/studia/gameshare-app/frontend/src/pages/GameSearch/Game.tsx": {"path":"/home/maria/studia/gameshare-app/frontend/src/pages/GameSearch/Game.tsx","statementMap":{},"fnMap":{},"branchMap":{},"s":{},"f":{},"b":{}}
,"/home/maria/studia/gameshare-app/frontend/src/pages/GameSearch/GameSearch.tsx": {"path":"/home/maria/studia/gameshare-app/frontend/src/pages/GameSearch/GameSearch.tsx","statementMap":{},"fnMap":{},"branchMap":{},"s":{},"f":{},"b":{}}
,"/home/maria/studia/gameshare-app/frontend/src/pages/GameSearch/PopularGamesSection.tsx": {"path":"/home/maria/studia/gameshare-app/frontend/src/pages/GameSearch/PopularGamesSection.tsx","statementMap":{},"fnMap":{},"branchMap":{},"s":{},"f":{},"b":{}}
,"/home/maria/studia/gameshare-app/frontend/src/pages/GameSearch/RecommendedGamesSection.tsx": {"path":"/home/maria/studia/gameshare-app/frontend/src/pages/GameSearch/RecommendedGamesSection.tsx","statementMap":{},"fnMap":{},"branchMap":{},"s":{},"f":{},"b":{}}
,"/home/maria/studia/gameshare-app/frontend/src/pages/GameSearch/index.ts": {"path":"/home/maria/studia/gameshare-app/frontend/src/pages/GameSearch/index.ts","statementMap":{},"fnMap":{},"branchMap":{},"s":{},"f":{},"b":{}}
,"/home/maria/studia/gameshare-app/frontend/src/pages/MyProfile/MyProfile.tsx": {"path":"/home/maria/studia/gameshare-app/frontend/src/pages/MyProfile/MyProfile.tsx","statementMap":{},"fnMap":{},"branchMap":{},"s":{},"f":{},"b":{}}
,"/home/maria/studia/gameshare-app/frontend/src/pages/MyProfile/index.ts": {"path":"/home/maria/studia/gameshare-app/frontend/src/pages/MyProfile/index.ts","statementMap":{},"fnMap":{},"branchMap":{},"s":{},"f":{},"b":{}}
,"/home/maria/studia/gameshare-app/frontend/src/pages/ReservationDetails/GameInstanceDetails.tsx": {"path":"/home/maria/studia/gameshare-app/frontend/src/pages/ReservationDetails/GameInstanceDetails.tsx","statementMap":{},"fnMap":{},"branchMap":{},"s":{},"f":{},"b":{}}
,"/home/maria/studia/gameshare-app/frontend/src/pages/ReservationDetails/OpinionSection.tsx": {"path":"/home/maria/studia/gameshare-app/frontend/src/pages/ReservationDetails/OpinionSection.tsx","statementMap":{},"fnMap":{},"branchMap":{},"s":{},"f":{},"b":{}}
,"/home/maria/studia/gameshare-app/frontend/src/pages/ReservationDetails/ReservationDetails.tsx": {"path":"/home/maria/studia/gameshare-app/frontend/src/pages/ReservationDetails/ReservationDetails.tsx","statementMap":{},"fnMap":{},"branchMap":{},"s":{},"f":{},"b":{}}
,"/home/maria/studia/gameshare-app/frontend/src/pages/ReservationDetails/ReservationDetailsStatus.tsx": {"path":"/home/maria/studia/gameshare-app/frontend/src/pages/ReservationDetails/ReservationDetailsStatus.tsx","statementMap":{},"fnMap":{},"branchMap":{},"s":{},"f":{},"b":{}}
,"/home/maria/studia/gameshare-app/frontend/src/pages/ReservationDetails/ReservationDetailsTable.tsx": {"path":"/home/maria/studia/gameshare-app/frontend/src/pages/ReservationDetails/ReservationDetailsTable.tsx","statementMap":{},"fnMap":{},"branchMap":{},"s":{},"f":{},"b":{}}
,"/home/maria/studia/gameshare-app/frontend/src/pages/ReservationDetails/UserDetailsSection.tsx": {"path":"/home/maria/studia/gameshare-app/frontend/src/pages/ReservationDetails/UserDetailsSection.tsx","statementMap":{},"fnMap":{},"branchMap":{},"s":{},"f":{},"b":{}}
,"/home/maria/studia/gameshare-app/frontend/src/pages/ReservationDetails/index.ts": {"path":"/home/maria/studia/gameshare-app/frontend/src/pages/ReservationDetails/index.ts","statementMap":{},"fnMap":{},"branchMap":{},"s":{},"f":{},"b":{}}
,"/home/maria/studia/gameshare-app/frontend/src/pages/ReservationDetails/ReservationDetailsOwner/OpinionAboutRenter.tsx": {"path":"/home/maria/studia/gameshare-app/frontend/src/pages/ReservationDetails/ReservationDetailsOwner/OpinionAboutRenter.tsx","statementMap":{},"fnMap":{},"branchMap":{},"s":{},"f":{},"b":{}}
,"/home/maria/studia/gameshare-app/frontend/src/pages/ReservationDetails/ReservationDetailsOwner/ReservationDetailsOwner.tsx": {"path":"/home/maria/studia/gameshare-app/frontend/src/pages/ReservationDetails/ReservationDetailsOwner/ReservationDetailsOwner.tsx","statementMap":{},"fnMap":{},"branchMap":{},"s":{},"f":{},"b":{}}
,"/home/maria/studia/gameshare-app/frontend/src/pages/ReservationDetails/ReservationDetailsOwner/index.ts": {"path":"/home/maria/studia/gameshare-app/frontend/src/pages/ReservationDetails/ReservationDetailsOwner/index.ts","statementMap":{},"fnMap":{},"branchMap":{},"s":{},"f":{},"b":{}}
,"/home/maria/studia/gameshare-app/frontend/src/pages/ReservationDetails/ReservationDetailsRenter/OpinionAboutGameInstance.tsx": {"path":"/home/maria/studia/gameshare-app/frontend/src/pages/ReservationDetails/ReservationDetailsRenter/OpinionAboutGameInstance.tsx","statementMap":{},"fnMap":{},"branchMap":{},"s":{},"f":{},"b":{}}
,"/home/maria/studia/gameshare-app/frontend/src/pages/ReservationDetails/ReservationDetailsRenter/OpinionAboutOwner.tsx": {"path":"/home/maria/studia/gameshare-app/frontend/src/pages/ReservationDetails/ReservationDetailsRenter/OpinionAboutOwner.tsx","statementMap":{},"fnMap":{},"branchMap":{},"s":{},"f":{},"b":{}}
,"/home/maria/studia/gameshare-app/frontend/src/pages/ReservationDetails/ReservationDetailsRenter/ReservationDetailsRenter.tsx": {"path":"/home/maria/studia/gameshare-app/frontend/src/pages/ReservationDetails/ReservationDetailsRenter/ReservationDetailsRenter.tsx","statementMap":{},"fnMap":{},"branchMap":{},"s":{},"f":{},"b":{}}
,"/home/maria/studia/gameshare-app/frontend/src/pages/ReservationDetails/ReservationDetailsRenter/index.ts": {"path":"/home/maria/studia/gameshare-app/frontend/src/pages/ReservationDetails/ReservationDetailsRenter/index.ts","statementMap":{},"fnMap":{},"branchMap":{},"s":{},"f":{},"b":{}}
,"/home/maria/studia/gameshare-app/frontend/src/pages/ReservationsHistory/ReservationCard.tsx": {"path":"/home/maria/studia/gameshare-app/frontend/src/pages/ReservationsHistory/ReservationCard.tsx","statementMap":{},"fnMap":{},"branchMap":{},"s":{},"f":{},"b":{}}
,"/home/maria/studia/gameshare-app/frontend/src/pages/ReservationsHistory/ReservationsHistory.tsx": {"path":"/home/maria/studia/gameshare-app/frontend/src/pages/ReservationsHistory/ReservationsHistory.tsx","statementMap":{},"fnMap":{},"branchMap":{},"s":{},"f":{},"b":{}}
,"/home/maria/studia/gameshare-app/frontend/src/pages/ReservationsHistory/ReservationsList.tsx": {"path":"/home/maria/studia/gameshare-app/frontend/src/pages/ReservationsHistory/ReservationsList.tsx","statementMap":{},"fnMap":{},"branchMap":{},"s":{},"f":{},"b":{}}
,"/home/maria/studia/gameshare-app/frontend/src/pages/ReservationsHistory/ReservationsSideBar.tsx": {"path":"/home/maria/studia/gameshare-app/frontend/src/pages/ReservationsHistory/ReservationsSideBar.tsx","statementMap":{},"fnMap":{},"branchMap":{},"s":{},"f":{},"b":{}}
,"/home/maria/studia/gameshare-app/frontend/src/pages/ReservationsHistory/index.ts": {"path":"/home/maria/studia/gameshare-app/frontend/src/pages/ReservationsHistory/index.ts","statementMap":{},"fnMap":{},"branchMap":{},"s":{},"f":{},"b":{}}
,"/home/maria/studia/gameshare-app/frontend/src/pages/UserProfile/AddUserOpinionModal.tsx": {"path":"/home/maria/studia/gameshare-app/frontend/src/pages/UserProfile/AddUserOpinionModal.tsx","statementMap":{},"fnMap":{},"branchMap":{},"s":{},"f":{},"b":{}}
,"/home/maria/studia/gameshare-app/frontend/src/pages/UserProfile/UserProfile.tsx": {"path":"/home/maria/studia/gameshare-app/frontend/src/pages/UserProfile/UserProfile.tsx","statementMap":{},"fnMap":{},"branchMap":{},"s":{},"f":{},"b":{}}
,"/home/maria/studia/gameshare-app/frontend/src/pages/UserProfile/index.ts": {"path":"/home/maria/studia/gameshare-app/frontend/src/pages/UserProfile/index.ts","statementMap":{},"fnMap":{},"branchMap":{},"s":{},"f":{},"b":{}}
,"/home/maria/studia/gameshare-app/frontend/src/state/isRoleFetched.ts": {"path":"/home/maria/studia/gameshare-app/frontend/src/state/isRoleFetched.ts","statementMap":{},"fnMap":{},"branchMap":{},"s":{},"f":{},"b":{}}
,"/home/maria/studia/gameshare-app/frontend/src/state/location.ts": {"path":"/home/maria/studia/gameshare-app/frontend/src/state/location.ts","statementMap":{},"fnMap":{},"branchMap":{},"s":{},"f":{},"b":{}}
,"/home/maria/studia/gameshare-app/frontend/src/state/registerForm.ts": {"path":"/home/maria/studia/gameshare-app/frontend/src/state/registerForm.ts","statementMap":{},"fnMap":{},"branchMap":{},"s":{},"f":{},"b":{}}
,"/home/maria/studia/gameshare-app/frontend/src/state/role.ts": {"path":"/home/maria/studia/gameshare-app/frontend/src/state/role.ts","statementMap":{},"fnMap":{},"branchMap":{},"s":{},"f":{},"b":{}}
,"/home/maria/studia/gameshare-app/frontend/src/state/token.ts": {"path":"/home/maria/studia/gameshare-app/frontend/src/state/token.ts","statementMap":{},"fnMap":{},"branchMap":{},"s":{},"f":{},"b":{}}
,"/home/maria/studia/gameshare-app/frontend/src/types/Category.ts": {"path":"/home/maria/studia/gameshare-app/frontend/src/types/Category.ts","statementMap":{},"fnMap":{},"branchMap":{},"s":{},"f":{},"b":{}}
,"/home/maria/studia/gameshare-app/frontend/src/types/Game.ts": {"path":"/home/maria/studia/gameshare-app/frontend/src/types/Game.ts","statementMap":{},"fnMap":{},"branchMap":{},"s":{},"f":{},"b":{}}
,"/home/maria/studia/gameshare-app/frontend/src/types/GameInstance.ts": {"path":"/home/maria/studia/gameshare-app/frontend/src/types/GameInstance.ts","statementMap":{},"fnMap":{},"branchMap":{},"s":{},"f":{},"b":{}}
,"/home/maria/studia/gameshare-app/frontend/src/types/Image.ts": {"path":"/home/maria/studia/gameshare-app/frontend/src/types/Image.ts","statementMap":{},"fnMap":{},"branchMap":{},"s":{},"f":{},"b":{}}
,"/home/maria/studia/gameshare-app/frontend/src/types/Opinion.ts": {"path":"/home/maria/studia/gameshare-app/frontend/src/types/Opinion.ts","statementMap":{},"fnMap":{},"branchMap":{},"s":{},"f":{},"b":{}}
,"/home/maria/studia/gameshare-app/frontend/src/types/Paginated.ts": {"path":"/home/maria/studia/gameshare-app/frontend/src/types/Paginated.ts","statementMap":{},"fnMap":{},"branchMap":{},"s":{},"f":{},"b":{}}
,"/home/maria/studia/gameshare-app/frontend/src/types/Reservation.ts": {"path":"/home/maria/studia/gameshare-app/frontend/src/types/Reservation.ts","statementMap":{},"fnMap":{},"branchMap":{},"s":{},"f":{},"b":{}}
,"/home/maria/studia/gameshare-app/frontend/src/types/Role.ts": {"path":"/home/maria/studia/gameshare-app/frontend/src/types/Role.ts","statementMap":{},"fnMap":{},"branchMap":{},"s":{},"f":{},"b":{}}
,"/home/maria/studia/gameshare-app/frontend/src/types/User.ts": {"path":"/home/maria/studia/gameshare-app/frontend/src/types/User.ts","statementMap":{},"fnMap":{},"branchMap":{},"s":{},"f":{},"b":{}}
,"/home/maria/studia/gameshare-app/frontend/src/utils/date.ts": {"path":"/home/maria/studia/gameshare-app/frontend/src/utils/date.ts","statementMap":{},"fnMap":{},"branchMap":{},"s":{},"f":{},"b":{}}
,"/home/maria/studia/gameshare-app/frontend/src/utils/stringToColor.ts": {"path":"/home/maria/studia/gameshare-app/frontend/src/utils/stringToColor.ts","statementMap":{},"fnMap":{},"branchMap":{},"s":{},"f":{},"b":{}}
,"/home/maria/studia/gameshare-app/frontend/src/utils/tailwind.ts": {"path":"/home/maria/studia/gameshare-app/frontend/src/utils/tailwind.ts","statementMap":{"0":{"start":{"line":5,"column":2},"end":{"line":5,"column":null}}},"fnMap":{"0":{"name":"cn","decl":{"start":{"line":4,"column":16},"end":{"line":4,"column":19}},"loc":{"start":{"line":4,"column":42},"end":{"line":6,"column":null}}}},"branchMap":{},"s":{"0":4},"f":{"0":4},"b":{}}
,"/home/maria/studia/gameshare-app/frontend/src/utils/user.ts": {"path":"/home/maria/studia/gameshare-app/frontend/src/utils/user.ts","statementMap":{},"fnMap":{},"branchMap":{},"s":{},"f":{},"b":{}}
}
