TN:
SF:src/App.tsx
FNF:0
FNH:0
LF:0
LH:0
BRF:0
BRH:0
end_of_record
TN:
SF:src/Layout.tsx
FNF:0
FNH:0
LF:0
LH:0
BRF:0
BRH:0
end_of_record
TN:
SF:src/ProtectedRoute.tsx
FNF:0
FNH:0
LF:0
LH:0
BRF:0
BRH:0
end_of_record
TN:
SF:src/ThemeProvider.tsx
FN:18,(anonymous_0)
FN:23,ThemeProvider
FN:30,(anonymous_2)
FN:33,(anonymous_3)
FN:52,(anonymous_4)
FN:65,(anonymous_5)
FNF:6
FNH:3
FNDA:0,(anonymous_0)
FNDA:27,ThemeProvider
FNDA:27,(anonymous_2)
FNDA:27,(anonymous_3)
FNDA:0,(anonymous_4)
FNDA:0,(anonymous_5)
DA:16,7
DA:18,0
DA:21,7
DA:23,14
DA:29,27
DA:30,27
DA:33,27
DA:34,27
DA:36,27
DA:38,27
DA:39,27
DA:43,27
DA:44,27
DA:47,0
DA:50,27
DA:53,0
DA:54,0
DA:65,7
DA:66,0
DA:68,0
DA:70,0
LF:21
LH:14
BRDA:25,0,0,27
BRDA:26,1,0,27
BRDA:30,2,0,27
BRDA:30,2,1,27
BRDA:38,3,0,27
BRDA:39,4,0,0
BRDA:39,4,1,27
BRDA:68,5,0,0
BRF:8
BRH:6
end_of_record
TN:
SF:src/main.tsx
FNF:0
FNH:0
LF:0
LH:0
BRF:0
BRH:0
end_of_record
TN:
SF:src/components/AddGameForm.tsx
FNF:0
FNH:0
LF:0
LH:0
BRF:0
BRH:0
end_of_record
TN:
SF:src/components/Avatar.tsx
FN:15,(anonymous_0)
FNF:1
FNH:1
FNDA:54,(anonymous_0)
DA:15,7
LF:1
LH:1
BRDA:19,0,0,54
BRF:1
BRH:1
end_of_record
TN:
SF:src/components/CategoryCard.tsx
FNF:0
FNH:0
LF:0
LH:0
BRF:0
BRH:0
end_of_record
TN:
SF:src/components/GameDetailsCard.tsx
FNF:0
FNH:0
LF:0
LH:0
BRF:0
BRH:0
end_of_record
TN:
SF:src/components/GameInstanceDetailsCard.tsx
FNF:0
FNH:0
LF:0
LH:0
BRF:0
BRH:0
end_of_record
TN:
SF:src/components/SelectInput.tsx
FNF:0
FNH:0
LF:0
LH:0
BRF:0
BRH:0
end_of_record
TN:
SF:src/components/UserDetails.tsx
FNF:0
FNH:0
LF:0
LH:0
BRF:0
BRH:0
end_of_record
TN:
SF:src/components/UserFilter.tsx
FNF:0
FNH:0
LF:0
LH:0
BRF:0
BRH:0
end_of_record
TN:
SF:src/components/Badge/AgeBadge.tsx
FNF:0
FNH:0
LF:0
LH:0
BRF:0
BRH:0
end_of_record
TN:
SF:src/components/Badge/PlayersBadge.tsx
FNF:0
FNH:0
LF:0
LH:0
BRF:0
BRH:0
end_of_record
TN:
SF:src/components/Badge/PriceBadge.tsx
FNF:0
FNH:0
LF:0
LH:0
BRF:0
BRH:0
end_of_record
TN:
SF:src/components/Badge/TimeBadge.tsx
FNF:0
FNH:0
LF:0
LH:0
BRF:0
BRH:0
end_of_record
TN:
SF:src/components/Badge/index.ts
FNF:0
FNH:0
LF:0
LH:0
BRF:0
BRH:0
end_of_record
TN:
SF:src/components/Calendar/AvailabilityCalendar.tsx
FNF:0
FNH:0
LF:0
LH:0
BRF:0
BRH:0
end_of_record
TN:
SF:src/components/Calendar/Calendar.tsx
FNF:0
FNH:0
LF:0
LH:0
BRF:0
BRH:0
end_of_record
TN:
SF:src/components/Calendar/ReservationsCalendar.tsx
FNF:0
FNH:0
LF:0
LH:0
BRF:0
BRH:0
end_of_record
TN:
SF:src/components/Calendar/index.ts
FNF:0
FNH:0
LF:0
LH:0
BRF:0
BRH:0
end_of_record
TN:
SF:src/components/GameSearch/GameSearchBar.tsx
FNF:0
FNH:0
LF:0
LH:0
BRF:0
BRH:0
end_of_record
TN:
SF:src/components/GameSearch/GameSearchCard.tsx
FNF:0
FNH:0
LF:0
LH:0
BRF:0
BRH:0
end_of_record
TN:
SF:src/components/GameSearch/SelectCategory.tsx
FNF:0
FNH:0
LF:0
LH:0
BRF:0
BRH:0
end_of_record
TN:
SF:src/components/GameSearch/index.ts
FNF:0
FNH:0
LF:0
LH:0
BRF:0
BRH:0
end_of_record
TN:
SF:src/components/Map/LoadingMap.tsx
FNF:0
FNH:0
LF:0
LH:0
BRF:0
BRH:0
end_of_record
TN:
SF:src/components/Map/LocationButton.tsx
FNF:0
FNH:0
LF:0
LH:0
BRF:0
BRH:0
end_of_record
TN:
SF:src/components/Map/LocationMarker.tsx
FNF:0
FNH:0
LF:0
LH:0
BRF:0
BRH:0
end_of_record
TN:
SF:src/components/Map/Map.tsx
FNF:0
FNH:0
LF:0
LH:0
BRF:0
BRH:0
end_of_record
TN:
SF:src/components/Map/UserMarker.tsx
FNF:0
FNH:0
LF:0
LH:0
BRF:0
BRH:0
end_of_record
TN:
SF:src/components/Map/index.ts
FNF:0
FNH:0
LF:0
LH:0
BRF:0
BRH:0
end_of_record
TN:
SF:src/components/Opinions/Opinion.tsx
FN:12,(anonymous_0)
FN:15,(anonymous_1)
FNF:2
FNH:1
FNDA:54,(anonymous_0)
FNDA:0,(anonymous_1)
DA:12,7
DA:13,54
DA:14,54
DA:15,54
LF:4
LH:4
BRDA:37,0,0,0
BRDA:50,1,0,54
BRF:2
BRH:1
end_of_record
TN:
SF:src/components/Opinions/Opinions.tsx
FN:15,(anonymous_0)
FN:23,(anonymous_1)
FN:49,(anonymous_3)
FNF:3
FNH:3
FNDA:52,(anonymous_0)
FNDA:25,(anonymous_1)
FNDA:54,(anonymous_3)
DA:15,7
DA:16,52
DA:21,52
DA:24,25
DA:49,54
LF:5
LH:5
BRDA:24,0,0,6
BRDA:24,0,1,19
BRDA:26,1,0,19
BRDA:26,1,1,0
BRDA:32,2,0,52
BRDA:36,3,0,25
BRDA:42,4,0,4
BRDA:46,5,0,21
BRDA:49,6,0,18
BRDA:52,7,0,0
BRDA:52,7,1,3
BRF:11
BRH:9
end_of_record
TN:
SF:src/components/Opinions/index.ts
FNF:0
FNH:0
LF:0
LH:0
BRF:0
BRH:0
end_of_record
TN:
SF:src/components/SideNav/LanguageToggle.tsx
FNF:0
FNH:0
LF:0
LH:0
BRF:0
BRH:0
end_of_record
TN:
SF:src/components/SideNav/LoginButton.tsx
FNF:0
FNH:0
LF:0
LH:0
BRF:0
BRH:0
end_of_record
TN:
SF:src/components/SideNav/LogoutButton.tsx
FNF:0
FNH:0
LF:0
LH:0
BRF:0
BRH:0
end_of_record
TN:
SF:src/components/SideNav/ModeToggle.tsx
FNF:0
FNH:0
LF:0
LH:0
BRF:0
BRH:0
end_of_record
TN:
SF:src/components/SideNav/SideNav.tsx
FNF:0
FNH:0
LF:0
LH:0
BRF:0
BRH:0
end_of_record
TN:
SF:src/components/SideNav/SideNavLink.tsx
FNF:0
FNH:0
LF:0
LH:0
BRF:0
BRH:0
end_of_record
TN:
SF:src/components/SideNav/UserItem.tsx
FNF:0
FNH:0
LF:0
LH:0
BRF:0
BRH:0
end_of_record
TN:
SF:src/components/SideNav/index.ts
FNF:0
FNH:0
LF:0
LH:0
BRF:0
BRH:0
end_of_record
TN:
SF:src/components/Stars/Stars.tsx
FN:10,(anonymous_0)
FN:26,(anonymous_2)
FNF:2
FNH:2
FNDA:54,(anonymous_0)
FNDA:270,(anonymous_2)
DA:10,7
DA:26,7
LF:2
LH:2
BRDA:10,0,0,54
BRDA:10,1,0,54
BRDA:26,2,0,0
BRDA:30,3,0,270
BRDA:30,3,1,0
BRDA:32,4,0,108
BRDA:32,4,1,162
BRDA:32,5,0,108
BRDA:32,5,1,0
BRF:9
BRH:6
end_of_record
TN:
SF:src/components/Stars/StarsInput.tsx
FN:8,(anonymous_0)
FN:19,(anonymous_2)
FN:20,(anonymous_3)
FN:21,(anonymous_4)
FN:38,(anonymous_5)
FNF:5
FNH:0
FNDA:0,(anonymous_0)
FNDA:0,(anonymous_2)
FNDA:0,(anonymous_3)
FNDA:0,(anonymous_4)
FNDA:0,(anonymous_5)
DA:8,14
DA:9,0
DA:10,0
DA:19,0
DA:20,0
DA:21,0
DA:38,7
LF:7
LH:2
BRDA:8,0,0,0
BRDA:40,1,0,0
BRDA:51,2,0,0
BRDA:51,2,1,0
BRDA:53,3,0,0
BRDA:53,3,1,0
BRDA:54,4,0,0
BRDA:54,4,1,0
BRF:8
BRH:0
end_of_record
TN:
SF:src/components/UserForm/EditUserForm.tsx
FNF:0
FNH:0
LF:0
LH:0
BRF:0
BRH:0
end_of_record
TN:
SF:src/components/UserForm/RegisterUserForm.tsx
FNF:0
FNH:0
LF:0
LH:0
BRF:0
BRH:0
end_of_record
TN:
SF:src/components/UserForm/UserForm.tsx
FNF:0
FNH:0
LF:0
LH:0
BRF:0
BRH:0
end_of_record
TN:
SF:src/components/UserForm/index.ts
FNF:0
FNH:0
LF:0
LH:0
BRF:0
BRH:0
end_of_record
TN:
SF:src/components/UserGameInstances/GameInstance.tsx
FNF:0
FNH:0
LF:0
LH:0
BRF:0
BRH:0
end_of_record
TN:
SF:src/components/UserGameInstances/GameInstanceAddForm.tsx
FNF:0
FNH:0
LF:0
LH:0
BRF:0
BRH:0
end_of_record
TN:
SF:src/components/UserGameInstances/GameInstancesSection.tsx
FNF:0
FNH:0
LF:0
LH:0
BRF:0
BRH:0
end_of_record
TN:
SF:src/components/UserGameInstances/GameReservations.tsx
FNF:0
FNH:0
LF:0
LH:0
BRF:0
BRH:0
end_of_record
TN:
SF:src/components/UserGameInstances/index.ts
FNF:0
FNH:0
LF:0
LH:0
BRF:0
BRH:0
end_of_record
TN:
SF:src/constants/languages.ts
FNF:0
FNH:0
LF:0
LH:0
BRF:0
BRH:0
end_of_record
TN:
SF:src/constants/lorem.ts
FNF:0
FNH:0
DA:2,7
LF:1
LH:1
BRF:0
BRH:0
end_of_record
TN:
SF:src/constants/reservationStatuses.ts
FNF:0
FNH:0
LF:0
LH:0
BRF:0
BRH:0
end_of_record
TN:
SF:src/constants/urls.ts
FNF:0
FNH:0
LF:0
LH:0
BRF:0
BRH:0
end_of_record
TN:
SF:src/pages/CategoryGameSearch/CategoryGameSearch.tsx
FNF:0
FNH:0
LF:0
LH:0
BRF:0
BRH:0
end_of_record
TN:
SF:src/pages/CategoryGameSearch/index.ts
FNF:0
FNH:0
LF:0
LH:0
BRF:0
BRH:0
end_of_record
TN:
SF:src/pages/Dashboard/Dashboard.tsx
FNF:0
FNH:0
LF:0
LH:0
BRF:0
BRH:0
end_of_record
TN:
SF:src/pages/Dashboard/GameInstanceSearchCard.tsx
FNF:0
FNH:0
LF:0
LH:0
BRF:0
BRH:0
end_of_record
TN:
SF:src/pages/Dashboard/GamesInstancesSearchResults.tsx
FNF:0
FNH:0
LF:0
LH:0
BRF:0
BRH:0
end_of_record
TN:
SF:src/pages/Dashboard/GamesSearch.tsx
FNF:0
FNH:0
LF:0
LH:0
BRF:0
BRH:0
end_of_record
TN:
SF:src/pages/Dashboard/index.ts
FNF:0
FNH:0
LF:0
LH:0
BRF:0
BRH:0
end_of_record
TN:
SF:src/pages/Dashboard/options.ts
FNF:0
FNH:0
LF:0
LH:0
BRF:0
BRH:0
end_of_record
TN:
SF:src/pages/Error/Error.tsx
FNF:0
FNH:0
LF:0
LH:0
BRF:0
BRH:0
end_of_record
TN:
SF:src/pages/Error/index.ts
FNF:0
FNH:0
LF:0
LH:0
BRF:0
BRH:0
end_of_record
TN:
SF:src/pages/Game/Game.tsx
FNF:0
FNH:0
LF:0
LH:0
BRF:0
BRH:0
end_of_record
TN:
SF:src/pages/Game/GameDetailsSection.tsx
FNF:0
FNH:0
LF:0
LH:0
BRF:0
BRH:0
end_of_record
TN:
SF:src/pages/Game/GameInstanceCard.tsx
FNF:0
FNH:0
LF:0
LH:0
BRF:0
BRH:0
end_of_record
TN:
SF:src/pages/Game/GameInstancesList.tsx
FNF:0
FNH:0
LF:0
LH:0
BRF:0
BRH:0
end_of_record
TN:
SF:src/pages/Game/GameInstancesSection.tsx
FNF:0
FNH:0
LF:0
LH:0
BRF:0
BRH:0
end_of_record
TN:
SF:src/pages/Game/LoadingGameDetailsSection.tsx
FNF:0
FNH:0
LF:0
LH:0
BRF:0
BRH:0
end_of_record
TN:
SF:src/pages/Game/index.ts
FNF:0
FNH:0
LF:0
LH:0
BRF:0
BRH:0
end_of_record
TN:
SF:src/pages/GameInstance/GameCalendar.tsx
FNF:0
FNH:0
LF:0
LH:0
BRF:0
BRH:0
end_of_record
TN:
SF:src/pages/GameInstance/GameInstance.tsx
FNF:0
FNH:0
LF:0
LH:0
BRF:0
BRH:0
end_of_record
TN:
SF:src/pages/GameInstance/GameInstanceDetailsSection.tsx
FNF:0
FNH:0
LF:0
LH:0
BRF:0
BRH:0
end_of_record
TN:
SF:src/pages/GameInstance/GameInstanceOpinions.tsx
FNF:0
FNH:0
LF:0
LH:0
BRF:0
BRH:0
end_of_record
TN:
SF:src/pages/GameInstance/GameInstanceUserDetailsSection.tsx
FNF:0
FNH:0
LF:0
LH:0
BRF:0
BRH:0
end_of_record
TN:
SF:src/pages/GameInstance/ReservationForm.tsx
FNF:0
FNH:0
LF:0
LH:0
BRF:0
BRH:0
end_of_record
TN:
SF:src/pages/GameInstance/index.ts
FNF:0
FNH:0
LF:0
LH:0
BRF:0
BRH:0
end_of_record
TN:
SF:src/pages/GameRequests/GameRequest.tsx
FNF:0
FNH:0
LF:0
LH:0
BRF:0
BRH:0
end_of_record
TN:
SF:src/pages/GameRequests/GameRequests.tsx
FNF:0
FNH:0
LF:0
LH:0
BRF:0
BRH:0
end_of_record
TN:
SF:src/pages/GameRequests/index.ts
FNF:0
FNH:0
LF:0
LH:0
BRF:0
BRH:0
end_of_record
TN:
SF:src/pages/GameSearch/CategoriesSection.tsx
FNF:0
FNH:0
LF:0
LH:0
BRF:0
BRH:0
end_of_record
TN:
SF:src/pages/GameSearch/Game.tsx
FNF:0
FNH:0
LF:0
LH:0
BRF:0
BRH:0
end_of_record
TN:
SF:src/pages/GameSearch/GameSearch.tsx
FNF:0
FNH:0
LF:0
LH:0
BRF:0
BRH:0
end_of_record
TN:
SF:src/pages/GameSearch/PopularGamesSection.tsx
FNF:0
FNH:0
LF:0
LH:0
BRF:0
BRH:0
end_of_record
TN:
SF:src/pages/GameSearch/RecommendedGamesSection.tsx
FNF:0
FNH:0
LF:0
LH:0
BRF:0
BRH:0
end_of_record
TN:
SF:src/pages/GameSearch/index.ts
FNF:0
FNH:0
LF:0
LH:0
BRF:0
BRH:0
end_of_record
TN:
SF:src/pages/MyProfile/MyProfile.tsx
FNF:0
FNH:0
LF:0
LH:0
BRF:0
BRH:0
end_of_record
TN:
SF:src/pages/MyProfile/index.ts
FNF:0
FNH:0
LF:0
LH:0
BRF:0
BRH:0
end_of_record
TN:
SF:src/pages/ReservationDetails/GameInstanceDetails.tsx
FNF:0
FNH:0
LF:0
LH:0
BRF:0
BRH:0
end_of_record
TN:
SF:src/pages/ReservationDetails/OpinionSection.tsx
FNF:0
FNH:0
LF:0
LH:0
BRF:0
BRH:0
end_of_record
TN:
SF:src/pages/ReservationDetails/ReservationDetails.tsx
FNF:0
FNH:0
LF:0
LH:0
BRF:0
BRH:0
end_of_record
TN:
SF:src/pages/ReservationDetails/ReservationDetailsStatus.tsx
FNF:0
FNH:0
LF:0
LH:0
BRF:0
BRH:0
end_of_record
TN:
SF:src/pages/ReservationDetails/ReservationDetailsTable.tsx
FNF:0
FNH:0
LF:0
LH:0
BRF:0
BRH:0
end_of_record
TN:
SF:src/pages/ReservationDetails/UserDetailsSection.tsx
FNF:0
FNH:0
LF:0
LH:0
BRF:0
BRH:0
end_of_record
TN:
SF:src/pages/ReservationDetails/index.ts
FNF:0
FNH:0
LF:0
LH:0
BRF:0
BRH:0
end_of_record
TN:
SF:src/pages/ReservationDetails/ReservationDetailsOwner/OpinionAboutRenter.tsx
FNF:0
FNH:0
LF:0
LH:0
BRF:0
BRH:0
end_of_record
TN:
SF:src/pages/ReservationDetails/ReservationDetailsOwner/ReservationDetailsOwner.tsx
FNF:0
FNH:0
LF:0
LH:0
BRF:0
BRH:0
end_of_record
TN:
SF:src/pages/ReservationDetails/ReservationDetailsOwner/index.ts
FNF:0
FNH:0
LF:0
LH:0
BRF:0
BRH:0
end_of_record
TN:
SF:src/pages/ReservationDetails/ReservationDetailsRenter/OpinionAboutGameInstance.tsx
FNF:0
FNH:0
LF:0
LH:0
BRF:0
BRH:0
end_of_record
TN:
SF:src/pages/ReservationDetails/ReservationDetailsRenter/OpinionAboutOwner.tsx
FNF:0
FNH:0
LF:0
LH:0
BRF:0
BRH:0
end_of_record
TN:
SF:src/pages/ReservationDetails/ReservationDetailsRenter/ReservationDetailsRenter.tsx
FNF:0
FNH:0
LF:0
LH:0
BRF:0
BRH:0
end_of_record
TN:
SF:src/pages/ReservationDetails/ReservationDetailsRenter/index.ts
FNF:0
FNH:0
LF:0
LH:0
BRF:0
BRH:0
end_of_record
TN:
SF:src/pages/ReservationsHistory/ReservationCard.tsx
FNF:0
FNH:0
LF:0
LH:0
BRF:0
BRH:0
end_of_record
TN:
SF:src/pages/ReservationsHistory/ReservationsHistory.tsx
FNF:0
FNH:0
LF:0
LH:0
BRF:0
BRH:0
end_of_record
TN:
SF:src/pages/ReservationsHistory/ReservationsList.tsx
FNF:0
FNH:0
LF:0
LH:0
BRF:0
BRH:0
end_of_record
TN:
SF:src/pages/ReservationsHistory/ReservationsSideBar.tsx
FNF:0
FNH:0
LF:0
LH:0
BRF:0
BRH:0
end_of_record
TN:
SF:src/pages/ReservationsHistory/index.ts
FNF:0
FNH:0
LF:0
LH:0
BRF:0
BRH:0
end_of_record
TN:
SF:src/pages/UserProfile/AddUserOpinionModal.tsx
FNF:0
FNH:0
LF:0
LH:0
BRF:0
BRH:0
end_of_record
TN:
SF:src/pages/UserProfile/UserProfile.tsx
FNF:0
FNH:0
LF:0
LH:0
BRF:0
BRH:0
end_of_record
TN:
SF:src/pages/UserProfile/index.ts
FNF:0
FNH:0
LF:0
LH:0
BRF:0
BRH:0
end_of_record
TN:
SF:src/state/isRoleFetched.ts
FNF:0
FNH:0
LF:0
LH:0
BRF:0
BRH:0
end_of_record
TN:
SF:src/state/location.ts
FNF:0
FNH:0
LF:0
LH:0
BRF:0
BRH:0
end_of_record
TN:
SF:src/state/registerForm.ts
FNF:0
FNH:0
LF:0
LH:0
BRF:0
BRH:0
end_of_record
TN:
SF:src/state/role.ts
FNF:0
FNH:0
LF:0
LH:0
BRF:0
BRH:0
end_of_record
TN:
SF:src/state/token.ts
FNF:0
FNH:0
LF:0
LH:0
BRF:0
BRH:0
end_of_record
TN:
SF:src/utils/date.ts
FNF:0
FNH:0
LF:0
LH:0
BRF:0
BRH:0
end_of_record
TN:
SF:src/utils/stringToColor.ts
FNF:0
FNH:0
LF:0
LH:0
BRF:0
BRH:0
end_of_record
TN:
SF:src/utils/tailwind.ts
FN:4,cn
FNF:1
FNH:1
FNDA:503,cn
DA:5,503
LF:1
LH:1
BRF:0
BRH:0
end_of_record
TN:
SF:src/utils/user.ts
FN:3,(anonymous_0)
FN:5,(anonymous_1)
FN:7,(anonymous_2)
FN:10,(anonymous_3)
FN:12,(anonymous_4)
FNF:5
FNH:2
FNDA:54,(anonymous_0)
FNDA:0,(anonymous_1)
FNDA:54,(anonymous_2)
FNDA:0,(anonymous_3)
FNDA:0,(anonymous_4)
DA:3,54
DA:5,7
DA:7,7
DA:8,54
DA:10,7
DA:12,7
DA:13,0
LF:7
LH:6
BRDA:8,0,0,54
BRDA:8,0,1,0
BRDA:8,1,0,54
BRDA:8,1,1,0
BRDA:13,2,0,0
BRDA:13,2,1,0
BRF:6
BRH:2
end_of_record
