{
  "/home/maria/studia/gameshare-app/frontend/src/components/ThemeProvider.tsx": {
    "path": "/home/maria/studia/gameshare-app/frontend/src/components/ThemeProvider.tsx",
    "statementMap": {
      "0": {
        "start": {
          "line": 3,
          "column": 0
        },
        "end": {
          "line": 3,
          "column": 104
        }
      },
      "1": {
        "start": {
          "line": 3,
          "column": 26
        },
        "end": {
          "line": 3,
          "column": 104
        }
      },
      "2": {
        "start": {
          "line": 4,
          "column": 23
        },
        "end": {
          "line": 4,
          "column": 42
        }
      },
      "3": {
        "start": {
          "line": 5,
          "column": 23
        },
        "end": {
          "line": 5,
          "column": 42
        }
      },
      "4": {
        "start": {
          "line": 6,
          "column": 0
        },
        "end": {
          "line": 6,
          "column": 129
        }
      },
      "5": {
        "start": {
          "line": 7,
          "column": 0
        },
        "end": {
          "line": 7,
          "column": 73
        }
      },
      "6": {
        "start": {
          "line": 10,
          "column": 9
        },
        "end": {
          "line": 10,
          "column": 23
        }
      },
      "7": {
        "start": {
          "line": 10,
          "column": 31
        },
        "end": {
          "line": 10,
          "column": 45
        }
      },
      "8": {
        "start": {
          "line": 12,
          "column": 21
        },
        "end": {
          "line": 15,
          "column": 1
        }
      },
      "9": {
        "start": {
          "line": 14,
          "column": 18
        },
        "end": {
          "line": 14,
          "column": 22
        }
      },
      "10": {
        "start": {
          "line": 16,
          "column": 43
        },
        "end": {
          "line": 16,
          "column": 70
        }
      },
      "11": {
        "start": {
          "line": 18,
          "column": 4
        },
        "end": {
          "line": 18,
          "column": 9
        }
      },
      "12": {
        "start": {
          "line": 19,
          "column": 30
        },
        "end": {
          "line": 19,
          "column": 92
        }
      },
      "13": {
        "start": {
          "line": 19,
          "column": 43
        },
        "end": {
          "line": 19,
          "column": 91
        }
      },
      "14": {
        "start": {
          "line": 20,
          "column": 4
        },
        "end": {
          "line": 31,
          "column": 7
        }
      },
      "15": {
        "start": {
          "line": 21,
          "column": 21
        },
        "end": {
          "line": 21,
          "column": 52
        }
      },
      "16": {
        "start": {
          "line": 22,
          "column": 8
        },
        "end": {
          "line": 22,
          "column": 47
        }
      },
      "17": {
        "start": {
          "line": 23,
          "column": 8
        },
        "end": {
          "line": 27,
          "column": 9
        }
      },
      "18": {
        "start": {
          "line": 24,
          "column": 32
        },
        "end": {
          "line": 24,
          "column": 108
        }
      },
      "19": {
        "start": {
          "line": 25,
          "column": 12
        },
        "end": {
          "line": 25,
          "column": 44
        }
      },
      "20": {
        "start": {
          "line": 26,
          "column": 12
        },
        "end": {
          "line": 26,
          "column": 19
        }
      },
      "21": {
        "start": {
          "line": 28,
          "column": 8
        },
        "end": {
          "line": 28,
          "column": 34
        }
      },
      "22": {
        "start": {
          "line": 32,
          "column": 18
        },
        "end": {
          "line": 38,
          "column": 5
        }
      },
      "23": {
        "start": {
          "line": 35,
          "column": 12
        },
        "end": {
          "line": 35,
          "column": 52
        }
      },
      "24": {
        "start": {
          "line": 36,
          "column": 12
        },
        "end": {
          "line": 36,
          "column": 28
        }
      },
      "25": {
        "start": {
          "line": 39,
          "column": 4
        },
        "end": {
          "line": 47,
          "column": 13
        }
      },
      "26": {
        "start": {
          "line": 49,
          "column": 0
        },
        "end": {
          "line": 49,
          "column": 50
        }
      },
      "27": {
        "start": {
          "line": 50,
          "column": 0
        },
        "end": {
          "line": 50,
          "column": 19
        }
      },
      "28": {
        "start": {
          "line": 51,
          "column": 24
        },
        "end": {
          "line": 56,
          "column": 1
        }
      },
      "29": {
        "start": {
          "line": 52,
          "column": 4
        },
        "end": {
          "line": 52,
          "column": 10
        }
      },
      "30": {
        "start": {
          "line": 53,
          "column": 20
        },
        "end": {
          "line": 53,
          "column": 52
        }
      },
      "31": {
        "start": {
          "line": 54,
          "column": 4
        },
        "end": {
          "line": 54,
          "column": 95
        }
      },
      "32": {
        "start": {
          "line": 54,
          "column": 31
        },
        "end": {
          "line": 54,
          "column": 95
        }
      },
      "33": {
        "start": {
          "line": 55,
          "column": 4
        },
        "end": {
          "line": 55,
          "column": 19
        }
      },
      "34": {
        "start": {
          "line": 57,
          "column": 0
        },
        "end": {
          "line": 57,
          "column": 46
        }
      },
      "35": {
        "start": {
          "line": 59,
          "column": 0
        },
        "end": {
          "line": 59,
          "column": 34
        }
      },
      "36": {
        "start": {
          "line": 62,
          "column": 0
        },
        "end": {
          "line": 62,
          "column": 37
        }
      },
      "37": {
        "start": {
          "line": 63,
          "column": 0
        },
        "end": {
          "line": 63,
          "column": 37
        }
      },
      "38": {
        "start": {
          "line": 64,
          "column": 0
        },
        "end": {
          "line": 71,
          "column": 3
        }
      },
      "39": {
        "start": {
          "line": 65,
          "column": 2
        },
        "end": {
          "line": 65,
          "column": 142
        }
      },
      "40": {
        "start": {
          "line": 66,
          "column": 2
        },
        "end": {
          "line": 70,
          "column": 5
        }
      },
      "41": {
        "start": {
          "line": 67,
          "column": 4
        },
        "end": {
          "line": 67,
          "column": 29
        }
      },
      "42": {
        "start": {
          "line": 67,
          "column": 22
        },
        "end": {
          "line": 67,
          "column": 29
        }
      },
      "43": {
        "start": {
          "line": 68,
          "column": 30
        },
        "end": {
          "line": 68,
          "column": 113
        }
      },
      "44": {
        "start": {
          "line": 69,
          "column": 4
        },
        "end": {
          "line": 69,
          "column": 73
        }
      },
      "45": {
        "start": {
          "line": 69,
          "column": 27
        },
        "end": {
          "line": 69,
          "column": 73
        }
      }
    },
    "fnMap": {
      "0": {
        "name": "(anonymous_0)",
        "decl": {
          "start": {
            "line": 14,
            "column": 14
          },
          "end": {
            "line": 14,
            "column": 15
          }
        },
        "loc": {
          "start": {
            "line": 14,
            "column": 18
          },
          "end": {
            "line": 14,
            "column": 22
          }
        },
        "line": 14
      },
      "1": {
        "name": "ThemeProvider",
        "decl": {
          "start": {
            "line": 17,
            "column": 16
          },
          "end": {
            "line": 17,
            "column": 29
          }
        },
        "loc": {
          "start": {
            "line": 17,
            "column": 109
          },
          "end": {
            "line": 48,
            "column": 1
          }
        },
        "line": 17
      },
      "2": {
        "name": "(anonymous_2)",
        "decl": {
          "start": {
            "line": 19,
            "column": 39
          },
          "end": {
            "line": 19,
            "column": 40
          }
        },
        "loc": {
          "start": {
            "line": 19,
            "column": 43
          },
          "end": {
            "line": 19,
            "column": 91
          }
        },
        "line": 19
      },
      "3": {
        "name": "(anonymous_3)",
        "decl": {
          "start": {
            "line": 20,
            "column": 14
          },
          "end": {
            "line": 20,
            "column": 15
          }
        },
        "loc": {
          "start": {
            "line": 20,
            "column": 18
          },
          "end": {
            "line": 29,
            "column": 5
          }
        },
        "line": 20
      },
      "4": {
        "name": "(anonymous_4)",
        "decl": {
          "start": {
            "line": 34,
            "column": 18
          },
          "end": {
            "line": 34,
            "column": 19
          }
        },
        "loc": {
          "start": {
            "line": 34,
            "column": 27
          },
          "end": {
            "line": 37,
            "column": 9
          }
        },
        "line": 34
      },
      "5": {
        "name": "(anonymous_5)",
        "decl": {
          "start": {
            "line": 51,
            "column": 24
          },
          "end": {
            "line": 51,
            "column": 25
          }
        },
        "loc": {
          "start": {
            "line": 51,
            "column": 28
          },
          "end": {
            "line": 56,
            "column": 1
          }
        },
        "line": 51
      },
      "6": {
        "name": "(anonymous_6)",
        "decl": {
          "start": {
            "line": 64,
            "column": 50
          },
          "end": {
            "line": 64,
            "column": 51
          }
        },
        "loc": {
          "start": {
            "line": 64,
            "column": 70
          },
          "end": {
            "line": 71,
            "column": 1
          }
        },
        "line": 64
      },
      "7": {
        "name": "(anonymous_7)",
        "decl": {
          "start": {
            "line": 66,
            "column": 25
          },
          "end": {
            "line": 66,
            "column": 26
          }
        },
        "loc": {
          "start": {
            "line": 66,
            "column": 42
          },
          "end": {
            "line": 70,
            "column": 3
          }
        },
        "line": 66
      }
    },
    "branchMap": {
      "0": {
        "loc": {
          "start": {
            "line": 3,
            "column": 0
          },
          "end": {
            "line": 3,
            "column": 104
          }
        },
        "type": "if",
        "locations": [
          {
            "start": {
              "line": 3,
              "column": 0
            },
            "end": {
              "line": 3,
              "column": 104
            }
          },
          {
            "start": {},
            "end": {}
          }
        ],
        "line": 3
      },
      "1": {
        "loc": {
          "start": {
            "line": 17,
            "column": 42
          },
          "end": {
            "line": 17,
            "column": 65
          }
        },
        "type": "default-arg",
        "locations": [
          {
            "start": {
              "line": 17,
              "column": 57
            },
            "end": {
              "line": 17,
              "column": 65
            }
          }
        ],
        "line": 17
      },
      "2": {
        "loc": {
          "start": {
            "line": 17,
            "column": 67
          },
          "end": {
            "line": 17,
            "column": 95
          }
        },
        "type": "default-arg",
        "locations": [
          {
            "start": {
              "line": 17,
              "column": 80
            },
            "end": {
              "line": 17,
              "column": 95
            }
          }
        ],
        "line": 17
      },
      "3": {
        "loc": {
          "start": {
            "line": 19,
            "column": 43
          },
          "end": {
            "line": 19,
            "column": 91
          }
        },
        "type": "binary-expr",
        "locations": [
          {
            "start": {
              "line": 19,
              "column": 43
            },
            "end": {
              "line": 19,
              "column": 75
            }
          },
          {
            "start": {
              "line": 19,
              "column": 79
            },
            "end": {
              "line": 19,
              "column": 91
            }
          }
        ],
        "line": 19
      },
      "4": {
        "loc": {
          "start": {
            "line": 23,
            "column": 8
          },
          "end": {
            "line": 27,
            "column": 9
          }
        },
        "type": "if",
        "locations": [
          {
            "start": {
              "line": 23,
              "column": 8
            },
            "end": {
              "line": 27,
              "column": 9
            }
          },
          {
            "start": {},
            "end": {}
          }
        ],
        "line": 23
      },
      "5": {
        "loc": {
          "start": {
            "line": 24,
            "column": 32
          },
          "end": {
            "line": 24,
            "column": 108
          }
        },
        "type": "cond-expr",
        "locations": [
          {
            "start": {
              "line": 24,
              "column": 92
            },
            "end": {
              "line": 24,
              "column": 98
            }
          },
          {
            "start": {
              "line": 24,
              "column": 101
            },
            "end": {
              "line": 24,
              "column": 108
            }
          }
        ],
        "line": 24
      },
      "6": {
        "loc": {
          "start": {
            "line": 54,
            "column": 4
          },
          "end": {
            "line": 54,
            "column": 95
          }
        },
        "type": "if",
        "locations": [
          {
            "start": {
              "line": 54,
              "column": 4
            },
            "end": {
              "line": 54,
              "column": 95
            }
          },
          {
            "start": {},
            "end": {}
          }
        ],
        "line": 54
      },
      "7": {
        "loc": {
          "start": {
            "line": 67,
            "column": 4
          },
          "end": {
            "line": 67,
            "column": 29
          }
        },
        "type": "if",
        "locations": [
          {
            "start": {
              "line": 67,
              "column": 4
            },
            "end": {
              "line": 67,
              "column": 29
            }
          },
          {
            "start": {},
            "end": {}
          }
        ],
        "line": 67
      },
      "8": {
        "loc": {
          "start": {
            "line": 69,
            "column": 4
          },
          "end": {
            "line": 69,
            "column": 73
          }
        },
        "type": "if",
        "locations": [
          {
            "start": {
              "line": 69,
              "column": 4
            },
            "end": {
              "line": 69,
              "column": 73
            }
          },
          {
            "start": {},
            "end": {}
          }
        ],
        "line": 69
      }
    },
    "s": {
      "0": 4,
      "1": 0,
      "2": 4,
      "3": 4,
      "4": 4,
      "5": 4,
      "6": 4,
      "7": 4,
      "8": 4,
      "9": 0,
      "10": 4,
      "11": 4,
      "12": 4,
      "13": 4,
      "14": 4,
      "15": 4,
      "16": 4,
      "17": 4,
      "18": 4,
      "19": 4,
      "20": 4,
      "21": 0,
      "22": 4,
      "23": 0,
      "24": 0,
      "25": 4,
      "26": 4,
      "27": 4,
      "28": 4,
      "29": 0,
      "30": 0,
      "31": 0,
      "32": 0,
      "33": 0,
      "34": 4,
      "35": 4,
      "36": 4,
      "37": 4,
      "38": 4,
      "39": 4,
      "40": 4,
      "41": 0,
      "42": 0,
      "43": 0,
      "44": 0,
      "45": 0
    },
    "f": {
      "0": 0,
      "1": 4,
      "2": 4,
      "3": 4,
      "4": 0,
      "5": 0,
      "6": 4,
      "7": 0
    },
    "b": {
      "0": [0, 4],
      "1": [4],
      "2": [4],
      "3": [4, 4],
      "4": [4, 0],
      "5": [0, 4],
      "6": [0, 0],
      "7": [0, 0],
      "8": [0, 0]
    },
    "inputSourceMap": {
      "version": 3,
      "sources": ["/home/maria/studia/gameshare-app/frontend/src/components/ThemeProvider.tsx"],
      "names": [
        "createContext",
        "useContext",
        "useEffect",
        "useState",
        "initialState",
        "theme",
        "setTheme",
        "ThemeProviderContext",
        "ThemeProvider",
        "children",
        "defaultTheme",
        "storageKey",
        "props",
        "localStorage",
        "getItem",
        "root",
        "window",
        "document",
        "documentElement",
        "classList",
        "remove",
        "systemTheme",
        "matchMedia",
        "matches",
        "add",
        "value",
        "setItem",
        "Provider",
        "useTheme",
        "context",
        "undefined",
        "Error"
      ],
      "mappings": ";;;;;;;;;;AAAA,SAASA,aAAa,EAAEC,UAAU,EAAEC,SAAS,EAAEC,QAAQ,QAAQ,QAAQ;AAevE,MAAMC,eAAmC;IACvCC,OAAO;IACPC,UAAU,IAAM;AAClB;AAEA,MAAMC,qCAAuBP,cAAkCI;AAE/D,OAAO,SAASI,cAAc,EAC5BC,QAAQ,EACRC,eAAe,QAAQ,EACvBC,aAAa,eAAe,EAC5B,GAAGC,OACgB;;IACnB,MAAM,CAACP,OAAOC,SAAS,GAAGH,SACxB,IAAM,AAACU,aAAaC,OAAO,CAACH,eAAyBD;IAGvDR,UAAU;QACR,MAAMa,OAAOC,OAAOC,QAAQ,CAACC,eAAe;QAE5CH,KAAKI,SAAS,CAACC,MAAM,CAAC,SAAS;QAE/B,IAAIf,UAAU,UAAU;YACtB,MAAMgB,cAAcL,OAAOM,UAAU,CAAC,gCAAgCC,OAAO,GACzE,SACA;YAEJR,KAAKI,SAAS,CAACK,GAAG,CAACH;YACnB;QACF;QAEAN,KAAKI,SAAS,CAACK,GAAG,CAACnB;IACrB,GAAG;QAACA;KAAM;IAEV,MAAMoB,QAAQ;QACZpB;QACAC,UAAU,CAACD;YACTQ,aAAaa,OAAO,CAACf,YAAYN;YACjCC,SAASD;QACX;IACF;IAEA,qBACE,QAACE,qBAAqBoB,QAAQ;QAAE,GAAGf,KAAK;QAAEa,OAAOA;kBAC9ChB;;;;;;AAGP;GAxCgBD;KAAAA;AA0ChB,OAAO,MAAMoB,WAAW;;IACtB,MAAMC,UAAU5B,WAAWM;IAE3B,IAAIsB,YAAYC,WAAW,MAAM,IAAIC,MAAM;IAE3C,OAAOF;AACT,EAAE;IANWD"
    },
    "_coverageSchema": "1a1c01bbd47fc00a2c39e90264f33305004495a9",
    "hash": "446dc0aecfcc1e1677144a890b4e62cf94d9377e"
  },
  "/home/maria/studia/gameshare-app/frontend/src/utils/tailwind.ts": {
    "path": "/home/maria/studia/gameshare-app/frontend/src/utils/tailwind.ts",
    "statementMap": {
      "0": {
        "start": {
          "line": 4,
          "column": 4
        },
        "end": {
          "line": 4,
          "column": 33
        }
      }
    },
    "fnMap": {
      "0": {
        "name": "cn",
        "decl": {
          "start": {
            "line": 3,
            "column": 16
          },
          "end": {
            "line": 3,
            "column": 18
          }
        },
        "loc": {
          "start": {
            "line": 3,
            "column": 30
          },
          "end": {
            "line": 5,
            "column": 1
          }
        },
        "line": 3
      }
    },
    "branchMap": {},
    "s": {
      "0": 24
    },
    "f": {
      "0": 24
    },
    "b": {},
    "inputSourceMap": {
      "version": 3,
      "sources": ["/home/maria/studia/gameshare-app/frontend/src/utils/tailwind.ts"],
      "names": ["clsx", "twMerge", "cn", "inputs"],
      "mappings": "AAAA,SAA0BA,IAAI,QAAQ,OAAO;AAC7C,SAASC,OAAO,QAAQ,iBAAiB;AAEzC,OAAO,SAASC,GAAG,GAAGC,MAAoB;IACxC,OAAOF,QAAQD,KAAKG;AACtB"
    },
    "_coverageSchema": "1a1c01bbd47fc00a2c39e90264f33305004495a9",
    "hash": "d001c98e56376ea9bf92c7837691daa6933e803e"
  },
  "/home/maria/studia/gameshare-app/frontend/src/components/ui/toast.tsx": {
    "path": "/home/maria/studia/gameshare-app/frontend/src/components/ui/toast.tsx",
    "statementMap": {
      "0": {
        "start": {
          "line": 3,
          "column": 0
        },
        "end": {
          "line": 3,
          "column": 104
        }
      },
      "1": {
        "start": {
          "line": 3,
          "column": 26
        },
        "end": {
          "line": 3,
          "column": 104
        }
      },
      "2": {
        "start": {
          "line": 4,
          "column": 23
        },
        "end": {
          "line": 4,
          "column": 42
        }
      },
      "3": {
        "start": {
          "line": 5,
          "column": 23
        },
        "end": {
          "line": 5,
          "column": 42
        }
      },
      "4": {
        "start": {
          "line": 6,
          "column": 0
        },
        "end": {
          "line": 6,
          "column": 124
        }
      },
      "5": {
        "start": {
          "line": 7,
          "column": 0
        },
        "end": {
          "line": 7,
          "column": 73
        }
      },
      "6": {
        "start": {
          "line": 15,
          "column": 22
        },
        "end": {
          "line": 15,
          "column": 46
        }
      },
      "7": {
        "start": {
          "line": 16,
          "column": 36
        },
        "end": {
          "line": 24,
          "column": 13
        }
      },
      "8": {
        "start": {
          "line": 16,
          "column": 104
        },
        "end": {
          "line": 24,
          "column": 12
        }
      },
      "9": {
        "start": {
          "line": 25,
          "column": 0
        },
        "end": {
          "line": 25,
          "column": 20
        }
      },
      "10": {
        "start": {
          "line": 26,
          "column": 0
        },
        "end": {
          "line": 26,
          "column": 65
        }
      },
      "11": {
        "start": {
          "line": 27,
          "column": 22
        },
        "end": {
          "line": 37,
          "column": 2
        }
      },
      "12": {
        "start": {
          "line": 38,
          "column": 28
        },
        "end": {
          "line": 50,
          "column": 2
        }
      },
      "13": {
        "start": {
          "line": 39,
          "column": 4
        },
        "end": {
          "line": 49,
          "column": 13
        }
      },
      "14": {
        "start": {
          "line": 51,
          "column": 0
        },
        "end": {
          "line": 51,
          "column": 12
        }
      },
      "15": {
        "start": {
          "line": 52,
          "column": 0
        },
        "end": {
          "line": 52,
          "column": 53
        }
      },
      "16": {
        "start": {
          "line": 53,
          "column": 34
        },
        "end": {
          "line": 61,
          "column": 13
        }
      },
      "17": {
        "start": {
          "line": 53,
          "column": 103
        },
        "end": {
          "line": 61,
          "column": 12
        }
      },
      "18": {
        "start": {
          "line": 62,
          "column": 0
        },
        "end": {
          "line": 62,
          "column": 18
        }
      },
      "19": {
        "start": {
          "line": 63,
          "column": 0
        },
        "end": {
          "line": 63,
          "column": 61
        }
      },
      "20": {
        "start": {
          "line": 64,
          "column": 33
        },
        "end": {
          "line": 80,
          "column": 13
        }
      },
      "21": {
        "start": {
          "line": 64,
          "column": 102
        },
        "end": {
          "line": 80,
          "column": 12
        }
      },
      "22": {
        "start": {
          "line": 81,
          "column": 0
        },
        "end": {
          "line": 81,
          "column": 17
        }
      },
      "23": {
        "start": {
          "line": 82,
          "column": 0
        },
        "end": {
          "line": 82,
          "column": 59
        }
      },
      "24": {
        "start": {
          "line": 83,
          "column": 33
        },
        "end": {
          "line": 91,
          "column": 13
        }
      },
      "25": {
        "start": {
          "line": 83,
          "column": 102
        },
        "end": {
          "line": 91,
          "column": 12
        }
      },
      "26": {
        "start": {
          "line": 92,
          "column": 0
        },
        "end": {
          "line": 92,
          "column": 17
        }
      },
      "27": {
        "start": {
          "line": 93,
          "column": 0
        },
        "end": {
          "line": 93,
          "column": 59
        }
      },
      "28": {
        "start": {
          "line": 94,
          "column": 39
        },
        "end": {
          "line": 102,
          "column": 13
        }
      },
      "29": {
        "start": {
          "line": 94,
          "column": 109
        },
        "end": {
          "line": 102,
          "column": 12
        }
      },
      "30": {
        "start": {
          "line": 103,
          "column": 0
        },
        "end": {
          "line": 103,
          "column": 24
        }
      },
      "31": {
        "start": {
          "line": 104,
          "column": 0
        },
        "end": {
          "line": 104,
          "column": 71
        }
      },
      "32": {
        "start": {
          "line": 107,
          "column": 0
        },
        "end": {
          "line": 107,
          "column": 51
        }
      },
      "33": {
        "start": {
          "line": 108,
          "column": 0
        },
        "end": {
          "line": 108,
          "column": 35
        }
      },
      "34": {
        "start": {
          "line": 109,
          "column": 0
        },
        "end": {
          "line": 109,
          "column": 44
        }
      },
      "35": {
        "start": {
          "line": 110,
          "column": 0
        },
        "end": {
          "line": 110,
          "column": 27
        }
      },
      "36": {
        "start": {
          "line": 111,
          "column": 0
        },
        "end": {
          "line": 111,
          "column": 50
        }
      },
      "37": {
        "start": {
          "line": 112,
          "column": 0
        },
        "end": {
          "line": 112,
          "column": 33
        }
      },
      "38": {
        "start": {
          "line": 113,
          "column": 0
        },
        "end": {
          "line": 113,
          "column": 49
        }
      },
      "39": {
        "start": {
          "line": 114,
          "column": 0
        },
        "end": {
          "line": 114,
          "column": 32
        }
      },
      "40": {
        "start": {
          "line": 115,
          "column": 0
        },
        "end": {
          "line": 115,
          "column": 49
        }
      },
      "41": {
        "start": {
          "line": 116,
          "column": 0
        },
        "end": {
          "line": 116,
          "column": 32
        }
      },
      "42": {
        "start": {
          "line": 117,
          "column": 0
        },
        "end": {
          "line": 117,
          "column": 56
        }
      },
      "43": {
        "start": {
          "line": 118,
          "column": 0
        },
        "end": {
          "line": 118,
          "column": 39
        }
      },
      "44": {
        "start": {
          "line": 121,
          "column": 0
        },
        "end": {
          "line": 121,
          "column": 37
        }
      },
      "45": {
        "start": {
          "line": 122,
          "column": 0
        },
        "end": {
          "line": 122,
          "column": 37
        }
      },
      "46": {
        "start": {
          "line": 123,
          "column": 0
        },
        "end": {
          "line": 130,
          "column": 3
        }
      },
      "47": {
        "start": {
          "line": 124,
          "column": 2
        },
        "end": {
          "line": 124,
          "column": 137
        }
      },
      "48": {
        "start": {
          "line": 125,
          "column": 2
        },
        "end": {
          "line": 129,
          "column": 5
        }
      },
      "49": {
        "start": {
          "line": 126,
          "column": 4
        },
        "end": {
          "line": 126,
          "column": 29
        }
      },
      "50": {
        "start": {
          "line": 126,
          "column": 22
        },
        "end": {
          "line": 126,
          "column": 29
        }
      },
      "51": {
        "start": {
          "line": 127,
          "column": 30
        },
        "end": {
          "line": 127,
          "column": 113
        }
      },
      "52": {
        "start": {
          "line": 128,
          "column": 4
        },
        "end": {
          "line": 128,
          "column": 73
        }
      },
      "53": {
        "start": {
          "line": 128,
          "column": 27
        },
        "end": {
          "line": 128,
          "column": 73
        }
      }
    },
    "fnMap": {
      "0": {
        "name": "(anonymous_0)",
        "decl": {
          "start": {
            "line": 16,
            "column": 58
          },
          "end": {
            "line": 16,
            "column": 59
          }
        },
        "loc": {
          "start": {
            "line": 16,
            "column": 104
          },
          "end": {
            "line": 24,
            "column": 12
          }
        },
        "line": 16
      },
      "1": {
        "name": "(anonymous_1)",
        "decl": {
          "start": {
            "line": 38,
            "column": 51
          },
          "end": {
            "line": 38,
            "column": 52
          }
        },
        "loc": {
          "start": {
            "line": 38,
            "column": 92
          },
          "end": {
            "line": 50,
            "column": 1
          }
        },
        "line": 38
      },
      "2": {
        "name": "(anonymous_2)",
        "decl": {
          "start": {
            "line": 53,
            "column": 57
          },
          "end": {
            "line": 53,
            "column": 58
          }
        },
        "loc": {
          "start": {
            "line": 53,
            "column": 103
          },
          "end": {
            "line": 61,
            "column": 12
          }
        },
        "line": 53
      },
      "3": {
        "name": "(anonymous_3)",
        "decl": {
          "start": {
            "line": 64,
            "column": 56
          },
          "end": {
            "line": 64,
            "column": 57
          }
        },
        "loc": {
          "start": {
            "line": 64,
            "column": 102
          },
          "end": {
            "line": 80,
            "column": 12
          }
        },
        "line": 64
      },
      "4": {
        "name": "(anonymous_4)",
        "decl": {
          "start": {
            "line": 83,
            "column": 56
          },
          "end": {
            "line": 83,
            "column": 57
          }
        },
        "loc": {
          "start": {
            "line": 83,
            "column": 102
          },
          "end": {
            "line": 91,
            "column": 12
          }
        },
        "line": 83
      },
      "5": {
        "name": "(anonymous_5)",
        "decl": {
          "start": {
            "line": 94,
            "column": 63
          },
          "end": {
            "line": 94,
            "column": 64
          }
        },
        "loc": {
          "start": {
            "line": 94,
            "column": 109
          },
          "end": {
            "line": 102,
            "column": 12
          }
        },
        "line": 94
      },
      "6": {
        "name": "(anonymous_6)",
        "decl": {
          "start": {
            "line": 123,
            "column": 50
          },
          "end": {
            "line": 123,
            "column": 51
          }
        },
        "loc": {
          "start": {
            "line": 123,
            "column": 70
          },
          "end": {
            "line": 130,
            "column": 1
          }
        },
        "line": 123
      },
      "7": {
        "name": "(anonymous_7)",
        "decl": {
          "start": {
            "line": 125,
            "column": 25
          },
          "end": {
            "line": 125,
            "column": 26
          }
        },
        "loc": {
          "start": {
            "line": 125,
            "column": 42
          },
          "end": {
            "line": 129,
            "column": 3
          }
        },
        "line": 125
      }
    },
    "branchMap": {
      "0": {
        "loc": {
          "start": {
            "line": 3,
            "column": 0
          },
          "end": {
            "line": 3,
            "column": 104
          }
        },
        "type": "if",
        "locations": [
          {
            "start": {
              "line": 3,
              "column": 0
            },
            "end": {
              "line": 3,
              "column": 104
            }
          },
          {
            "start": {},
            "end": {}
          }
        ],
        "line": 3
      },
      "1": {
        "loc": {
          "start": {
            "line": 126,
            "column": 4
          },
          "end": {
            "line": 126,
            "column": 29
          }
        },
        "type": "if",
        "locations": [
          {
            "start": {
              "line": 126,
              "column": 4
            },
            "end": {
              "line": 126,
              "column": 29
            }
          },
          {
            "start": {},
            "end": {}
          }
        ],
        "line": 126
      },
      "2": {
        "loc": {
          "start": {
            "line": 128,
            "column": 4
          },
          "end": {
            "line": 128,
            "column": 73
          }
        },
        "type": "if",
        "locations": [
          {
            "start": {
              "line": 128,
              "column": 4
            },
            "end": {
              "line": 128,
              "column": 73
            }
          },
          {
            "start": {},
            "end": {}
          }
        ],
        "line": 128
      }
    },
    "s": {
      "0": 4,
      "1": 0,
      "2": 4,
      "3": 4,
      "4": 4,
      "5": 4,
      "6": 4,
      "7": 4,
      "8": 4,
      "9": 4,
      "10": 4,
      "11": 4,
      "12": 4,
      "13": 0,
      "14": 4,
      "15": 4,
      "16": 4,
      "17": 0,
      "18": 4,
      "19": 4,
      "20": 4,
      "21": 0,
      "22": 4,
      "23": 4,
      "24": 4,
      "25": 0,
      "26": 4,
      "27": 4,
      "28": 4,
      "29": 0,
      "30": 4,
      "31": 4,
      "32": 4,
      "33": 4,
      "34": 4,
      "35": 4,
      "36": 4,
      "37": 4,
      "38": 4,
      "39": 4,
      "40": 4,
      "41": 4,
      "42": 4,
      "43": 4,
      "44": 4,
      "45": 4,
      "46": 4,
      "47": 4,
      "48": 4,
      "49": 0,
      "50": 0,
      "51": 0,
      "52": 0,
      "53": 0
    },
    "f": {
      "0": 4,
      "1": 0,
      "2": 0,
      "3": 0,
      "4": 0,
      "5": 0,
      "6": 4,
      "7": 0
    },
    "b": {
      "0": [0, 4],
      "1": [0, 0],
      "2": [0, 0]
    },
    "inputSourceMap": {
      "version": 3,
      "sources": ["/home/maria/studia/gameshare-app/frontend/src/components/ui/toast.tsx"],
      "names": [
        "React",
        "ToastPrimitives",
        "cva",
        "X",
        "cn",
        "ToastProvider",
        "Provider",
        "ToastViewport",
        "forwardRef",
        "className",
        "props",
        "ref",
        "Viewport",
        "displayName",
        "toastVariants",
        "variants",
        "variant",
        "default",
        "destructive",
        "defaultVariants",
        "Toast",
        "Root",
        "ToastAction",
        "Action",
        "ToastClose",
        "Close",
        "toast-close",
        "ToastTitle",
        "Title",
        "ToastDescription",
        "Description"
      ],
      "mappings": ";;;;;;;;;AAAA,YAAYA,WAAW,QAAQ;AAC/B,YAAYC,qBAAqB,wBAAwB;AACzD,SAASC,GAAG,QAA2B,2BAA2B;AAClE,SAASC,CAAC,QAAQ,eAAe;AACjC,SAASC,EAAE,QAAQ,mBAAmB;AAEtC,MAAMC,gBAAgBJ,gBAAgBK,QAAQ;AAE9C,MAAMC,8BAAgBP,MAAMQ,UAAU,MAGpC,CAAC,EAAEC,SAAS,EAAE,GAAGC,OAAO,EAAEC,oBAC1B,QAACV,gBAAgBW,QAAQ;QACvBD,KAAKA;QACLF,WAAWL,GACT,qIACAK;QAED,GAAGC,KAAK;;;;;;;AAGbH,cAAcM,WAAW,GAAGZ,gBAAgBW,QAAQ,CAACC,WAAW;AAEhE,MAAMC,gBAAgBZ,IACpB,6lBACA;IACEa,UAAU;QACRC,SAAS;YACPC,SAAS;YACTC,aACE;QACJ;IACF;IACAC,iBAAiB;QACfH,SAAS;IACX;AACF;AAGF,MAAMI,sBAAQpB,MAAMQ,UAAU,OAG5B,CAAC,EAAEC,SAAS,EAAEO,OAAO,EAAE,GAAGN,OAAO,EAAEC;IACnC,qBACE,QAACV,gBAAgBoB,IAAI;QACnBV,KAAKA;QACLF,WAAWL,GAAGU,cAAc;YAAEE;QAAQ,IAAIP;QACzC,GAAGC,KAAK;;;;;;AAGf;;AACAU,MAAMP,WAAW,GAAGZ,gBAAgBoB,IAAI,CAACR,WAAW;AAEpD,MAAMS,4BAActB,MAAMQ,UAAU,OAGlC,CAAC,EAAEC,SAAS,EAAE,GAAGC,OAAO,EAAEC,oBAC1B,QAACV,gBAAgBsB,MAAM;QACrBZ,KAAKA;QACLF,WAAWL,GACT,sgBACAK;QAED,GAAGC,KAAK;;;;;;;AAGbY,YAAYT,WAAW,GAAGZ,gBAAgBsB,MAAM,CAACV,WAAW;AAE5D,MAAMW,2BAAaxB,MAAMQ,UAAU,OAGjC,CAAC,EAAEC,SAAS,EAAE,GAAGC,OAAO,EAAEC,oBAC1B,QAACV,gBAAgBwB,KAAK;QACpBd,KAAKA;QACLF,WAAWL,GACT,yVACAK;QAEFiB,eAAY;QACX,GAAGhB,KAAK;kBAET,cAAA,QAACP;YAAEM,WAAU;;;;;;;;;;;;AAGjBe,WAAWX,WAAW,GAAGZ,gBAAgBwB,KAAK,CAACZ,WAAW;AAE1D,MAAMc,2BAAa3B,MAAMQ,UAAU,OAGjC,CAAC,EAAEC,SAAS,EAAE,GAAGC,OAAO,EAAEC,oBAC1B,QAACV,gBAAgB2B,KAAK;QAACjB,KAAKA;QAAKF,WAAWL,GAAG,yBAAyBK;QAAa,GAAGC,KAAK;;;;;;;AAE/FiB,WAAWd,WAAW,GAAGZ,gBAAgB2B,KAAK,CAACf,WAAW;AAE1D,MAAMgB,iCAAmB7B,MAAMQ,UAAU,QAGvC,CAAC,EAAEC,SAAS,EAAE,GAAGC,OAAO,EAAEC,oBAC1B,QAACV,gBAAgB6B,WAAW;QAC1BnB,KAAKA;QACLF,WAAWL,GAAG,sBAAsBK;QACnC,GAAGC,KAAK;;;;;;;AAGbmB,iBAAiBhB,WAAW,GAAGZ,gBAAgB6B,WAAW,CAACjB,WAAW;AAMtE,SAGER,aAAa,EACbE,aAAa,EACba,KAAK,EACLO,UAAU,EACVE,gBAAgB,EAChBL,UAAU,EACVF,WAAW,GACX"
    },
    "_coverageSchema": "1a1c01bbd47fc00a2c39e90264f33305004495a9",
    "hash": "08bbfb6a9087c261d112a5da2885c41be2781322"
  },
  "/home/maria/studia/gameshare-app/frontend/src/components/ui/use-toast.ts": {
    "path": "/home/maria/studia/gameshare-app/frontend/src/components/ui/use-toast.ts",
    "statementMap": {
      "0": {
        "start": {
          "line": 3,
          "column": 20
        },
        "end": {
          "line": 3,
          "column": 21
        }
      },
      "1": {
        "start": {
          "line": 4,
          "column": 27
        },
        "end": {
          "line": 4,
          "column": 34
        }
      },
      "2": {
        "start": {
          "line": 5,
          "column": 20
        },
        "end": {
          "line": 10,
          "column": 1
        }
      },
      "3": {
        "start": {
          "line": 11,
          "column": 12
        },
        "end": {
          "line": 11,
          "column": 13
        }
      },
      "4": {
        "start": {
          "line": 13,
          "column": 4
        },
        "end": {
          "line": 13,
          "column": 43
        }
      },
      "5": {
        "start": {
          "line": 14,
          "column": 4
        },
        "end": {
          "line": 14,
          "column": 28
        }
      },
      "6": {
        "start": {
          "line": 16,
          "column": 22
        },
        "end": {
          "line": 16,
          "column": 31
        }
      },
      "7": {
        "start": {
          "line": 17,
          "column": 25
        },
        "end": {
          "line": 29,
          "column": 1
        }
      },
      "8": {
        "start": {
          "line": 18,
          "column": 4
        },
        "end": {
          "line": 20,
          "column": 5
        }
      },
      "9": {
        "start": {
          "line": 19,
          "column": 8
        },
        "end": {
          "line": 19,
          "column": 15
        }
      },
      "10": {
        "start": {
          "line": 21,
          "column": 20
        },
        "end": {
          "line": 27,
          "column": 26
        }
      },
      "11": {
        "start": {
          "line": 22,
          "column": 8
        },
        "end": {
          "line": 22,
          "column": 38
        }
      },
      "12": {
        "start": {
          "line": 23,
          "column": 8
        },
        "end": {
          "line": 26,
          "column": 11
        }
      },
      "13": {
        "start": {
          "line": 28,
          "column": 4
        },
        "end": {
          "line": 28,
          "column": 40
        }
      },
      "14": {
        "start": {
          "line": 30,
          "column": 23
        },
        "end": {
          "line": 80,
          "column": 1
        }
      },
      "15": {
        "start": {
          "line": 31,
          "column": 4
        },
        "end": {
          "line": 79,
          "column": 5
        }
      },
      "16": {
        "start": {
          "line": 33,
          "column": 12
        },
        "end": {
          "line": 39,
          "column": 14
        }
      },
      "17": {
        "start": {
          "line": 41,
          "column": 12
        },
        "end": {
          "line": 47,
          "column": 14
        }
      },
      "18": {
        "start": {
          "line": 43,
          "column": 46
        },
        "end": {
          "line": 46,
          "column": 25
        }
      },
      "19": {
        "start": {
          "line": 50,
          "column": 36
        },
        "end": {
          "line": 50,
          "column": 42
        }
      },
      "20": {
        "start": {
          "line": 53,
          "column": 16
        },
        "end": {
          "line": 59,
          "column": 17
        }
      },
      "21": {
        "start": {
          "line": 54,
          "column": 20
        },
        "end": {
          "line": 54,
          "column": 46
        }
      },
      "22": {
        "start": {
          "line": 56,
          "column": 20
        },
        "end": {
          "line": 58,
          "column": 23
        }
      },
      "23": {
        "start": {
          "line": 57,
          "column": 24
        },
        "end": {
          "line": 57,
          "column": 51
        }
      },
      "24": {
        "start": {
          "line": 60,
          "column": 16
        },
        "end": {
          "line": 66,
          "column": 18
        }
      },
      "25": {
        "start": {
          "line": 62,
          "column": 50
        },
        "end": {
          "line": 65,
          "column": 29
        }
      },
      "26": {
        "start": {
          "line": 69,
          "column": 12
        },
        "end": {
          "line": 74,
          "column": 13
        }
      },
      "27": {
        "start": {
          "line": 70,
          "column": 16
        },
        "end": {
          "line": 73,
          "column": 18
        }
      },
      "28": {
        "start": {
          "line": 75,
          "column": 12
        },
        "end": {
          "line": 78,
          "column": 14
        }
      },
      "29": {
        "start": {
          "line": 77,
          "column": 49
        },
        "end": {
          "line": 77,
          "column": 72
        }
      },
      "30": {
        "start": {
          "line": 81,
          "column": 18
        },
        "end": {
          "line": 81,
          "column": 20
        }
      },
      "31": {
        "start": {
          "line": 82,
          "column": 18
        },
        "end": {
          "line": 84,
          "column": 1
        }
      },
      "32": {
        "start": {
          "line": 86,
          "column": 4
        },
        "end": {
          "line": 86,
          "column": 47
        }
      },
      "33": {
        "start": {
          "line": 87,
          "column": 4
        },
        "end": {
          "line": 89,
          "column": 7
        }
      },
      "34": {
        "start": {
          "line": 88,
          "column": 8
        },
        "end": {
          "line": 88,
          "column": 30
        }
      },
      "35": {
        "start": {
          "line": 92,
          "column": 15
        },
        "end": {
          "line": 92,
          "column": 22
        }
      },
      "36": {
        "start": {
          "line": 93,
          "column": 19
        },
        "end": {
          "line": 99,
          "column": 10
        }
      },
      "37": {
        "start": {
          "line": 93,
          "column": 28
        },
        "end": {
          "line": 99,
          "column": 10
        }
      },
      "38": {
        "start": {
          "line": 100,
          "column": 20
        },
        "end": {
          "line": 103,
          "column": 10
        }
      },
      "39": {
        "start": {
          "line": 100,
          "column": 24
        },
        "end": {
          "line": 103,
          "column": 10
        }
      },
      "40": {
        "start": {
          "line": 104,
          "column": 4
        },
        "end": {
          "line": 114,
          "column": 7
        }
      },
      "41": {
        "start": {
          "line": 111,
          "column": 16
        },
        "end": {
          "line": 111,
          "column": 37
        }
      },
      "42": {
        "start": {
          "line": 111,
          "column": 27
        },
        "end": {
          "line": 111,
          "column": 37
        }
      },
      "43": {
        "start": {
          "line": 115,
          "column": 4
        },
        "end": {
          "line": 119,
          "column": 6
        }
      },
      "44": {
        "start": {
          "line": 122,
          "column": 30
        },
        "end": {
          "line": 122,
          "column": 57
        }
      },
      "45": {
        "start": {
          "line": 123,
          "column": 4
        },
        "end": {
          "line": 133,
          "column": 7
        }
      },
      "46": {
        "start": {
          "line": 124,
          "column": 8
        },
        "end": {
          "line": 124,
          "column": 33
        }
      },
      "47": {
        "start": {
          "line": 125,
          "column": 8
        },
        "end": {
          "line": 130,
          "column": 10
        }
      },
      "48": {
        "start": {
          "line": 126,
          "column": 26
        },
        "end": {
          "line": 126,
          "column": 53
        }
      },
      "49": {
        "start": {
          "line": 127,
          "column": 12
        },
        "end": {
          "line": 129,
          "column": 13
        }
      },
      "50": {
        "start": {
          "line": 128,
          "column": 16
        },
        "end": {
          "line": 128,
          "column": 43
        }
      },
      "51": {
        "start": {
          "line": 134,
          "column": 4
        },
        "end": {
          "line": 141,
          "column": 6
        }
      },
      "52": {
        "start": {
          "line": 137,
          "column": 28
        },
        "end": {
          "line": 140,
          "column": 14
        }
      }
    },
    "fnMap": {
      "0": {
        "name": "genId",
        "decl": {
          "start": {
            "line": 12,
            "column": 9
          },
          "end": {
            "line": 12,
            "column": 14
          }
        },
        "loc": {
          "start": {
            "line": 12,
            "column": 17
          },
          "end": {
            "line": 15,
            "column": 1
          }
        },
        "line": 12
      },
      "1": {
        "name": "(anonymous_1)",
        "decl": {
          "start": {
            "line": 17,
            "column": 25
          },
          "end": {
            "line": 17,
            "column": 26
          }
        },
        "loc": {
          "start": {
            "line": 17,
            "column": 36
          },
          "end": {
            "line": 29,
            "column": 1
          }
        },
        "line": 17
      },
      "2": {
        "name": "(anonymous_2)",
        "decl": {
          "start": {
            "line": 21,
            "column": 31
          },
          "end": {
            "line": 21,
            "column": 32
          }
        },
        "loc": {
          "start": {
            "line": 21,
            "column": 35
          },
          "end": {
            "line": 27,
            "column": 5
          }
        },
        "line": 21
      },
      "3": {
        "name": "(anonymous_3)",
        "decl": {
          "start": {
            "line": 30,
            "column": 23
          },
          "end": {
            "line": 30,
            "column": 24
          }
        },
        "loc": {
          "start": {
            "line": 30,
            "column": 40
          },
          "end": {
            "line": 80,
            "column": 1
          }
        },
        "line": 30
      },
      "4": {
        "name": "(anonymous_4)",
        "decl": {
          "start": {
            "line": 43,
            "column": 41
          },
          "end": {
            "line": 43,
            "column": 42
          }
        },
        "loc": {
          "start": {
            "line": 43,
            "column": 46
          },
          "end": {
            "line": 46,
            "column": 25
          }
        },
        "line": 43
      },
      "5": {
        "name": "(anonymous_5)",
        "decl": {
          "start": {
            "line": 56,
            "column": 41
          },
          "end": {
            "line": 56,
            "column": 42
          }
        },
        "loc": {
          "start": {
            "line": 56,
            "column": 50
          },
          "end": {
            "line": 58,
            "column": 21
          }
        },
        "line": 56
      },
      "6": {
        "name": "(anonymous_6)",
        "decl": {
          "start": {
            "line": 62,
            "column": 45
          },
          "end": {
            "line": 62,
            "column": 46
          }
        },
        "loc": {
          "start": {
            "line": 62,
            "column": 50
          },
          "end": {
            "line": 65,
            "column": 29
          }
        },
        "line": 62
      },
      "7": {
        "name": "(anonymous_7)",
        "decl": {
          "start": {
            "line": 77,
            "column": 44
          },
          "end": {
            "line": 77,
            "column": 45
          }
        },
        "loc": {
          "start": {
            "line": 77,
            "column": 49
          },
          "end": {
            "line": 77,
            "column": 72
          }
        },
        "line": 77
      },
      "8": {
        "name": "dispatch",
        "decl": {
          "start": {
            "line": 85,
            "column": 9
          },
          "end": {
            "line": 85,
            "column": 17
          }
        },
        "loc": {
          "start": {
            "line": 85,
            "column": 26
          },
          "end": {
            "line": 90,
            "column": 1
          }
        },
        "line": 85
      },
      "9": {
        "name": "(anonymous_9)",
        "decl": {
          "start": {
            "line": 87,
            "column": 22
          },
          "end": {
            "line": 87,
            "column": 23
          }
        },
        "loc": {
          "start": {
            "line": 87,
            "column": 34
          },
          "end": {
            "line": 89,
            "column": 5
          }
        },
        "line": 87
      },
      "10": {
        "name": "toast",
        "decl": {
          "start": {
            "line": 91,
            "column": 9
          },
          "end": {
            "line": 91,
            "column": 14
          }
        },
        "loc": {
          "start": {
            "line": 91,
            "column": 29
          },
          "end": {
            "line": 120,
            "column": 1
          }
        },
        "line": 91
      },
      "11": {
        "name": "(anonymous_11)",
        "decl": {
          "start": {
            "line": 93,
            "column": 19
          },
          "end": {
            "line": 93,
            "column": 20
          }
        },
        "loc": {
          "start": {
            "line": 93,
            "column": 28
          },
          "end": {
            "line": 99,
            "column": 10
          }
        },
        "line": 93
      },
      "12": {
        "name": "(anonymous_12)",
        "decl": {
          "start": {
            "line": 100,
            "column": 20
          },
          "end": {
            "line": 100,
            "column": 21
          }
        },
        "loc": {
          "start": {
            "line": 100,
            "column": 24
          },
          "end": {
            "line": 103,
            "column": 10
          }
        },
        "line": 100
      },
      "13": {
        "name": "(anonymous_13)",
        "decl": {
          "start": {
            "line": 110,
            "column": 26
          },
          "end": {
            "line": 110,
            "column": 27
          }
        },
        "loc": {
          "start": {
            "line": 110,
            "column": 34
          },
          "end": {
            "line": 112,
            "column": 13
          }
        },
        "line": 110
      },
      "14": {
        "name": "useToast",
        "decl": {
          "start": {
            "line": 121,
            "column": 9
          },
          "end": {
            "line": 121,
            "column": 17
          }
        },
        "loc": {
          "start": {
            "line": 121,
            "column": 20
          },
          "end": {
            "line": 142,
            "column": 1
          }
        },
        "line": 121
      },
      "15": {
        "name": "(anonymous_15)",
        "decl": {
          "start": {
            "line": 123,
            "column": 20
          },
          "end": {
            "line": 123,
            "column": 21
          }
        },
        "loc": {
          "start": {
            "line": 123,
            "column": 24
          },
          "end": {
            "line": 131,
            "column": 5
          }
        },
        "line": 123
      },
      "16": {
        "name": "(anonymous_16)",
        "decl": {
          "start": {
            "line": 125,
            "column": 15
          },
          "end": {
            "line": 125,
            "column": 16
          }
        },
        "loc": {
          "start": {
            "line": 125,
            "column": 19
          },
          "end": {
            "line": 130,
            "column": 9
          }
        },
        "line": 125
      },
      "17": {
        "name": "(anonymous_17)",
        "decl": {
          "start": {
            "line": 137,
            "column": 17
          },
          "end": {
            "line": 137,
            "column": 18
          }
        },
        "loc": {
          "start": {
            "line": 137,
            "column": 28
          },
          "end": {
            "line": 140,
            "column": 14
          }
        },
        "line": 137
      }
    },
    "branchMap": {
      "0": {
        "loc": {
          "start": {
            "line": 18,
            "column": 4
          },
          "end": {
            "line": 20,
            "column": 5
          }
        },
        "type": "if",
        "locations": [
          {
            "start": {
              "line": 18,
              "column": 4
            },
            "end": {
              "line": 20,
              "column": 5
            }
          },
          {
            "start": {},
            "end": {}
          }
        ],
        "line": 18
      },
      "1": {
        "loc": {
          "start": {
            "line": 31,
            "column": 4
          },
          "end": {
            "line": 79,
            "column": 5
          }
        },
        "type": "switch",
        "locations": [
          {
            "start": {
              "line": 32,
              "column": 8
            },
            "end": {
              "line": 39,
              "column": 14
            }
          },
          {
            "start": {
              "line": 40,
              "column": 8
            },
            "end": {
              "line": 47,
              "column": 14
            }
          },
          {
            "start": {
              "line": 48,
              "column": 8
            },
            "end": {
              "line": 67,
              "column": 13
            }
          },
          {
            "start": {
              "line": 68,
              "column": 8
            },
            "end": {
              "line": 78,
              "column": 14
            }
          }
        ],
        "line": 31
      },
      "2": {
        "loc": {
          "start": {
            "line": 43,
            "column": 46
          },
          "end": {
            "line": 46,
            "column": 25
          }
        },
        "type": "cond-expr",
        "locations": [
          {
            "start": {
              "line": 43,
              "column": 73
            },
            "end": {
              "line": 46,
              "column": 21
            }
          },
          {
            "start": {
              "line": 46,
              "column": 24
            },
            "end": {
              "line": 46,
              "column": 25
            }
          }
        ],
        "line": 43
      },
      "3": {
        "loc": {
          "start": {
            "line": 53,
            "column": 16
          },
          "end": {
            "line": 59,
            "column": 17
          }
        },
        "type": "if",
        "locations": [
          {
            "start": {
              "line": 53,
              "column": 16
            },
            "end": {
              "line": 59,
              "column": 17
            }
          },
          {
            "start": {
              "line": 55,
              "column": 23
            },
            "end": {
              "line": 59,
              "column": 17
            }
          }
        ],
        "line": 53
      },
      "4": {
        "loc": {
          "start": {
            "line": 62,
            "column": 50
          },
          "end": {
            "line": 65,
            "column": 29
          }
        },
        "type": "cond-expr",
        "locations": [
          {
            "start": {
              "line": 62,
              "column": 94
            },
            "end": {
              "line": 65,
              "column": 25
            }
          },
          {
            "start": {
              "line": 65,
              "column": 28
            },
            "end": {
              "line": 65,
              "column": 29
            }
          }
        ],
        "line": 62
      },
      "5": {
        "loc": {
          "start": {
            "line": 62,
            "column": 50
          },
          "end": {
            "line": 62,
            "column": 91
          }
        },
        "type": "binary-expr",
        "locations": [
          {
            "start": {
              "line": 62,
              "column": 50
            },
            "end": {
              "line": 62,
              "column": 66
            }
          },
          {
            "start": {
              "line": 62,
              "column": 70
            },
            "end": {
              "line": 62,
              "column": 91
            }
          }
        ],
        "line": 62
      },
      "6": {
        "loc": {
          "start": {
            "line": 69,
            "column": 12
          },
          "end": {
            "line": 74,
            "column": 13
          }
        },
        "type": "if",
        "locations": [
          {
            "start": {
              "line": 69,
              "column": 12
            },
            "end": {
              "line": 74,
              "column": 13
            }
          },
          {
            "start": {},
            "end": {}
          }
        ],
        "line": 69
      },
      "7": {
        "loc": {
          "start": {
            "line": 111,
            "column": 16
          },
          "end": {
            "line": 111,
            "column": 37
          }
        },
        "type": "if",
        "locations": [
          {
            "start": {
              "line": 111,
              "column": 16
            },
            "end": {
              "line": 111,
              "column": 37
            }
          },
          {
            "start": {},
            "end": {}
          }
        ],
        "line": 111
      },
      "8": {
        "loc": {
          "start": {
            "line": 127,
            "column": 12
          },
          "end": {
            "line": 129,
            "column": 13
          }
        },
        "type": "if",
        "locations": [
          {
            "start": {
              "line": 127,
              "column": 12
            },
            "end": {
              "line": 129,
              "column": 13
            }
          },
          {
            "start": {},
            "end": {}
          }
        ],
        "line": 127
      }
    },
    "s": {
      "0": 4,
      "1": 4,
      "2": 4,
      "3": 4,
      "4": 0,
      "5": 0,
      "6": 4,
      "7": 4,
      "8": 0,
      "9": 0,
      "10": 0,
      "11": 0,
      "12": 0,
      "13": 0,
      "14": 4,
      "15": 0,
      "16": 0,
      "17": 0,
      "18": 0,
      "19": 0,
      "20": 0,
      "21": 0,
      "22": 0,
      "23": 0,
      "24": 0,
      "25": 0,
      "26": 0,
      "27": 0,
      "28": 0,
      "29": 0,
      "30": 4,
      "31": 4,
      "32": 0,
      "33": 0,
      "34": 0,
      "35": 0,
      "36": 0,
      "37": 0,
      "38": 0,
      "39": 0,
      "40": 0,
      "41": 0,
      "42": 0,
      "43": 0,
      "44": 4,
      "45": 4,
      "46": 4,
      "47": 4,
      "48": 0,
      "49": 0,
      "50": 0,
      "51": 4,
      "52": 0
    },
    "f": {
      "0": 0,
      "1": 0,
      "2": 0,
      "3": 0,
      "4": 0,
      "5": 0,
      "6": 0,
      "7": 0,
      "8": 0,
      "9": 0,
      "10": 0,
      "11": 0,
      "12": 0,
      "13": 0,
      "14": 4,
      "15": 4,
      "16": 0,
      "17": 0
    },
    "b": {
      "0": [0, 0],
      "1": [0, 0, 0, 0],
      "2": [0, 0],
      "3": [0, 0],
      "4": [0, 0],
      "5": [0, 0],
      "6": [0, 0],
      "7": [0, 0],
      "8": [0, 0]
    },
    "inputSourceMap": {
      "version": 3,
      "sources": ["/home/maria/studia/gameshare-app/frontend/src/components/ui/use-toast.ts"],
      "names": [
        "React",
        "TOAST_LIMIT",
        "TOAST_REMOVE_DELAY",
        "actionTypes",
        "ADD_TOAST",
        "UPDATE_TOAST",
        "DISMISS_TOAST",
        "REMOVE_TOAST",
        "count",
        "genId",
        "Number",
        "MAX_VALUE",
        "toString",
        "toastTimeouts",
        "Map",
        "addToRemoveQueue",
        "toastId",
        "has",
        "timeout",
        "setTimeout",
        "delete",
        "dispatch",
        "type",
        "set",
        "reducer",
        "state",
        "action",
        "toasts",
        "toast",
        "slice",
        "map",
        "t",
        "id",
        "forEach",
        "undefined",
        "open",
        "filter",
        "listeners",
        "memoryState",
        "listener",
        "props",
        "update",
        "dismiss",
        "onOpenChange",
        "useToast",
        "setState",
        "useState",
        "useEffect",
        "push",
        "index",
        "indexOf",
        "splice"
      ],
      "mappings": "AAAA,sCAAsC;AACtC,YAAYA,WAAW,QAAQ;AAG/B,MAAMC,cAAc;AACpB,MAAMC,qBAAqB;AAS3B,MAAMC,cAAc;IAClBC,WAAW;IACXC,cAAc;IACdC,eAAe;IACfC,cAAc;AAChB;AAEA,IAAIC,QAAQ;AAEZ,SAASC;IACPD,QAAQ,AAACA,CAAAA,QAAQ,CAAA,IAAKE,OAAOC,SAAS;IACtC,OAAOH,MAAMI,QAAQ;AACvB;AA0BA,MAAMC,gBAAgB,IAAIC;AAE1B,MAAMC,mBAAmB,CAACC;IACxB,IAAIH,cAAcI,GAAG,CAACD,UAAU;QAC9B;IACF;IAEA,MAAME,UAAUC,WAAW;QACzBN,cAAcO,MAAM,CAACJ;QACrBK,SAAS;YACPC,MAAM;YACNN,SAASA;QACX;IACF,GAAGd;IAEHW,cAAcU,GAAG,CAACP,SAASE;AAC7B;AAEA,OAAO,MAAMM,UAAU,CAACC,OAAcC;IACpC,OAAQA,OAAOJ,IAAI;QACjB,KAAK;YACH,OAAO;gBACL,GAAGG,KAAK;gBACRE,QAAQ;oBAACD,OAAOE,KAAK;uBAAKH,MAAME,MAAM;iBAAC,CAACE,KAAK,CAAC,GAAG5B;YACnD;QAEF,KAAK;YACH,OAAO;gBACL,GAAGwB,KAAK;gBACRE,QAAQF,MAAME,MAAM,CAACG,GAAG,CAACC,CAAAA,IAAMA,EAAEC,EAAE,KAAKN,OAAOE,KAAK,CAACI,EAAE,GAAG;wBAAE,GAAGD,CAAC;wBAAE,GAAGL,OAAOE,KAAK;oBAAC,IAAIG;YACxF;QAEF,KAAK;YAAiB;gBACpB,MAAM,EAAEf,OAAO,EAAE,GAAGU;gBAEpB,2EAA2E;gBAC3E,uCAAuC;gBACvC,IAAIV,SAAS;oBACXD,iBAAiBC;gBACnB,OAAO;oBACLS,MAAME,MAAM,CAACM,OAAO,CAACL,CAAAA;wBACnBb,iBAAiBa,MAAMI,EAAE;oBAC3B;gBACF;gBAEA,OAAO;oBACL,GAAGP,KAAK;oBACRE,QAAQF,MAAME,MAAM,CAACG,GAAG,CAACC,CAAAA,IACvBA,EAAEC,EAAE,KAAKhB,WAAWA,YAAYkB,YAC5B;4BACE,GAAGH,CAAC;4BACJI,MAAM;wBACR,IACAJ;gBAER;YACF;QACA,KAAK;YACH,IAAIL,OAAOV,OAAO,KAAKkB,WAAW;gBAChC,OAAO;oBACL,GAAGT,KAAK;oBACRE,QAAQ,EAAE;gBACZ;YACF;YACA,OAAO;gBACL,GAAGF,KAAK;gBACRE,QAAQF,MAAME,MAAM,CAACS,MAAM,CAACL,CAAAA,IAAKA,EAAEC,EAAE,KAAKN,OAAOV,OAAO;YAC1D;IACJ;AACF,EAAE;AAEF,MAAMqB,YAA2C,EAAE;AAEnD,IAAIC,cAAqB;IAAEX,QAAQ,EAAE;AAAC;AAEtC,SAASN,SAASK,MAAc;IAC9BY,cAAcd,QAAQc,aAAaZ;IACnCW,UAAUJ,OAAO,CAACM,CAAAA;QAChBA,SAASD;IACX;AACF;AAIA,SAASV,MAAM,EAAE,GAAGY,OAAc;IAChC,MAAMR,KAAKvB;IAEX,MAAMgC,SAAS,CAACD,QACdnB,SAAS;YACPC,MAAM;YACNM,OAAO;gBAAE,GAAGY,KAAK;gBAAER;YAAG;QACxB;IACF,MAAMU,UAAU,IAAMrB,SAAS;YAAEC,MAAM;YAAiBN,SAASgB;QAAG;IAEpEX,SAAS;QACPC,MAAM;QACNM,OAAO;YACL,GAAGY,KAAK;YACRR;YACAG,MAAM;YACNQ,cAAcR,CAAAA;gBACZ,IAAI,CAACA,MAAMO;YACb;QACF;IACF;IAEA,OAAO;QACLV,IAAIA;QACJU;QACAD;IACF;AACF;AAEA,SAASG;IACP,MAAM,CAACnB,OAAOoB,SAAS,GAAG7C,MAAM8C,QAAQ,CAAQR;IAEhDtC,MAAM+C,SAAS,CAAC;QACdV,UAAUW,IAAI,CAACH;QACf,OAAO;YACL,MAAMI,QAAQZ,UAAUa,OAAO,CAACL;YAChC,IAAII,QAAQ,CAAC,GAAG;gBACdZ,UAAUc,MAAM,CAACF,OAAO;YAC1B;QACF;IACF,GAAG;QAACxB;KAAM;IAEV,OAAO;QACL,GAAGA,KAAK;QACRG;QACAc,SAAS,CAAC1B,UAAqBK,SAAS;gBAAEC,MAAM;gBAAiBN;YAAQ;IAC3E;AACF;AAEA,SAAS4B,QAAQ,EAAEhB,KAAK,GAAG"
    },
    "_coverageSchema": "1a1c01bbd47fc00a2c39e90264f33305004495a9",
    "hash": "2fd182db61b9a335ba04a2526103d9752cb46d81"
  },
  "/home/maria/studia/gameshare-app/frontend/src/components/ui/toaster.tsx": {
    "path": "/home/maria/studia/gameshare-app/frontend/src/components/ui/toaster.tsx",
    "statementMap": {
      "0": {
        "start": {
          "line": 3,
          "column": 0
        },
        "end": {
          "line": 3,
          "column": 104
        }
      },
      "1": {
        "start": {
          "line": 3,
          "column": 26
        },
        "end": {
          "line": 3,
          "column": 104
        }
      },
      "2": {
        "start": {
          "line": 4,
          "column": 23
        },
        "end": {
          "line": 4,
          "column": 42
        }
      },
      "3": {
        "start": {
          "line": 5,
          "column": 23
        },
        "end": {
          "line": 5,
          "column": 42
        }
      },
      "4": {
        "start": {
          "line": 6,
          "column": 0
        },
        "end": {
          "line": 6,
          "column": 126
        }
      },
      "5": {
        "start": {
          "line": 7,
          "column": 0
        },
        "end": {
          "line": 7,
          "column": 73
        }
      },
      "6": {
        "start": {
          "line": 10,
          "column": 9
        },
        "end": {
          "line": 10,
          "column": 23
        }
      },
      "7": {
        "start": {
          "line": 14,
          "column": 4
        },
        "end": {
          "line": 14,
          "column": 9
        }
      },
      "8": {
        "start": {
          "line": 15,
          "column": 23
        },
        "end": {
          "line": 15,
          "column": 33
        }
      },
      "9": {
        "start": {
          "line": 16,
          "column": 4
        },
        "end": {
          "line": 68,
          "column": 13
        }
      },
      "10": {
        "start": {
          "line": 19,
          "column": 16
        },
        "end": {
          "line": 56,
          "column": 25
        }
      },
      "11": {
        "start": {
          "line": 70,
          "column": 0
        },
        "end": {
          "line": 74,
          "column": 3
        }
      },
      "12": {
        "start": {
          "line": 71,
          "column": 4
        },
        "end": {
          "line": 73,
          "column": 6
        }
      },
      "13": {
        "start": {
          "line": 75,
          "column": 0
        },
        "end": {
          "line": 75,
          "column": 13
        }
      },
      "14": {
        "start": {
          "line": 77,
          "column": 0
        },
        "end": {
          "line": 77,
          "column": 28
        }
      },
      "15": {
        "start": {
          "line": 80,
          "column": 0
        },
        "end": {
          "line": 80,
          "column": 37
        }
      },
      "16": {
        "start": {
          "line": 81,
          "column": 0
        },
        "end": {
          "line": 81,
          "column": 37
        }
      },
      "17": {
        "start": {
          "line": 82,
          "column": 0
        },
        "end": {
          "line": 89,
          "column": 3
        }
      },
      "18": {
        "start": {
          "line": 83,
          "column": 2
        },
        "end": {
          "line": 83,
          "column": 139
        }
      },
      "19": {
        "start": {
          "line": 84,
          "column": 2
        },
        "end": {
          "line": 88,
          "column": 5
        }
      },
      "20": {
        "start": {
          "line": 85,
          "column": 4
        },
        "end": {
          "line": 85,
          "column": 29
        }
      },
      "21": {
        "start": {
          "line": 85,
          "column": 22
        },
        "end": {
          "line": 85,
          "column": 29
        }
      },
      "22": {
        "start": {
          "line": 86,
          "column": 30
        },
        "end": {
          "line": 86,
          "column": 113
        }
      },
      "23": {
        "start": {
          "line": 87,
          "column": 4
        },
        "end": {
          "line": 87,
          "column": 73
        }
      },
      "24": {
        "start": {
          "line": 87,
          "column": 27
        },
        "end": {
          "line": 87,
          "column": 73
        }
      }
    },
    "fnMap": {
      "0": {
        "name": "Toaster",
        "decl": {
          "start": {
            "line": 13,
            "column": 16
          },
          "end": {
            "line": 13,
            "column": 23
          }
        },
        "loc": {
          "start": {
            "line": 13,
            "column": 26
          },
          "end": {
            "line": 69,
            "column": 1
          }
        },
        "line": 13
      },
      "1": {
        "name": "(anonymous_1)",
        "decl": {
          "start": {
            "line": 18,
            "column": 23
          },
          "end": {
            "line": 18,
            "column": 24
          }
        },
        "loc": {
          "start": {
            "line": 18,
            "column": 78
          },
          "end": {
            "line": 57,
            "column": 13
          }
        },
        "line": 18
      },
      "2": {
        "name": "(anonymous_2)",
        "decl": {
          "start": {
            "line": 70,
            "column": 51
          },
          "end": {
            "line": 70,
            "column": 52
          }
        },
        "loc": {
          "start": {
            "line": 70,
            "column": 62
          },
          "end": {
            "line": 74,
            "column": 1
          }
        },
        "line": 70
      },
      "3": {
        "name": "(anonymous_3)",
        "decl": {
          "start": {
            "line": 82,
            "column": 50
          },
          "end": {
            "line": 82,
            "column": 51
          }
        },
        "loc": {
          "start": {
            "line": 82,
            "column": 70
          },
          "end": {
            "line": 89,
            "column": 1
          }
        },
        "line": 82
      },
      "4": {
        "name": "(anonymous_4)",
        "decl": {
          "start": {
            "line": 84,
            "column": 25
          },
          "end": {
            "line": 84,
            "column": 26
          }
        },
        "loc": {
          "start": {
            "line": 84,
            "column": 42
          },
          "end": {
            "line": 88,
            "column": 3
          }
        },
        "line": 84
      }
    },
    "branchMap": {
      "0": {
        "loc": {
          "start": {
            "line": 3,
            "column": 0
          },
          "end": {
            "line": 3,
            "column": 104
          }
        },
        "type": "if",
        "locations": [
          {
            "start": {
              "line": 3,
              "column": 0
            },
            "end": {
              "line": 3,
              "column": 104
            }
          },
          {
            "start": {},
            "end": {}
          }
        ],
        "line": 3
      },
      "1": {
        "loc": {
          "start": {
            "line": 25,
            "column": 32
          },
          "end": {
            "line": 31,
            "column": 40
          }
        },
        "type": "binary-expr",
        "locations": [
          {
            "start": {
              "line": 25,
              "column": 32
            },
            "end": {
              "line": 25,
              "column": 37
            }
          },
          {
            "start": {
              "line": 25,
              "column": 55
            },
            "end": {
              "line": 31,
              "column": 40
            }
          }
        ],
        "line": 25
      },
      "2": {
        "loc": {
          "start": {
            "line": 32,
            "column": 32
          },
          "end": {
            "line": 38,
            "column": 40
          }
        },
        "type": "binary-expr",
        "locations": [
          {
            "start": {
              "line": 32,
              "column": 32
            },
            "end": {
              "line": 32,
              "column": 43
            }
          },
          {
            "start": {
              "line": 32,
              "column": 61
            },
            "end": {
              "line": 38,
              "column": 40
            }
          }
        ],
        "line": 32
      },
      "3": {
        "loc": {
          "start": {
            "line": 85,
            "column": 4
          },
          "end": {
            "line": 85,
            "column": 29
          }
        },
        "type": "if",
        "locations": [
          {
            "start": {
              "line": 85,
              "column": 4
            },
            "end": {
              "line": 85,
              "column": 29
            }
          },
          {
            "start": {},
            "end": {}
          }
        ],
        "line": 85
      },
      "4": {
        "loc": {
          "start": {
            "line": 87,
            "column": 4
          },
          "end": {
            "line": 87,
            "column": 73
          }
        },
        "type": "if",
        "locations": [
          {
            "start": {
              "line": 87,
              "column": 4
            },
            "end": {
              "line": 87,
              "column": 73
            }
          },
          {
            "start": {},
            "end": {}
          }
        ],
        "line": 87
      }
    },
    "s": {
      "0": 4,
      "1": 0,
      "2": 4,
      "3": 4,
      "4": 4,
      "5": 4,
      "6": 4,
      "7": 4,
      "8": 4,
      "9": 4,
      "10": 0,
      "11": 4,
      "12": 4,
      "13": 4,
      "14": 4,
      "15": 4,
      "16": 4,
      "17": 4,
      "18": 4,
      "19": 4,
      "20": 0,
      "21": 0,
      "22": 0,
      "23": 0,
      "24": 0
    },
    "f": {
      "0": 4,
      "1": 0,
      "2": 4,
      "3": 4,
      "4": 0
    },
    "b": {
      "0": [0, 4],
      "1": [0, 0],
      "2": [0, 0],
      "3": [0, 0],
      "4": [0, 0]
    },
    "inputSourceMap": {
      "version": 3,
      "sources": ["/home/maria/studia/gameshare-app/frontend/src/components/ui/toaster.tsx"],
      "names": [
        "Toast",
        "ToastClose",
        "ToastDescription",
        "ToastProvider",
        "ToastTitle",
        "ToastViewport",
        "useToast",
        "Toaster",
        "toasts",
        "map",
        "id",
        "title",
        "description",
        "action",
        "props",
        "div",
        "className"
      ],
      "mappings": ";;;;;;;;;;AAAA,SACEA,KAAK,EACLC,UAAU,EACVC,gBAAgB,EAChBC,aAAa,EACbC,UAAU,EACVC,aAAa,QACR,wBAAwB;AAC/B,SAASC,QAAQ,QAAQ,4BAA4B;AAErD,OAAO,SAASC;;IACd,MAAM,EAAEC,MAAM,EAAE,GAAGF;IAEnB,qBACE,QAACH;;YACEK,OAAOC,GAAG,CAAC,SAAU,EAAEC,EAAE,EAAEC,KAAK,EAAEC,WAAW,EAAEC,MAAM,EAAE,GAAGC,OAAO;gBAChE,qBACE,QAACd;oBAAgB,GAAGc,KAAK;;sCACvB,QAACC;4BAAIC,WAAU;;gCACZL,uBAAS,QAACP;8CAAYO;;;;;;gCACtBC,6BAAe,QAACV;8CAAkBU;;;;;;;;;;;;wBAEpCC;sCACD,QAACZ;;;;;;mBANSS;;;;;YAShB;0BACA,QAACL;;;;;;;;;;;AAGP;GApBgBE;;QACKD;;;KADLC"
    },
    "_coverageSchema": "1a1c01bbd47fc00a2c39e90264f33305004495a9",
    "hash": "6ec3607d60540d6976d095dcd2316be40d0719d4"
  },
  "/home/maria/studia/gameshare-app/frontend/src/i18n/resources/en.ts": {
    "path": "/home/maria/studia/gameshare-app/frontend/src/i18n/resources/en.ts",
    "statementMap": {},
    "fnMap": {},
    "branchMap": {},
    "s": {},
    "f": {},
    "b": {},
[...]
    "path": "/home/maria/studia/gameshare-app/frontend/src/components/UserForm/EditUserForm.tsx",
    "statementMap": {},
    "fnMap": {},
    "branchMap": {},
    "s": {},
    "f": {},
    "b": {}
  },
  "/home/maria/studia/gameshare-app/frontend/src/components/UserForm/RegisterUserForm.tsx": {
    "path": "/home/maria/studia/gameshare-app/frontend/src/components/UserForm/RegisterUserForm.tsx",
    "statementMap": {},
    "fnMap": {},
    "branchMap": {},
    "s": {},
    "f": {},
    "b": {}
  },
  "/home/maria/studia/gameshare-app/frontend/src/components/UserForm/UserForm.tsx": {
    "path": "/home/maria/studia/gameshare-app/frontend/src/components/UserForm/UserForm.tsx",
    "statementMap": {},
    "fnMap": {},
    "branchMap": {},
    "s": {},
    "f": {},
    "b": {}
  },
  "/home/maria/studia/gameshare-app/frontend/src/components/UserGameInstances/GameInstance.tsx": {
    "path": "/home/maria/studia/gameshare-app/frontend/src/components/UserGameInstances/GameInstance.tsx",
    "statementMap": {},
    "fnMap": {},
    "branchMap": {},
    "s": {},
    "f": {},
    "b": {}
  },
  "/home/maria/studia/gameshare-app/frontend/src/components/UserGameInstances/GameInstanceAddForm.tsx": {
    "path": "/home/maria/studia/gameshare-app/frontend/src/components/UserGameInstances/GameInstanceAddForm.tsx",
    "statementMap": {},
    "fnMap": {},
    "branchMap": {},
    "s": {},
    "f": {},
    "b": {}
  },
  "/home/maria/studia/gameshare-app/frontend/src/components/UserGameInstances/GameInstancesSection.tsx": {
    "path": "/home/maria/studia/gameshare-app/frontend/src/components/UserGameInstances/GameInstancesSection.tsx",
    "statementMap": {},
    "fnMap": {},
    "branchMap": {},
    "s": {},
    "f": {},
    "b": {}
  },
  "/home/maria/studia/gameshare-app/frontend/src/components/UserGameInstances/GameReservations.tsx": {
    "path": "/home/maria/studia/gameshare-app/frontend/src/components/UserGameInstances/GameReservations.tsx",
    "statementMap": {},
    "fnMap": {},
    "branchMap": {},
    "s": {},
    "f": {},
    "b": {}
  },
  "/home/maria/studia/gameshare-app/frontend/src/components/ui/Spinner.tsx": {
    "path": "/home/maria/studia/gameshare-app/frontend/src/components/ui/Spinner.tsx",
    "statementMap": {},
    "fnMap": {},
    "branchMap": {},
    "s": {},
    "f": {},
    "b": {}
  },
  "/home/maria/studia/gameshare-app/frontend/src/components/ui/badge.tsx": {
    "path": "/home/maria/studia/gameshare-app/frontend/src/components/ui/badge.tsx",
    "statementMap": {},
    "fnMap": {},
    "branchMap": {},
    "s": {},
    "f": {},
    "b": {}
  },
  "/home/maria/studia/gameshare-app/frontend/src/components/ui/calendar.tsx": {
    "path": "/home/maria/studia/gameshare-app/frontend/src/components/ui/calendar.tsx",
    "statementMap": {},
    "fnMap": {},
    "branchMap": {},
    "s": {},
    "f": {},
    "b": {}
  },
  "/home/maria/studia/gameshare-app/frontend/src/components/ui/command.tsx": {
    "path": "/home/maria/studia/gameshare-app/frontend/src/components/ui/command.tsx",
    "statementMap": {},
    "fnMap": {},
    "branchMap": {},
    "s": {},
    "f": {},
    "b": {}
  },
  "/home/maria/studia/gameshare-app/frontend/src/components/ui/datepicker.tsx": {
    "path": "/home/maria/studia/gameshare-app/frontend/src/components/ui/datepicker.tsx",
    "statementMap": {},
    "fnMap": {},
    "branchMap": {},
    "s": {},
    "f": {},
    "b": {}
  },
  "/home/maria/studia/gameshare-app/frontend/src/components/ui/dialog.tsx": {
    "path": "/home/maria/studia/gameshare-app/frontend/src/components/ui/dialog.tsx",
    "statementMap": {},
    "fnMap": {},
    "branchMap": {},
    "s": {},
    "f": {},
    "b": {}
  },
  "/home/maria/studia/gameshare-app/frontend/src/components/ui/form.tsx": {
    "path": "/home/maria/studia/gameshare-app/frontend/src/components/ui/form.tsx",
    "statementMap": {},
    "fnMap": {},
    "branchMap": {},
    "s": {},
    "f": {},
    "b": {}
  },
  "/home/maria/studia/gameshare-app/frontend/src/components/ui/hover-card.tsx": {
    "path": "/home/maria/studia/gameshare-app/frontend/src/components/ui/hover-card.tsx",
    "statementMap": {},
    "fnMap": {},
    "branchMap": {},
    "s": {},
    "f": {},
    "b": {}
  },
  "/home/maria/studia/gameshare-app/frontend/src/components/ui/input.tsx": {
    "path": "/home/maria/studia/gameshare-app/frontend/src/components/ui/input.tsx",
    "statementMap": {},
    "fnMap": {},
    "branchMap": {},
    "s": {},
    "f": {},
    "b": {}
  },
  "/home/maria/studia/gameshare-app/frontend/src/components/ui/label.tsx": {
    "path": "/home/maria/studia/gameshare-app/frontend/src/components/ui/label.tsx",
    "statementMap": {},
    "fnMap": {},
    "branchMap": {},
    "s": {},
    "f": {},
    "b": {}
  },
  "/home/maria/studia/gameshare-app/frontend/src/components/ui/scroll-area.tsx": {
    "path": "/home/maria/studia/gameshare-app/frontend/src/components/ui/scroll-area.tsx",
    "statementMap": {},
    "fnMap": {},
    "branchMap": {},
    "s": {},
    "f": {},
    "b": {}
  },
  "/home/maria/studia/gameshare-app/frontend/src/components/ui/select.tsx": {
    "path": "/home/maria/studia/gameshare-app/frontend/src/components/ui/select.tsx",
    "statementMap": {},
    "fnMap": {},
    "branchMap": {},
    "s": {},
    "f": {},
    "b": {}
  },
  "/home/maria/studia/gameshare-app/frontend/src/components/ui/separator.tsx": {
    "path": "/home/maria/studia/gameshare-app/frontend/src/components/ui/separator.tsx",
    "statementMap": {},
    "fnMap": {},
    "branchMap": {},
    "s": {},
    "f": {},
    "b": {}
  },
  "/home/maria/studia/gameshare-app/frontend/src/components/ui/skeleton.tsx": {
    "path": "/home/maria/studia/gameshare-app/frontend/src/components/ui/skeleton.tsx",
    "statementMap": {},
    "fnMap": {},
    "branchMap": {},
    "s": {},
    "f": {},
    "b": {}
  },
  "/home/maria/studia/gameshare-app/frontend/src/components/ui/tabs.tsx": {
    "path": "/home/maria/studia/gameshare-app/frontend/src/components/ui/tabs.tsx",
    "statementMap": {},
    "fnMap": {},
    "branchMap": {},
    "s": {},
    "f": {},
    "b": {}
  },
  "/home/maria/studia/gameshare-app/frontend/src/components/ui/textarea.tsx": {
    "path": "/home/maria/studia/gameshare-app/frontend/src/components/ui/textarea.tsx",
    "statementMap": {},
    "fnMap": {},
    "branchMap": {},
    "s": {},
    "f": {},
    "b": {}
  },
  "/home/maria/studia/gameshare-app/frontend/src/components/ui/tooltip.tsx": {
    "path": "/home/maria/studia/gameshare-app/frontend/src/components/ui/tooltip.tsx",
    "statementMap": {},
    "fnMap": {},
    "branchMap": {},
    "s": {},
    "f": {},
    "b": {}
  },
  "/home/maria/studia/gameshare-app/frontend/src/pages/CategoryGameSearch/CategoryGameSearch.tsx": {
    "path": "/home/maria/studia/gameshare-app/frontend/src/pages/CategoryGameSearch/CategoryGameSearch.tsx",
    "statementMap": {},
    "fnMap": {},
    "branchMap": {},
    "s": {},
    "f": {},
    "b": {}
  },
  "/home/maria/studia/gameshare-app/frontend/src/pages/Dashboard/Dashboard.tsx": {
    "path": "/home/maria/studia/gameshare-app/frontend/src/pages/Dashboard/Dashboard.tsx",
    "statementMap": {},
    "fnMap": {},
    "branchMap": {},
    "s": {},
    "f": {},
    "b": {}
  },
  "/home/maria/studia/gameshare-app/frontend/src/pages/Dashboard/GameInstanceSearchCard.tsx": {
    "path": "/home/maria/studia/gameshare-app/frontend/src/pages/Dashboard/GameInstanceSearchCard.tsx",
    "statementMap": {},
    "fnMap": {},
    "branchMap": {},
    "s": {},
    "f": {},
    "b": {}
  },
  "/home/maria/studia/gameshare-app/frontend/src/pages/Dashboard/GamesInstancesSearchResults.tsx": {
    "path": "/home/maria/studia/gameshare-app/frontend/src/pages/Dashboard/GamesInstancesSearchResults.tsx",
    "statementMap": {},
    "fnMap": {},
    "branchMap": {},
    "s": {},
    "f": {},
    "b": {}
  },
  "/home/maria/studia/gameshare-app/frontend/src/pages/Dashboard/GamesSearch.tsx": {
    "path": "/home/maria/studia/gameshare-app/frontend/src/pages/Dashboard/GamesSearch.tsx",
    "statementMap": {},
    "fnMap": {},
    "branchMap": {},
    "s": {},
    "f": {},
    "b": {}
  },
  "/home/maria/studia/gameshare-app/frontend/src/pages/Error/Error.tsx": {
    "path": "/home/maria/studia/gameshare-app/frontend/src/pages/Error/Error.tsx",
    "statementMap": {},
    "fnMap": {},
    "branchMap": {},
    "s": {},
    "f": {},
    "b": {}
  },
  "/home/maria/studia/gameshare-app/frontend/src/pages/Game/Game.tsx": {
    "path": "/home/maria/studia/gameshare-app/frontend/src/pages/Game/Game.tsx",
    "statementMap": {},
    "fnMap": {},
    "branchMap": {},
    "s": {},
    "f": {},
    "b": {}
  },
  "/home/maria/studia/gameshare-app/frontend/src/pages/Game/GameDetailsSection.tsx": {
    "path": "/home/maria/studia/gameshare-app/frontend/src/pages/Game/GameDetailsSection.tsx",
    "statementMap": {},
    "fnMap": {},
    "branchMap": {},
    "s": {},
    "f": {},
    "b": {}
  },
  "/home/maria/studia/gameshare-app/frontend/src/pages/Game/GameInstanceCard.tsx": {
    "path": "/home/maria/studia/gameshare-app/frontend/src/pages/Game/GameInstanceCard.tsx",
    "statementMap": {},
    "fnMap": {},
    "branchMap": {},
    "s": {},
    "f": {},
    "b": {}
  },
  "/home/maria/studia/gameshare-app/frontend/src/pages/Game/GameInstancesList.tsx": {
    "path": "/home/maria/studia/gameshare-app/frontend/src/pages/Game/GameInstancesList.tsx",
    "statementMap": {},
    "fnMap": {},
    "branchMap": {},
    "s": {},
    "f": {},
    "b": {}
  },
  "/home/maria/studia/gameshare-app/frontend/src/pages/Game/GameInstancesSection.tsx": {
    "path": "/home/maria/studia/gameshare-app/frontend/src/pages/Game/GameInstancesSection.tsx",
    "statementMap": {},
    "fnMap": {},
    "branchMap": {},
    "s": {},
    "f": {},
    "b": {}
  },
  "/home/maria/studia/gameshare-app/frontend/src/pages/Game/LoadingGameDetailsSection.tsx": {
    "path": "/home/maria/studia/gameshare-app/frontend/src/pages/Game/LoadingGameDetailsSection.tsx",
    "statementMap": {},
    "fnMap": {},
    "branchMap": {},
    "s": {},
    "f": {},
    "b": {}
  },
  "/home/maria/studia/gameshare-app/frontend/src/pages/GameInstance/GameCalendar.tsx": {
    "path": "/home/maria/studia/gameshare-app/frontend/src/pages/GameInstance/GameCalendar.tsx",
    "statementMap": {},
    "fnMap": {},
    "branchMap": {},
    "s": {},
    "f": {},
    "b": {}
  },
  "/home/maria/studia/gameshare-app/frontend/src/pages/GameInstance/GameInstance.tsx": {
    "path": "/home/maria/studia/gameshare-app/frontend/src/pages/GameInstance/GameInstance.tsx",
    "statementMap": {},
    "fnMap": {},
    "branchMap": {},
    "s": {},
    "f": {},
    "b": {}
  },
  "/home/maria/studia/gameshare-app/frontend/src/pages/GameInstance/GameInstanceDetailsSection.tsx": {
    "path": "/home/maria/studia/gameshare-app/frontend/src/pages/GameInstance/GameInstanceDetailsSection.tsx",
    "statementMap": {},
    "fnMap": {},
    "branchMap": {},
    "s": {},
    "f": {},
    "b": {}
  },
  "/home/maria/studia/gameshare-app/frontend/src/pages/GameInstance/GameInstanceOpinions.tsx": {
    "path": "/home/maria/studia/gameshare-app/frontend/src/pages/GameInstance/GameInstanceOpinions.tsx",
    "statementMap": {},
    "fnMap": {},
    "branchMap": {},
    "s": {},
    "f": {},
    "b": {}
  },
  "/home/maria/studia/gameshare-app/frontend/src/pages/GameInstance/GameInstanceUserDetailsSection.tsx": {
    "path": "/home/maria/studia/gameshare-app/frontend/src/pages/GameInstance/GameInstanceUserDetailsSection.tsx",
    "statementMap": {},
    "fnMap": {},
    "branchMap": {},
    "s": {},
    "f": {},
    "b": {}
  },
  "/home/maria/studia/gameshare-app/frontend/src/pages/GameInstance/ReservationForm.tsx": {
    "path": "/home/maria/studia/gameshare-app/frontend/src/pages/GameInstance/ReservationForm.tsx",
    "statementMap": {},
    "fnMap": {},
    "branchMap": {},
    "s": {},
    "f": {},
    "b": {}
  },
  "/home/maria/studia/gameshare-app/frontend/src/pages/GameRequests/GameRequest.tsx": {
    "path": "/home/maria/studia/gameshare-app/frontend/src/pages/GameRequests/GameRequest.tsx",
    "statementMap": {},
    "fnMap": {},
    "branchMap": {},
    "s": {},
    "f": {},
    "b": {}
  },
  "/home/maria/studia/gameshare-app/frontend/src/pages/GameRequests/GameRequests.tsx": {
    "path": "/home/maria/studia/gameshare-app/frontend/src/pages/GameRequests/GameRequests.tsx",
    "statementMap": {},
    "fnMap": {},
    "branchMap": {},
    "s": {},
    "f": {},
    "b": {}
  },
  "/home/maria/studia/gameshare-app/frontend/src/pages/GameSearch/CategoriesSection.tsx": {
    "path": "/home/maria/studia/gameshare-app/frontend/src/pages/GameSearch/CategoriesSection.tsx",
    "statementMap": {},
    "fnMap": {},
    "branchMap": {},
    "s": {},
    "f": {},
    "b": {}
  },
  "/home/maria/studia/gameshare-app/frontend/src/pages/GameSearch/Game.tsx": {
    "path": "/home/maria/studia/gameshare-app/frontend/src/pages/GameSearch/Game.tsx",
    "statementMap": {},
    "fnMap": {},
    "branchMap": {},
    "s": {},
    "f": {},
    "b": {}
  },
  "/home/maria/studia/gameshare-app/frontend/src/pages/GameSearch/GameSearch.tsx": {
    "path": "/home/maria/studia/gameshare-app/frontend/src/pages/GameSearch/GameSearch.tsx",
    "statementMap": {},
    "fnMap": {},
    "branchMap": {},
    "s": {},
    "f": {},
    "b": {}
  },
  "/home/maria/studia/gameshare-app/frontend/src/pages/GameSearch/PopularGamesSection.tsx": {
    "path": "/home/maria/studia/gameshare-app/frontend/src/pages/GameSearch/PopularGamesSection.tsx",
    "statementMap": {},
    "fnMap": {},
    "branchMap": {},
    "s": {},
    "f": {},
    "b": {}
  },
  "/home/maria/studia/gameshare-app/frontend/src/pages/GameSearch/RecommendedGamesSection.tsx": {
    "path": "/home/maria/studia/gameshare-app/frontend/src/pages/GameSearch/RecommendedGamesSection.tsx",
    "statementMap": {},
    "fnMap": {},
    "branchMap": {},
    "s": {},
    "f": {},
    "b": {}
  },
  "/home/maria/studia/gameshare-app/frontend/src/pages/MyProfile/MyProfile.tsx": {
    "path": "/home/maria/studia/gameshare-app/frontend/src/pages/MyProfile/MyProfile.tsx",
    "statementMap": {},
    "fnMap": {},
    "branchMap": {},
    "s": {},
    "f": {},
    "b": {}
  },
  "/home/maria/studia/gameshare-app/frontend/src/pages/ReservationDetails/GameInstanceDetails.tsx": {
    "path": "/home/maria/studia/gameshare-app/frontend/src/pages/ReservationDetails/GameInstanceDetails.tsx",
    "statementMap": {},
    "fnMap": {},
    "branchMap": {},
    "s": {},
    "f": {},
    "b": {}
  },
  "/home/maria/studia/gameshare-app/frontend/src/pages/ReservationDetails/OpinionSection.tsx": {
    "path": "/home/maria/studia/gameshare-app/frontend/src/pages/ReservationDetails/OpinionSection.tsx",
    "statementMap": {},
    "fnMap": {},
    "branchMap": {},
    "s": {},
    "f": {},
    "b": {}
  },
  "/home/maria/studia/gameshare-app/frontend/src/pages/ReservationDetails/ReservationDetails.tsx": {
    "path": "/home/maria/studia/gameshare-app/frontend/src/pages/ReservationDetails/ReservationDetails.tsx",
    "statementMap": {},
    "fnMap": {},
    "branchMap": {},
    "s": {},
    "f": {},
    "b": {}
  },
  "/home/maria/studia/gameshare-app/frontend/src/pages/ReservationDetails/ReservationDetailsStatus.tsx": {
    "path": "/home/maria/studia/gameshare-app/frontend/src/pages/ReservationDetails/ReservationDetailsStatus.tsx",
    "statementMap": {},
    "fnMap": {},
    "branchMap": {},
    "s": {},
    "f": {},
    "b": {}
  },
  "/home/maria/studia/gameshare-app/frontend/src/pages/ReservationDetails/ReservationDetailsTable.tsx": {
    "path": "/home/maria/studia/gameshare-app/frontend/src/pages/ReservationDetails/ReservationDetailsTable.tsx",
    "statementMap": {},
    "fnMap": {},
    "branchMap": {},
    "s": {},
    "f": {},
    "b": {}
  },
  "/home/maria/studia/gameshare-app/frontend/src/pages/ReservationDetails/UserDetailsSection.tsx": {
    "path": "/home/maria/studia/gameshare-app/frontend/src/pages/ReservationDetails/UserDetailsSection.tsx",
    "statementMap": {},
    "fnMap": {},
    "branchMap": {},
    "s": {},
    "f": {},
    "b": {}
  },
  "/home/maria/studia/gameshare-app/frontend/src/pages/ReservationsHistory/ReservationCard.tsx": {
    "path": "/home/maria/studia/gameshare-app/frontend/src/pages/ReservationsHistory/ReservationCard.tsx",
    "statementMap": {},
    "fnMap": {},
    "branchMap": {},
    "s": {},
    "f": {},
    "b": {}
  },
  "/home/maria/studia/gameshare-app/frontend/src/pages/ReservationsHistory/ReservationsHistory.tsx": {
    "path": "/home/maria/studia/gameshare-app/frontend/src/pages/ReservationsHistory/ReservationsHistory.tsx",
    "statementMap": {},
    "fnMap": {},
    "branchMap": {},
    "s": {},
    "f": {},
    "b": {}
  },
  "/home/maria/studia/gameshare-app/frontend/src/pages/ReservationsHistory/ReservationsList.tsx": {
    "path": "/home/maria/studia/gameshare-app/frontend/src/pages/ReservationsHistory/ReservationsList.tsx",
    "statementMap": {},
    "fnMap": {},
    "branchMap": {},
    "s": {},
    "f": {},
    "b": {}
  },
  "/home/maria/studia/gameshare-app/frontend/src/pages/ReservationsHistory/ReservationsSideBar.tsx": {
    "path": "/home/maria/studia/gameshare-app/frontend/src/pages/ReservationsHistory/ReservationsSideBar.tsx",
    "statementMap": {},
    "fnMap": {},
    "branchMap": {},
    "s": {},
    "f": {},
    "b": {}
  },
  "/home/maria/studia/gameshare-app/frontend/src/pages/UserProfile/AddUserOpinionModal.tsx": {
    "path": "/home/maria/studia/gameshare-app/frontend/src/pages/UserProfile/AddUserOpinionModal.tsx",
    "statementMap": {},
    "fnMap": {},
    "branchMap": {},
    "s": {},
    "f": {},
    "b": {}
  },
  "/home/maria/studia/gameshare-app/frontend/src/pages/UserProfile/UserProfile.tsx": {
    "path": "/home/maria/studia/gameshare-app/frontend/src/pages/UserProfile/UserProfile.tsx",
    "statementMap": {},
    "fnMap": {},
    "branchMap": {},
    "s": {},
    "f": {},
    "b": {}
  },
  "/home/maria/studia/gameshare-app/frontend/src/pages/ReservationDetails/ReservationDetailsOwner/OpinionAboutRenter.tsx": {
    "path": "/home/maria/studia/gameshare-app/frontend/src/pages/ReservationDetails/ReservationDetailsOwner/OpinionAboutRenter.tsx",
    "statementMap": {},
    "fnMap": {},
    "branchMap": {},
    "s": {},
    "f": {},
    "b": {}
  },
  "/home/maria/studia/gameshare-app/frontend/src/pages/ReservationDetails/ReservationDetailsOwner/ReservationDetailsOwner.tsx": {
    "path": "/home/maria/studia/gameshare-app/frontend/src/pages/ReservationDetails/ReservationDetailsOwner/ReservationDetailsOwner.tsx",
    "statementMap": {},
    "fnMap": {},
    "branchMap": {},
    "s": {},
    "f": {},
    "b": {}
  },
  "/home/maria/studia/gameshare-app/frontend/src/pages/ReservationDetails/ReservationDetailsRenter/OpinionAboutGameInstance.tsx": {
    "path": "/home/maria/studia/gameshare-app/frontend/src/pages/ReservationDetails/ReservationDetailsRenter/OpinionAboutGameInstance.tsx",
    "statementMap": {},
    "fnMap": {},
    "branchMap": {},
    "s": {},
    "f": {},
    "b": {}
  },
  "/home/maria/studia/gameshare-app/frontend/src/pages/ReservationDetails/ReservationDetailsRenter/OpinionAboutOwner.tsx": {
    "path": "/home/maria/studia/gameshare-app/frontend/src/pages/ReservationDetails/ReservationDetailsRenter/OpinionAboutOwner.tsx",
    "statementMap": {},
    "fnMap": {},
    "branchMap": {},
    "s": {},
    "f": {},
    "b": {}
  },
  "/home/maria/studia/gameshare-app/frontend/src/pages/ReservationDetails/ReservationDetailsRenter/ReservationDetailsRenter.tsx": {
    "path": "/home/maria/studia/gameshare-app/frontend/src/pages/ReservationDetails/ReservationDetailsRenter/ReservationDetailsRenter.tsx",
    "statementMap": {},
    "fnMap": {},
    "branchMap": {},
    "s": {},
    "f": {},
    "b": {}
  }
}
