{
  "/home/maria/studia/gameshare-app/frontend/src/ThemeProvider.tsx": {
    "path": "/home/maria/studia/gameshare-app/frontend/src/ThemeProvider.tsx",
    "statementMap": {
      "0": {
        "start": {
          "line": 3,
          "column": 0
        },
        "end": {
          "line": 3,
          "column": 104
        }
      },
      "1": {
        "start": {
          "line": 3,
          "column": 26
        },
        "end": {
          "line": 3,
          "column": 104
        }
      },
      "2": {
        "start": {
          "line": 4,
          "column": 23
        },
        "end": {
          "line": 4,
          "column": 42
        }
      },
      "3": {
        "start": {
          "line": 5,
          "column": 23
        },
        "end": {
          "line": 5,
          "column": 42
        }
      },
      "4": {
        "start": {
          "line": 6,
          "column": 0
        },
        "end": {
          "line": 6,
          "column": 118
        }
      },
      "5": {
        "start": {
          "line": 7,
          "column": 0
        },
        "end": {
          "line": 7,
          "column": 73
        }
      },
      "6": {
        "start": {
          "line": 10,
          "column": 9
        },
        "end": {
          "line": 10,
          "column": 23
        }
      },
      "7": {
        "start": {
          "line": 10,
          "column": 31
        },
        "end": {
          "line": 10,
          "column": 45
        }
      },
      "8": {
        "start": {
          "line": 12,
          "column": 21
        },
        "end": {
          "line": 15,
          "column": 1
        }
      },
      "9": {
        "start": {
          "line": 14,
          "column": 18
        },
        "end": {
          "line": 14,
          "column": 22
        }
      },
      "10": {
        "start": {
          "line": 16,
          "column": 43
        },
        "end": {
          "line": 16,
          "column": 70
        }
      },
      "11": {
        "start": {
          "line": 18,
          "column": 4
        },
        "end": {
          "line": 18,
          "column": 9
        }
      },
      "12": {
        "start": {
          "line": 19,
          "column": 30
        },
        "end": {
          "line": 19,
          "column": 92
        }
      },
      "13": {
        "start": {
          "line": 19,
          "column": 43
        },
        "end": {
          "line": 19,
          "column": 91
        }
      },
      "14": {
        "start": {
          "line": 20,
          "column": 4
        },
        "end": {
          "line": 31,
          "column": 7
        }
      },
      "15": {
        "start": {
          "line": 21,
          "column": 21
        },
        "end": {
          "line": 21,
          "column": 52
        }
      },
      "16": {
        "start": {
          "line": 22,
          "column": 8
        },
        "end": {
          "line": 22,
          "column": 47
        }
      },
      "17": {
        "start": {
          "line": 23,
          "column": 8
        },
        "end": {
          "line": 27,
          "column": 9
        }
      },
      "18": {
        "start": {
          "line": 24,
          "column": 32
        },
        "end": {
          "line": 24,
          "column": 108
        }
      },
      "19": {
        "start": {
          "line": 25,
          "column": 12
        },
        "end": {
          "line": 25,
          "column": 44
        }
      },
      "20": {
        "start": {
          "line": 26,
          "column": 12
        },
        "end": {
          "line": 26,
          "column": 19
        }
      },
      "21": {
        "start": {
          "line": 28,
          "column": 8
        },
        "end": {
          "line": 28,
          "column": 34
        }
      },
      "22": {
        "start": {
          "line": 32,
          "column": 18
        },
        "end": {
          "line": 38,
          "column": 5
        }
      },
      "23": {
        "start": {
          "line": 35,
          "column": 12
        },
        "end": {
          "line": 35,
          "column": 52
        }
      },
      "24": {
        "start": {
          "line": 36,
          "column": 12
        },
        "end": {
          "line": 36,
          "column": 28
        }
      },
      "25": {
        "start": {
          "line": 39,
          "column": 4
        },
        "end": {
          "line": 47,
          "column": 13
        }
      },
      "26": {
        "start": {
          "line": 49,
          "column": 0
        },
        "end": {
          "line": 49,
          "column": 50
        }
      },
      "27": {
        "start": {
          "line": 50,
          "column": 0
        },
        "end": {
          "line": 50,
          "column": 19
        }
      },
      "28": {
        "start": {
          "line": 51,
          "column": 24
        },
        "end": {
          "line": 56,
          "column": 1
        }
      },
      "29": {
        "start": {
          "line": 52,
          "column": 4
        },
        "end": {
          "line": 52,
          "column": 10
        }
      },
      "30": {
        "start": {
          "line": 53,
          "column": 20
        },
        "end": {
          "line": 53,
          "column": 52
        }
      },
      "31": {
        "start": {
          "line": 54,
          "column": 4
        },
        "end": {
          "line": 54,
          "column": 95
        }
      },
      "32": {
        "start": {
          "line": 54,
          "column": 31
        },
        "end": {
          "line": 54,
          "column": 95
        }
      },
      "33": {
        "start": {
          "line": 55,
          "column": 4
        },
        "end": {
          "line": 55,
          "column": 19
        }
      },
      "34": {
        "start": {
          "line": 57,
          "column": 0
        },
        "end": {
          "line": 57,
          "column": 46
        }
      },
      "35": {
        "start": {
          "line": 59,
          "column": 0
        },
        "end": {
          "line": 59,
          "column": 34
        }
      },
      "36": {
        "start": {
          "line": 62,
          "column": 0
        },
        "end": {
          "line": 62,
          "column": 37
        }
      },
      "37": {
        "start": {
          "line": 63,
          "column": 0
        },
        "end": {
          "line": 63,
          "column": 37
        }
      },
      "38": {
        "start": {
          "line": 64,
          "column": 0
        },
        "end": {
          "line": 71,
          "column": 3
        }
      },
      "39": {
        "start": {
          "line": 65,
          "column": 2
        },
        "end": {
          "line": 65,
          "column": 131
        }
      },
      "40": {
        "start": {
          "line": 66,
          "column": 2
        },
        "end": {
          "line": 70,
          "column": 5
        }
      },
      "41": {
        "start": {
          "line": 67,
          "column": 4
        },
        "end": {
          "line": 67,
          "column": 29
        }
      },
      "42": {
        "start": {
          "line": 67,
          "column": 22
        },
        "end": {
          "line": 67,
          "column": 29
        }
      },
      "43": {
        "start": {
          "line": 68,
          "column": 30
        },
        "end": {
          "line": 68,
          "column": 113
        }
      },
      "44": {
        "start": {
          "line": 69,
          "column": 4
        },
        "end": {
          "line": 69,
          "column": 73
        }
      },
      "45": {
        "start": {
          "line": 69,
          "column": 27
        },
        "end": {
          "line": 69,
          "column": 73
        }
      }
    },
    "fnMap": {
      "0": {
        "name": "(anonymous_0)",
        "decl": {
          "start": {
            "line": 14,
            "column": 14
          },
          "end": {
            "line": 14,
            "column": 15
          }
        },
        "loc": {
          "start": {
            "line": 14,
            "column": 18
          },
          "end": {
            "line": 14,
            "column": 22
          }
        },
        "line": 14
      },
      "1": {
        "name": "ThemeProvider",
        "decl": {
          "start": {
            "line": 17,
            "column": 16
          },
          "end": {
            "line": 17,
            "column": 29
          }
        },
        "loc": {
          "start": {
            "line": 17,
            "column": 109
          },
          "end": {
            "line": 48,
            "column": 1
          }
        },
        "line": 17
      },
      "2": {
        "name": "(anonymous_2)",
        "decl": {
          "start": {
            "line": 19,
            "column": 39
          },
          "end": {
            "line": 19,
            "column": 40
          }
        },
        "loc": {
          "start": {
            "line": 19,
            "column": 43
          },
          "end": {
            "line": 19,
            "column": 91
          }
        },
        "line": 19
      },
      "3": {
        "name": "(anonymous_3)",
        "decl": {
          "start": {
            "line": 20,
            "column": 14
          },
          "end": {
            "line": 20,
            "column": 15
          }
        },
        "loc": {
          "start": {
            "line": 20,
            "column": 18
          },
          "end": {
            "line": 29,
            "column": 5
          }
        },
        "line": 20
      },
      "4": {
        "name": "(anonymous_4)",
        "decl": {
          "start": {
            "line": 34,
            "column": 18
          },
          "end": {
            "line": 34,
            "column": 19
          }
        },
        "loc": {
          "start": {
            "line": 34,
            "column": 27
          },
          "end": {
            "line": 37,
            "column": 9
          }
        },
        "line": 34
      },
      "5": {
        "name": "(anonymous_5)",
        "decl": {
          "start": {
            "line": 51,
            "column": 24
          },
          "end": {
            "line": 51,
            "column": 25
          }
        },
        "loc": {
          "start": {
            "line": 51,
            "column": 28
          },
          "end": {
            "line": 56,
            "column": 1
          }
        },
        "line": 51
      },
      "6": {
        "name": "(anonymous_6)",
        "decl": {
          "start": {
            "line": 64,
            "column": 50
          },
          "end": {
            "line": 64,
            "column": 51
          }
        },
        "loc": {
          "start": {
            "line": 64,
            "column": 70
          },
          "end": {
            "line": 71,
            "column": 1
          }
        },
        "line": 64
      },
      "7": {
        "name": "(anonymous_7)",
        "decl": {
          "start": {
            "line": 66,
            "column": 25
          },
          "end": {
            "line": 66,
            "column": 26
          }
        },
        "loc": {
          "start": {
            "line": 66,
            "column": 42
          },
          "end": {
            "line": 70,
            "column": 3
          }
        },
        "line": 66
      }
    },
    "branchMap": {
      "0": {
        "loc": {
          "start": {
            "line": 3,
            "column": 0
          },
          "end": {
            "line": 3,
            "column": 104
          }
        },
        "type": "if",
        "locations": [
          {
            "start": {
              "line": 3,
              "column": 0
            },
            "end": {
              "line": 3,
              "column": 104
            }
          },
          {
            "start": {},
            "end": {}
          }
        ],
        "line": 3
      },
      "1": {
        "loc": {
          "start": {
            "line": 17,
            "column": 42
          },
          "end": {
            "line": 17,
            "column": 65
          }
        },
        "type": "default-arg",
        "locations": [
          {
            "start": {
              "line": 17,
              "column": 57
            },
            "end": {
              "line": 17,
              "column": 65
            }
          }
        ],
        "line": 17
      },
      "2": {
        "loc": {
          "start": {
            "line": 17,
            "column": 67
          },
          "end": {
            "line": 17,
            "column": 95
          }
        },
        "type": "default-arg",
        "locations": [
          {
            "start": {
              "line": 17,
              "column": 80
            },
            "end": {
              "line": 17,
              "column": 95
            }
          }
        ],
        "line": 17
      },
      "3": {
        "loc": {
          "start": {
            "line": 19,
            "column": 43
          },
          "end": {
            "line": 19,
            "column": 91
          }
        },
        "type": "binary-expr",
        "locations": [
          {
            "start": {
              "line": 19,
              "column": 43
            },
            "end": {
              "line": 19,
              "column": 75
            }
          },
          {
            "start": {
              "line": 19,
              "column": 79
            },
            "end": {
              "line": 19,
              "column": 91
            }
          }
        ],
        "line": 19
      },
      "4": {
        "loc": {
          "start": {
            "line": 23,
            "column": 8
          },
          "end": {
            "line": 27,
            "column": 9
          }
        },
        "type": "if",
        "locations": [
          {
            "start": {
              "line": 23,
              "column": 8
            },
            "end": {
              "line": 27,
              "column": 9
            }
          },
          {
            "start": {},
            "end": {}
          }
        ],
        "line": 23
      },
      "5": {
        "loc": {
          "start": {
            "line": 24,
            "column": 32
          },
          "end": {
            "line": 24,
            "column": 108
          }
        },
        "type": "cond-expr",
        "locations": [
          {
            "start": {
              "line": 24,
              "column": 92
            },
            "end": {
              "line": 24,
              "column": 98
            }
          },
          {
            "start": {
              "line": 24,
              "column": 101
            },
            "end": {
              "line": 24,
              "column": 108
            }
          }
        ],
        "line": 24
      },
      "6": {
        "loc": {
          "start": {
            "line": 54,
            "column": 4
          },
          "end": {
            "line": 54,
            "column": 95
          }
        },
        "type": "if",
        "locations": [
          {
            "start": {
              "line": 54,
              "column": 4
            },
            "end": {
              "line": 54,
              "column": 95
            }
          },
          {
            "start": {},
            "end": {}
          }
        ],
        "line": 54
      },
      "7": {
        "loc": {
          "start": {
            "line": 67,
            "column": 4
          },
          "end": {
            "line": 67,
            "column": 29
          }
        },
        "type": "if",
        "locations": [
          {
            "start": {
              "line": 67,
              "column": 4
            },
            "end": {
              "line": 67,
              "column": 29
            }
          },
          {
            "start": {},
            "end": {}
          }
        ],
        "line": 67
      },
      "8": {
        "loc": {
          "start": {
            "line": 69,
            "column": 4
          },
          "end": {
            "line": 69,
            "column": 73
          }
        },
        "type": "if",
        "locations": [
          {
            "start": {
              "line": 69,
              "column": 4
            },
            "end": {
              "line": 69,
              "column": 73
            }
          },
          {
            "start": {},
            "end": {}
          }
        ],
        "line": 69
      }
    },
    "s": {
      "0": 33,
      "1": 0,
      "2": 33,
      "3": 33,
      "4": 33,
      "5": 33,
      "6": 33,
      "7": 33,
      "8": 33,
      "9": 0,
      "10": 33,
      "11": 11,
      "12": 11,
      "13": 11,
      "14": 11,
      "15": 11,
      "16": 11,
      "17": 11,
      "18": 11,
      "19": 11,
      "20": 11,
      "21": 0,
      "22": 11,
      "23": 0,
      "24": 0,
      "25": 11,
      "26": 33,
      "27": 33,
      "28": 33,
      "29": 0,
      "30": 0,
      "31": 0,
      "32": 0,
      "33": 0,
      "34": 33,
      "35": 33,
      "36": 33,
      "37": 33,
      "38": 33,
      "39": 33,
      "40": 33,
      "41": 0,
      "42": 0,
      "43": 0,
      "44": 0,
      "45": 0
    },
    "f": {
      "0": 0,
      "1": 11,
      "2": 11,
      "3": 11,
      "4": 0,
      "5": 0,
      "6": 33,
      "7": 0
    },
    "b": {
      "0": [
        0,
        33
      ],
      "1": [
        11
      ],
      "2": [
        11
      ],
      "3": [
        11,
        11
      ],
      "4": [
        11,
        0
      ],
      "5": [
        0,
        11
      ],
      "6": [
        0,
        0
      ],
      "7": [
        0,
        0
      ],
      "8": [
        0,
        0
      ]
    },
    "inputSourceMap": {
      "version": 3,
      "sources": [
        "/home/maria/studia/gameshare-app/frontend/src/ThemeProvider.tsx"
      ],
      "names": [
        "createContext",
        "useContext",
        "useEffect",
        "useState",
        "initialState",
        "theme",
        "setTheme",
        "ThemeProviderContext",
        "ThemeProvider",
        "children",
        "defaultTheme",
        "storageKey",
        "props",
        "localStorage",
        "getItem",
        "root",
        "window",
        "document",
        "documentElement",
        "classList",
        "remove",
        "systemTheme",
        "matchMedia",
        "matches",
        "add",
        "value",
        "setItem",
        "Provider",
        "useTheme",
        "context",
        "undefined",
        "Error"
      ],
      "mappings": ";;;;;;;;;;AAAA,SAASA,aAAa,EAAEC,UAAU,EAAEC,SAAS,EAAEC,QAAQ,QAAQ,QAAQ;AAevE,MAAMC,eAAmC;IACvCC,OAAO;IACPC,UAAU,IAAM;AAClB;AAEA,MAAMC,qCAAuBP,cAAkCI;AAE/D,OAAO,SAASI,cAAc,EAC5BC,QAAQ,EACRC,eAAe,QAAQ,EACvBC,aAAa,eAAe,EAC5B,GAAGC,OACgB;;IACnB,MAAM,CAACP,OAAOC,SAAS,GAAGH,SACxB,IAAM,AAACU,aAAaC,OAAO,CAACH,eAAyBD;IAGvDR,UAAU;QACR,MAAMa,OAAOC,OAAOC,QAAQ,CAACC,eAAe;QAE5CH,KAAKI,SAAS,CAACC,MAAM,CAAC,SAAS;QAE/B,IAAIf,UAAU,UAAU;YACtB,MAAMgB,cAAcL,OAAOM,UAAU,CAAC,gCAAgCC,OAAO,GACzE,SACA;YAEJR,KAAKI,SAAS,CAACK,GAAG,CAACH;YACnB;QACF;QAEAN,KAAKI,SAAS,CAACK,GAAG,CAACnB;IACrB,GAAG;QAACA;KAAM;IAEV,MAAMoB,QAAQ;QACZpB;QACAC,UAAU,CAACD;YACTQ,aAAaa,OAAO,CAACf,YAAYN;YACjCC,SAASD;QACX;IACF;IAEA,qBACE,QAACE,qBAAqBoB,QAAQ;QAAE,GAAGf,KAAK;QAAEa,OAAOA;kBAC9ChB;;;;;;AAGP;GAxCgBD;KAAAA;AA0ChB,OAAO,MAAMoB,WAAW;;IACtB,MAAMC,UAAU5B,WAAWM;IAE3B,IAAIsB,YAAYC,WAAW,MAAM,IAAIC,MAAM;IAE3C,OAAOF;AACT,EAAE;IANWD"
    },
    "_coverageSchema": "1a1c01bbd47fc00a2c39e90264f33305004495a9",
    "hash": "2ec983856e8cf03708816179a6acb338390c98ce"
  },
  "/home/maria/studia/gameshare-app/frontend/src/utils/tailwind.ts": {
    "path": "/home/maria/studia/gameshare-app/frontend/src/utils/tailwind.ts",
    "statementMap": {
      "0": {
        "start": {
          "line": 4,
          "column": 4
        },
        "end": {
          "line": 4,
          "column": 33
        }
      }
    },
    "fnMap": {
      "0": {
        "name": "cn",
        "decl": {
          "start": {
            "line": 3,
            "column": 16
          },
          "end": {
            "line": 3,
            "column": 18
          }
        },
        "loc": {
          "start": {
            "line": 3,
            "column": 30
          },
          "end": {
            "line": 5,
            "column": 1
          }
        },
        "line": 3
      }
    },
    "branchMap": {},
    "s": {
      "0": 30
    },
    "f": {
      "0": 30
    },
    "b": {},
    "inputSourceMap": {
      "version": 3,
      "sources": [
        "/home/maria/studia/gameshare-app/frontend/src/utils/tailwind.ts"
      ],
      "names": [
        "clsx",
        "twMerge",
        "cn",
        "inputs"
      ],
      "mappings": "AAAA,SAA0BA,IAAI,QAAQ,OAAO;AAC7C,SAASC,OAAO,QAAQ,iBAAiB;AAEzC,OAAO,SAASC,GAAG,GAAGC,MAAoB;IACxC,OAAOF,QAAQD,KAAKG;AACtB"
    },
    "_coverageSchema": "1a1c01bbd47fc00a2c39e90264f33305004495a9",
    "hash": "d001c98e56376ea9bf92c7837691daa6933e803e"
  },
  "/home/maria/studia/gameshare-app/frontend/src/utils/date.ts": {
    "path": "/home/maria/studia/gameshare-app/frontend/src/utils/date.ts",
    "statementMap": {
      "0": {
        "start": {
          "line": 2,
          "column": 4
        },
        "end": {
          "line": 2,
          "column": 60
        }
      },
      "1": {
        "start": {
          "line": 5,
          "column": 4
        },
        "end": {
          "line": 5,
          "column": 64
        }
      },
      "2": {
        "start": {
          "line": 8,
          "column": 33
        },
        "end": {
          "line": 8,
          "column": 57
        }
      },
      "3": {
        "start": {
          "line": 9,
          "column": 4
        },
        "end": {
          "line": 9,
          "column": 73
        }
      },
      "4": {
        "start": {
          "line": 10,
          "column": 4
        },
        "end": {
          "line": 10,
          "column": 38
        }
      },
      "5": {
        "start": {
          "line": 11,
          "column": 4
        },
        "end": {
          "line": 11,
          "column": 34
        }
      },
      "6": {
        "start": {
          "line": 14,
          "column": 32
        },
        "end": {
          "line": 14,
          "column": 55
        }
      },
      "7": {
        "start": {
          "line": 15,
          "column": 4
        },
        "end": {
          "line": 15,
          "column": 71
        }
      },
      "8": {
        "start": {
          "line": 16,
          "column": 4
        },
        "end": {
          "line": 16,
          "column": 37
        }
      },
      "9": {
        "start": {
          "line": 17,
          "column": 4
        },
        "end": {
          "line": 17,
          "column": 33
        }
      },
      "10": {
        "start": {
          "line": 20,
          "column": 4
        },
        "end": {
          "line": 20,
          "column": 45
        }
      }
    },
    "fnMap": {
      "0": {
        "name": "getFirstDayOfMonth",
        "decl": {
          "start": {
            "line": 1,
            "column": 16
          },
          "end": {
            "line": 1,
            "column": 34
          }
        },
        "loc": {
          "start": {
            "line": 1,
            "column": 41
          },
          "end": {
            "line": 3,
            "column": 1
          }
        },
        "line": 1
      },
      "1": {
        "name": "getLastDayOfMonth",
        "decl": {
          "start": {
            "line": 4,
            "column": 16
          },
          "end": {
            "line": 4,
            "column": 33
          }
        },
        "loc": {
          "start": {
            "line": 4,
            "column": 40
          },
          "end": {
            "line": 6,
            "column": 1
          }
        },
        "line": 4
      },
      "2": {
        "name": "getFirstDayOfLastMonth",
        "decl": {
          "start": {
            "line": 7,
            "column": 16
          },
          "end": {
            "line": 7,
            "column": 38
          }
        },
        "loc": {
          "start": {
            "line": 7,
            "column": 45
          },
          "end": {
            "line": 12,
            "column": 1
          }
        },
        "line": 7
      },
      "3": {
        "name": "getFirstDayOfNextMonth",
        "decl": {
          "start": {
            "line": 13,
            "column": 16
          },
          "end": {
            "line": 13,
            "column": 38
          }
        },
        "loc": {
          "start": {
            "line": 13,
            "column": 45
          },
          "end": {
            "line": 18,
            "column": 1
          }
        },
        "line": 13
      },
      "4": {
        "name": "getDaysInMonth",
        "decl": {
          "start": {
            "line": 19,
            "column": 16
          },
          "end": {
            "line": 19,
            "column": 30
          }
        },
        "loc": {
          "start": {
            "line": 19,
            "column": 37
          },
          "end": {
            "line": 21,
            "column": 1
          }
        },
        "line": 19
      }
    },
    "branchMap": {},
    "s": {
      "0": 16,
      "1": 28,
      "2": 7,
      "3": 7,
      "4": 7,
      "5": 7,
      "6": 6,
      "7": 6,
      "8": 6,
      "9": 6,
      "10": 14
    },
    "f": {
      "0": 16,
      "1": 28,
      "2": 7,
      "3": 6,
      "4": 14
    },
    "b": {},
    "inputSourceMap": {
      "version": 3,
      "sources": [
        "/home/maria/studia/gameshare-app/frontend/src/utils/date.ts"
      ],
      "names": [
        "getFirstDayOfMonth",
        "date",
        "Date",
        "getFullYear",
        "getMonth",
        "getLastDayOfMonth",
        "getFirstDayOfLastMonth",
        "firstDayOfCurrentMonth",
        "setDate",
        "getDate",
        "getFirstDayOfNextMonth",
        "lastDayOfCurrentMonth",
        "getDaysInMonth"
      ],
      "mappings": "AAAA,OAAO,SAASA,mBAAmBC,IAAU;IAC3C,OAAO,IAAIC,KAAKD,KAAKE,WAAW,IAAIF,KAAKG,QAAQ,IAAI;AACvD;AAEA,OAAO,SAASC,kBAAkBJ,IAAU;IAC1C,OAAO,IAAIC,KAAKD,KAAKE,WAAW,IAAIF,KAAKG,QAAQ,KAAK,GAAG;AAC3D;AAEA,OAAO,SAASE,uBAAuBL,IAAU;IAC/C,IAAIM,yBAAyBP,mBAAmBC;IAChDM,uBAAuBC,OAAO,CAACD,uBAAuBE,OAAO,KAAK;IAClEF,uBAAuBC,OAAO,CAAC;IAC/B,OAAOD;AACT;AAEA,OAAO,SAASG,uBAAuBT,IAAU;IAC/C,IAAIU,wBAAwBN,kBAAkBJ;IAC9CU,sBAAsBH,OAAO,CAACG,sBAAsBF,OAAO,KAAK;IAChEE,sBAAsBH,OAAO,CAAC;IAC9B,OAAOG;AACT;AAEA,OAAO,SAASC,eAAeX,IAAU;IACvC,OAAOI,kBAAkBJ,MAAMQ,OAAO;AACxC"
    },
    "_coverageSchema": "1a1c01bbd47fc00a2c39e90264f33305004495a9",
    "hash": "4e3ee5c43cc115596ee9784f6e9e9a53c2a6f5e3"
  },
  "/home/maria/studia/gameshare-app/frontend/src/utils/stringToColor.ts": {
    "path": "/home/maria/studia/gameshare-app/frontend/src/utils/stringToColor.ts",
    "statementMap": {
      "0": {
        "start": {
          "line": 1,
          "column": 32
        },
        "end": {
          "line": 16,
          "column": 1
        }
      },
      "1": {
        "start": {
          "line": 2,
          "column": 4
        },
        "end": {
          "line": 4,
          "column": 5
        }
      },
      "2": {
        "start": {
          "line": 3,
          "column": 8
        },
        "end": {
          "line": 3,
          "column": 28
        }
      },
      "3": {
        "start": {
          "line": 5,
          "column": 16
        },
        "end": {
          "line": 5,
          "column": 76
        }
      },
      "4": {
        "start": {
          "line": 6,
          "column": 14
        },
        "end": {
          "line": 6,
          "column": 61
        }
      },
      "5": {
        "start": {
          "line": 7,
          "column": 27
        },
        "end": {
          "line": 11,
          "column": 5
        }
      },
      "6": {
        "start": {
          "line": 8,
          "column": 18
        },
        "end": {
          "line": 8,
          "column": 37
        }
      },
      "7": {
        "start": {
          "line": 9,
          "column": 22
        },
        "end": {
          "line": 9,
          "column": 77
        }
      },
      "8": {
        "start": {
          "line": 10,
          "column": 8
        },
        "end": {
          "line": 10,
          "column": 69
        }
      },
      "9": {
        "start": {
          "line": 12,
          "column": 16
        },
        "end": {
          "line": 12,
          "column": 33
        }
      },
      "10": {
        "start": {
          "line": 13,
          "column": 18
        },
        "end": {
          "line": 13,
          "column": 35
        }
      },
      "11": {
        "start": {
          "line": 14,
          "column": 17
        },
        "end": {
          "line": 14,
          "column": 34
        }
      },
      "12": {
        "start": {
          "line": 15,
          "column": 4
        },
        "end": {
          "line": 15,
          "column": 36
        }
      },
      "13": {
        "start": {
          "line": 17,
          "column": 31
        },
        "end": {
          "line": 21,
          "column": 1
        }
      },
      "14": {
        "start": {
          "line": 18,
          "column": 21
        },
        "end": {
          "line": 18,
          "column": 49
        }
      },
      "15": {
        "start": {
          "line": 19,
          "column": 24
        },
        "end": {
          "line": 19,
          "column": 67
        }
      },
      "16": {
        "start": {
          "line": 20,
          "column": 4
        },
        "end": {
          "line": 20,
          "column": 33
        }
      }
    },
    "fnMap": {
      "0": {
        "name": "(anonymous_0)",
        "decl": {
          "start": {
            "line": 1,
            "column": 32
          },
          "end": {
            "line": 1,
            "column": 33
          }
        },
        "loc": {
          "start": {
            "line": 1,
            "column": 101
          },
          "end": {
            "line": 16,
            "column": 1
          }
        },
        "line": 1
      },
      "1": {
        "name": "(anonymous_1)",
        "decl": {
          "start": {
            "line": 7,
            "column": 27
          },
          "end": {
            "line": 7,
            "column": 28
          }
        },
        "loc": {
          "start": {
            "line": 7,
            "column": 32
          },
          "end": {
            "line": 11,
            "column": 5
          }
        },
        "line": 7
      },
      "2": {
        "name": "(anonymous_2)",
        "decl": {
          "start": {
            "line": 17,
            "column": 31
          },
          "end": {
            "line": 17,
            "column": 32
          }
        },
        "loc": {
          "start": {
            "line": 17,
            "column": 35
          },
          "end": {
            "line": 21,
            "column": 1
          }
        },
        "line": 17
      }
    },
    "branchMap": {
      "0": {
        "loc": {
          "start": {
            "line": 1,
            "column": 39
          },
          "end": {
            "line": 1,
            "column": 55
          }
        },
        "type": "default-arg",
        "locations": [
          {
            "start": {
              "line": 1,
              "column": 52
            },
            "end": {
              "line": 1,
              "column": 55
            }
          }
        ],
        "line": 1
      },
      "1": {
        "loc": {
          "start": {
            "line": 1,
            "column": 57
          },
          "end": {
            "line": 1,
            "column": 72
          }
        },
        "type": "default-arg",
        "locations": [
          {
            "start": {
              "line": 1,
              "column": 69
            },
            "end": {
              "line": 1,
              "column": 72
            }
          }
        ],
        "line": 1
      },
      "2": {
        "loc": {
          "start": {
            "line": 1,
            "column": 74
          },
          "end": {
            "line": 1,
            "column": 98
          }
        },
        "type": "default-arg",
        "locations": [
          {
            "start": {
              "line": 1,
              "column": 89
            },
            "end": {
              "line": 1,
              "column": 98
            }
          }
        ],
        "line": 1
      },
      "3": {
        "loc": {
          "start": {
            "line": 2,
            "column": 4
          },
          "end": {
            "line": 4,
            "column": 5
          }
        },
        "type": "if",
        "locations": [
          {
            "start": {
              "line": 2,
              "column": 4
            },
            "end": {
              "line": 4,
              "column": 5
            }
          },
          {
            "start": {},
            "end": {}
          }
        ],
        "line": 2
      },
      "4": {
        "loc": {
          "start": {
            "line": 2,
            "column": 8
          },
          "end": {
            "line": 2,
            "column": 32
          }
        },
        "type": "binary-expr",
        "locations": [
          {
            "start": {
              "line": 2,
              "column": 8
            },
            "end": {
              "line": 2,
              "column": 13
            }
          },
          {
            "start": {
              "line": 2,
              "column": 17
            },
            "end": {
              "line": 2,
              "column": 32
            }
          }
        ],
        "line": 2
      }
    },
    "s": {
      "0": 9,
      "1": 47,
      "2": 18,
      "3": 29,
      "4": 29,
      "5": 29,
      "6": 87,
      "7": 87,
      "8": 87,
      "9": 29,
      "10": 29,
      "11": 29,
      "12": 29,
      "13": 9,
      "14": 20,
      "15": 20,
      "16": 20
    },
    "f": {
      "0": 47,
      "1": 87,
      "2": 20
    },
    "b": {
      "0": [
        47
      ],
      "1": [
        47
      ],
      "2": [
        47
      ],
      "3": [
        18,
        29
      ],
      "4": [
        47,
        38
      ]
    },
    "inputSourceMap": {
      "version": 3,
      "sources": [
        "/home/maria/studia/gameshare-app/frontend/src/utils/stringToColor.ts"
      ],
      "names": [
        "stringToHexColor",
        "word",
        "saturation",
        "lightness",
        "defaultColor",
        "length",
        "hue",
        "charCodeAt",
        "a",
        "Math",
        "min",
        "calculateColor",
        "n",
        "k",
        "color",
        "max",
        "round",
        "toString",
        "padStart",
        "red",
        "green",
        "blue",
        "getRandomLetter",
        "alphabet",
        "randomIndex",
        "floor",
        "random"
      ],
      "mappings": "AAAA,OAAO,MAAMA,mBAAmB,CAC9BC,MACAC,aAAqB,GAAG,EACxBC,YAAoB,GAAG,EACvBC,eAAe,SAAS;IAExB,IAAI,CAACH,QAAQA,KAAKI,MAAM,GAAG,GAAG;QAC5B,OAAOD;IACT;IACA,MAAME,MAAML,KAAKM,UAAU,CAAC,KAAKN,KAAKM,UAAU,CAAC,KAAKN,KAAKM,UAAU,CAAC;IACtE,MAAMC,IAAIN,aAAaO,KAAKC,GAAG,CAACP,WAAW,IAAIA;IAE/C,MAAMQ,iBAAiB,CAACC;QACtB,MAAMC,IAAI,AAACD,CAAAA,IAAIN,MAAM,EAAC,IAAK;QAC3B,MAAMQ,QAAQX,YAAYK,IAAIC,KAAKM,GAAG,CAACN,KAAKC,GAAG,CAACG,IAAI,GAAG,IAAIA,GAAG,IAAI,CAAC;QACnE,OAAOJ,KAAKO,KAAK,CAAC,MAAMF,OACrBG,QAAQ,CAAC,IACTC,QAAQ,CAAC,GAAG;IACjB;IAEA,MAAMC,MAAMR,eAAe;IAC3B,MAAMS,QAAQT,eAAe;IAC7B,MAAMU,OAAOV,eAAe;IAE5B,OAAO,CAAC,CAAC,EAAEQ,IAAI,EAAEC,MAAM,EAAEC,KAAK,CAAC;AACjC,EAAE;AAEF,OAAO,MAAMC,kBAAkB;IAC7B,MAAMC,WAAW;IACjB,MAAMC,cAAcf,KAAKgB,KAAK,CAAChB,KAAKiB,MAAM,KAAKH,SAASlB,MAAM;IAC9D,OAAOkB,QAAQ,CAACC,YAAY;AAC9B,EAAE"
    },
    "_coverageSchema": "1a1c01bbd47fc00a2c39e90264f33305004495a9",
    "hash": "e2a2db37057be94d193c46d525c98b788455e0d6"
  },
  "/home/maria/studia/gameshare-app/frontend/src/utils/user.ts": {
    "path": "/home/maria/studia/gameshare-app/frontend/src/utils/user.ts",
    "statementMap": {
      "0": {
        "start": {
          "line": 1,
          "column": 27
        },
        "end": {
          "line": 1,
          "column": 80
        }
      },
      "1": {
        "start": {
          "line": 1,
          "column": 54
        },
        "end": {
          "line": 1,
          "column": 80
        }
      },
      "2": {
        "start": {
          "line": 2,
          "column": 23
        },
        "end": {
          "line": 2,
          "column": 54
        }
      },
      "3": {
        "start": {
          "line": 2,
          "column": 40
        },
        "end": {
          "line": 2,
          "column": 54
        }
      },
      "4": {
        "start": {
          "line": 3,
          "column": 35
        },
        "end": {
          "line": 3,
          "column": 105
        }
      },
      "5": {
        "start": {
          "line": 3,
          "column": 62
        },
        "end": {
          "line": 3,
          "column": 105
        }
      },
      "6": {
        "start": {
          "line": 4,
          "column": 23
        },
        "end": {
          "line": 4,
          "column": 88
        }
      },
      "7": {
        "start": {
          "line": 4,
          "column": 50
        },
        "end": {
          "line": 4,
          "column": 88
        }
      },
      "8": {
        "start": {
          "line": 5,
          "column": 33
        },
        "end": {
          "line": 5,
          "column": 109
        }
      },
      "9": {
        "start": {
          "line": 5,
          "column": 48
        },
        "end": {
          "line": 5,
          "column": 109
        }
      }
    },
    "fnMap": {
      "0": {
        "name": "(anonymous_0)",
        "decl": {
          "start": {
            "line": 1,
            "column": 27
          },
          "end": {
            "line": 1,
            "column": 28
          }
        },
        "loc": {
          "start": {
            "line": 1,
            "column": 54
          },
          "end": {
            "line": 1,
            "column": 80
          }
        },
        "line": 1
      },
      "1": {
        "name": "(anonymous_1)",
        "decl": {
          "start": {
            "line": 2,
            "column": 23
          },
          "end": {
            "line": 2,
            "column": 24
          }
        },
        "loc": {
          "start": {
            "line": 2,
            "column": 40
          },
          "end": {
            "line": 2,
            "column": 54
          }
        },
        "line": 2
      },
      "2": {
        "name": "(anonymous_2)",
        "decl": {
          "start": {
            "line": 3,
            "column": 35
          },
          "end": {
            "line": 3,
            "column": 36
          }
        },
        "loc": {
          "start": {
            "line": 3,
            "column": 62
          },
          "end": {
            "line": 3,
            "column": 105
          }
        },
        "line": 3
      },
      "3": {
        "name": "(anonymous_3)",
        "decl": {
          "start": {
            "line": 4,
            "column": 23
          },
          "end": {
            "line": 4,
            "column": 24
          }
        },
        "loc": {
          "start": {
            "line": 4,
            "column": 50
          },
          "end": {
            "line": 4,
            "column": 88
          }
        },
        "line": 4
      },
      "4": {
        "name": "(anonymous_4)",
        "decl": {
          "start": {
            "line": 5,
            "column": 33
          },
          "end": {
            "line": 5,
            "column": 34
          }
        },
        "loc": {
          "start": {
            "line": 5,
            "column": 48
          },
          "end": {
            "line": 5,
            "column": 109
          }
        },
        "line": 5
      }
    },
    "branchMap": {
      "0": {
        "loc": {
          "start": {
            "line": 3,
            "column": 65
          },
          "end": {
            "line": 3,
            "column": 83
          }
        },
        "type": "binary-expr",
        "locations": [
          {
            "start": {
              "line": 3,
              "column": 65
            },
            "end": {
              "line": 3,
              "column": 77
            }
          },
          {
            "start": {
              "line": 3,
              "column": 81
            },
            "end": {
              "line": 3,
              "column": 83
            }
          }
        ],
        "line": 3
      },
      "1": {
        "loc": {
          "start": {
            "line": 3,
            "column": 86
          },
          "end": {
            "line": 3,
            "column": 103
          }
        },
        "type": "binary-expr",
        "locations": [
          {
            "start": {
              "line": 3,
              "column": 86
            },
            "end": {
              "line": 3,
              "column": 97
            }
          },
          {
            "start": {
              "line": 3,
              "column": 101
            },
            "end": {
              "line": 3,
              "column": 103
            }
          }
        ],
        "line": 3
      },
      "2": {
        "loc": {
          "start": {
            "line": 5,
            "column": 48
          },
          "end": {
            "line": 5,
            "column": 109
          }
        },
        "type": "cond-expr",
        "locations": [
          {
            "start": {
              "line": 5,
              "column": 78
            },
            "end": {
              "line": 5,
              "column": 89
            }
          },
          {
            "start": {
              "line": 5,
              "column": 92
            },
            "end": {
              "line": 5,
              "column": 109
            }
          }
        ],
        "line": 5
      }
    },
    "s": {
      "0": 8,
      "1": 24,
      "2": 8,
      "3": 10,
      "4": 8,
      "5": 16,
      "6": 8,
      "7": 12,
      "8": 8,
      "9": 4
    },
    "f": {
      "0": 24,
      "1": 10,
      "2": 16,
      "3": 12,
      "4": 4
    },
    "b": {
      "0": [
        16,
        8
      ],
      "1": [
        16,
        8
      ],
      "2": [
        2,
        2
      ]
    },
    "inputSourceMap": {
      "version": 3,
      "sources": [
        "/home/maria/studia/gameshare-app/frontend/src/utils/user.ts"
      ],
      "names": [
        "getFullname",
        "firstName",
        "lastName",
        "getName",
        "getNameFirstLetters",
        "hasName",
        "length",
        "formatPhoneNumber",
        "phoneNumber",
        "startsWith"
      ],
      "mappings": "AAEA,OAAO,MAAMA,cAAc,CAAC,EAAEC,SAAS,EAAEC,QAAQ,EAAQ,GAAK,CAAC,EAAED,UAAU,CAAC,EAAEC,SAAS,CAAC,CAAC;AAEzF,OAAO,MAAMC,UAAU,CAAC,EAAEF,SAAS,EAAQ,GAAK,CAAC,EAAEA,UAAU,CAAC,CAAC;AAE/D,OAAO,MAAMG,sBAAsB,CAAC,EAAEH,SAAS,EAAEC,QAAQ,EAAQ,GAC/D,CAAC,EAAED,SAAS,CAAC,EAAE,IAAI,GAAG,EAAEC,QAAQ,CAAC,EAAE,IAAI,GAAG,CAAC,CAAC;AAE9C,OAAO,MAAMG,UAAU,CAAC,EAAEJ,SAAS,EAAEC,QAAQ,EAAQ,GAAKD,UAAUK,MAAM,GAAGJ,SAASI,MAAM,GAAG,EAAE;AAEjG,OAAO,MAAMC,oBAAoB,CAACC,cAChCA,YAAYC,UAAU,CAAC,OAAOD,cAAc,CAAC,CAAC,EAAEA,YAAY,CAAC,CAAC"
    },
    "_coverageSchema": "1a1c01bbd47fc00a2c39e90264f33305004495a9",
    "hash": "5ded27e75fa02ba82258068d691b55ab0cc92642"
  },
  "/home/maria/studia/gameshare-app/frontend/src/components/Badge/AgeBadge.tsx": {
    "path": "/home/maria/studia/gameshare-app/frontend/src/components/Badge/AgeBadge.tsx",
    "statementMap": {
      "0": {
        "start": {
          "line": 3,
          "column": 0
        },
        "end": {
          "line": 3,
          "column": 104
        }
      },
      "1": {
        "start": {
          "line": 3,
          "column": 26
        },
        "end": {
          "line": 3,
          "column": 104
        }
      },
      "2": {
        "start": {
          "line": 4,
          "column": 23
        },
        "end": {
          "line": 4,
          "column": 42
        }
      },
      "3": {
        "start": {
          "line": 5,
          "column": 23
        },
        "end": {
          "line": 5,
          "column": 42
        }
      },
      "4": {
        "start": {
          "line": 6,
          "column": 0
        },
        "end": {
          "line": 6,
          "column": 130
        }
      },
      "5": {
        "start": {
          "line": 7,
          "column": 0
        },
        "end": {
          "line": 7,
          "column": 73
        }
      },
      "6": {
        "start": {
          "line": 12,
          "column": 17
        },
        "end": {
          "line": 44,
          "column": 1
        }
      },
      "7": {
        "start": {
          "line": 13,
          "column": 4
        },
        "end": {
          "line": 43,
          "column": 13
        }
      },
      "8": {
        "start": {
          "line": 45,
          "column": 0
        },
        "end": {
          "line": 45,
          "column": 14
        }
      },
      "9": {
        "start": {
          "line": 48,
          "column": 0
        },
        "end": {
          "line": 48,
          "column": 29
        }
      },
      "10": {
        "start": {
          "line": 51,
          "column": 0
        },
        "end": {
          "line": 51,
          "column": 37
        }
      },
      "11": {
        "start": {
          "line": 52,
          "column": 0
        },
        "end": {
          "line": 52,
          "column": 37
        }
      },
      "12": {
        "start": {
          "line": 53,
          "column": 0
        },
        "end": {
          "line": 60,
          "column": 3
        }
      },
      "13": {
        "start": {
          "line": 54,
          "column": 2
        },
        "end": {
          "line": 54,
          "column": 143
        }
      },
      "14": {
        "start": {
          "line": 55,
          "column": 2
        },
        "end": {
          "line": 59,
          "column": 5
        }
      },
      "15": {
        "start": {
          "line": 56,
          "column": 4
        },
        "end": {
          "line": 56,
          "column": 29
        }
      },
      "16": {
        "start": {
          "line": 56,
          "column": 22
        },
        "end": {
          "line": 56,
          "column": 29
        }
      },
      "17": {
        "start": {
          "line": 57,
          "column": 30
        },
        "end": {
          "line": 57,
          "column": 113
        }
      },
      "18": {
        "start": {
          "line": 58,
          "column": 4
        },
        "end": {
          "line": 58,
          "column": 73
        }
      },
      "19": {
        "start": {
          "line": 58,
          "column": 27
        },
        "end": {
          "line": 58,
          "column": 73
        }
      }
    },
    "fnMap": {
      "0": {
        "name": "(anonymous_0)",
        "decl": {
          "start": {
            "line": 12,
            "column": 17
          },
          "end": {
            "line": 12,
            "column": 18
          }
        },
        "loc": {
          "start": {
            "line": 12,
            "column": 28
          },
          "end": {
            "line": 44,
            "column": 1
          }
        },
        "line": 12
      },
      "1": {
        "name": "(anonymous_1)",
        "decl": {
          "start": {
            "line": 53,
            "column": 50
          },
          "end": {
            "line": 53,
            "column": 51
          }
        },
        "loc": {
          "start": {
            "line": 53,
            "column": 70
          },
          "end": {
            "line": 60,
            "column": 1
          }
        },
        "line": 53
      },
      "2": {
        "name": "(anonymous_2)",
        "decl": {
          "start": {
            "line": 55,
            "column": 25
          },
          "end": {
            "line": 55,
            "column": 26
          }
        },
        "loc": {
          "start": {
            "line": 55,
            "column": 42
          },
          "end": {
            "line": 59,
            "column": 3
          }
        },
        "line": 55
      }
    },
    "branchMap": {
      "0": {
        "loc": {
          "start": {
            "line": 3,
            "column": 0
          },
          "end": {
            "line": 3,
            "column": 104
          }
        },
        "type": "if",
        "locations": [
          {
            "start": {
              "line": 3,
              "column": 0
            },
            "end": {
              "line": 3,
              "column": 104
            }
          },
          {
            "start": {},
            "end": {}
          }
        ],
        "line": 3
      },
      "1": {
        "loc": {
          "start": {
            "line": 56,
            "column": 4
          },
          "end": {
            "line": 56,
            "column": 29
          }
        },
        "type": "if",
        "locations": [
          {
            "start": {
              "line": 56,
              "column": 4
            },
            "end": {
              "line": 56,
              "column": 29
            }
          },
          {
            "start": {},
            "end": {}
          }
        ],
        "line": 56
      },
      "2": {
        "loc": {
          "start": {
            "line": 58,
            "column": 4
          },
          "end": {
            "line": 58,
            "column": 73
          }
        },
        "type": "if",
        "locations": [
          {
            "start": {
              "line": 58,
              "column": 4
            },
            "end": {
              "line": 58,
              "column": 73
            }
          },
          {
            "start": {},
            "end": {}
          }
        ],
        "line": 58
      }
    },
    "s": {
      "0": 2,
      "1": 0,
      "2": 2,
      "3": 2,
      "4": 2,
      "5": 2,
      "6": 2,
      "7": 2,
      "8": 2,
      "9": 2,
      "10": 2,
      "11": 2,
      "12": 2,
      "13": 2,
      "14": 2,
      "15": 0,
      "16": 0,
      "17": 0,
      "18": 0,
      "19": 0
    },
    "f": {
      "0": 2,
      "1": 2,
      "2": 0
    },
    "b": {
      "0": [
        0,
        2
      ],
      "1": [
        0,
        0
      ],
      "2": [
        0,
        0
      ]
    },
    "inputSourceMap": {
      "version": 3,
      "sources": [
        "/home/maria/studia/gameshare-app/frontend/src/components/Badge/AgeBadge.tsx"
      ],
      "names": [
        "Baby",
        "Badge",
        "AgeBadge",
        "age",
        "variant",
        "className",
        "data-test",
        "size",
        "span"
      ],
      "mappings": ";;;;;;;;;AACA,SAASA,IAAI,QAAQ,eAAe;AACpC,SAASC,KAAK,QAAQ,wBAAwB;AAM9C,MAAMC,WAA8B,CAAC,EAAEC,GAAG,EAAE;IAC1C,qBACE,QAACF;QAAMG,SAAQ;QAAYC,WAAU;QAA4BC,aAAU;;0BACzE,QAACN;gBAAKO,MAAM;gBAAID,aAAU;;;;;;0BAC1B,QAACE;gBAAKH,WAAU;gBAAiBC,aAAU;;oBAAM;oBAC7CH;;;;;;;;;;;;;AAIV;KATMD;AAWN,eAAeA,SAAS"
    },
    "_coverageSchema": "1a1c01bbd47fc00a2c39e90264f33305004495a9",
    "hash": "a7d917fe356a7f07809c7163b33a7fde7f7b60c3"
  },
  "/home/maria/studia/gameshare-app/frontend/src/components/Badge/PlayersBadge.tsx": {
    "path": "/home/maria/studia/gameshare-app/frontend/src/components/Badge/PlayersBadge.tsx",
    "statementMap": {
      "0": {
        "start": {
          "line": 3,
          "column": 0
        },
        "end": {
          "line": 3,
          "column": 104
        }
      },
      "1": {
        "start": {
          "line": 3,
          "column": 26
        },
        "end": {
          "line": 3,
          "column": 104
        }
      },
      "2": {
        "start": {
          "line": 4,
          "column": 23
        },
        "end": {
          "line": 4,
          "column": 42
        }
      },
      "3": {
        "start": {
          "line": 5,
          "column": 23
        },
        "end": {
          "line": 5,
          "column": 42
        }
      },
      "4": {
        "start": {
          "line": 6,
          "column": 0
        },
        "end": {
          "line": 6,
          "column": 134
        }
      },
      "5": {
        "start": {
          "line": 7,
          "column": 0
        },
        "end": {
          "line": 7,
          "column": 73
        }
      },
      "6": {
        "start": {
          "line": 12,
          "column": 21
        },
        "end": {
          "line": 52,
          "column": 1
        }
      },
      "7": {
        "start": {
          "line": 13,
          "column": 4
        },
        "end": {
          "line": 51,
          "column": 13
        }
      },
      "8": {
        "start": {
          "line": 53,
          "column": 0
        },
        "end": {
          "line": 53,
          "column": 18
        }
      },
      "9": {
        "start": {
          "line": 56,
          "column": 0
        },
        "end": {
          "line": 56,
          "column": 33
        }
      },
      "10": {
        "start": {
          "line": 59,
          "column": 0
        },
        "end": {
          "line": 59,
          "column": 37
        }
      },
      "11": {
        "start": {
          "line": 60,
          "column": 0
        },
        "end": {
          "line": 60,
          "column": 37
        }
      },
      "12": {
        "start": {
          "line": 61,
          "column": 0
        },
        "end": {
          "line": 68,
          "column": 3
        }
      },
      "13": {
        "start": {
          "line": 62,
          "column": 2
        },
        "end": {
          "line": 62,
          "column": 147
        }
      },
      "14": {
        "start": {
          "line": 63,
          "column": 2
        },
        "end": {
          "line": 67,
          "column": 5
        }
      },
      "15": {
        "start": {
          "line": 64,
          "column": 4
        },
        "end": {
          "line": 64,
          "column": 29
        }
      },
      "16": {
        "start": {
          "line": 64,
          "column": 22
        },
        "end": {
          "line": 64,
          "column": 29
        }
      },
      "17": {
        "start": {
          "line": 65,
          "column": 30
        },
        "end": {
          "line": 65,
          "column": 113
        }
      },
      "18": {
        "start": {
          "line": 66,
          "column": 4
        },
        "end": {
          "line": 66,
          "column": 73
        }
      },
      "19": {
        "start": {
          "line": 66,
          "column": 27
        },
        "end": {
          "line": 66,
          "column": 73
        }
      }
    },
    "fnMap": {
      "0": {
        "name": "(anonymous_0)",
        "decl": {
          "start": {
            "line": 12,
            "column": 21
          },
          "end": {
            "line": 12,
            "column": 22
          }
        },
        "loc": {
          "start": {
            "line": 12,
            "column": 51
          },
          "end": {
            "line": 52,
            "column": 1
          }
        },
        "line": 12
      },
      "1": {
        "name": "(anonymous_1)",
        "decl": {
          "start": {
            "line": 61,
            "column": 50
          },
          "end": {
            "line": 61,
            "column": 51
          }
        },
        "loc": {
          "start": {
            "line": 61,
            "column": 70
          },
          "end": {
            "line": 68,
            "column": 1
          }
        },
        "line": 61
      },
      "2": {
        "name": "(anonymous_2)",
        "decl": {
          "start": {
            "line": 63,
            "column": 25
          },
          "end": {
            "line": 63,
            "column": 26
          }
        },
        "loc": {
          "start": {
            "line": 63,
            "column": 42
          },
          "end": {
            "line": 67,
            "column": 3
          }
        },
        "line": 63
      }
    },
    "branchMap": {
      "0": {
        "loc": {
          "start": {
            "line": 3,
            "column": 0
          },
          "end": {
            "line": 3,
            "column": 104
          }
        },
        "type": "if",
        "locations": [
          {
            "start": {
              "line": 3,
              "column": 0
            },
            "end": {
              "line": 3,
              "column": 104
            }
          },
          {
            "start": {},
            "end": {}
          }
        ],
        "line": 3
      },
      "1": {
        "loc": {
          "start": {
            "line": 25,
            "column": 12
          },
          "end": {
            "line": 45,
            "column": 20
          }
        },
        "type": "cond-expr",
        "locations": [
          {
            "start": {
              "line": 25,
              "column": 54
            },
            "end": {
              "line": 33,
              "column": 20
            }
          },
          {
            "start": {
              "line": 33,
              "column": 37
            },
            "end": {
              "line": 45,
              "column": 20
            }
          }
        ],
        "line": 25
      },
      "2": {
        "loc": {
          "start": {
            "line": 64,
            "column": 4
          },
          "end": {
            "line": 64,
            "column": 29
          }
        },
        "type": "if",
        "locations": [
          {
            "start": {
              "line": 64,
              "column": 4
            },
            "end": {
              "line": 64,
              "column": 29
            }
          },
          {
            "start": {},
            "end": {}
          }
        ],
        "line": 64
      },
      "3": {
        "loc": {
          "start": {
            "line": 66,
            "column": 4
          },
          "end": {
            "line": 66,
            "column": 73
          }
        },
        "type": "if",
        "locations": [
          {
            "start": {
              "line": 66,
              "column": 4
            },
            "end": {
              "line": 66,
              "column": 73
            }
          },
          {
            "start": {},
            "end": {}
          }
        ],
        "line": 66
      }
    },
    "s": {
      "0": 3,
      "1": 0,
      "2": 3,
      "3": 3,
      "4": 3,
      "5": 3,
      "6": 3,
      "7": 5,
      "8": 3,
      "9": 3,
      "10": 3,
      "11": 3,
      "12": 3,
      "13": 3,
      "14": 3,
      "15": 0,
      "16": 0,
      "17": 0,
      "18": 0,
      "19": 0
    },
    "f": {
      "0": 5,
      "1": 3,
      "2": 0
    },
    "b": {
      "0": [
        0,
        3
      ],
      "1": [
        3,
        2
      ],
      "2": [
        0,
        0
      ],
      "3": [
        0,
        0
      ]
    },
    "inputSourceMap": {
      "version": 3,
      "sources": [
        "/home/maria/studia/gameshare-app/frontend/src/components/Badge/PlayersBadge.tsx"
      ],
      "names": [
        "User2",
        "Badge",
        "PlayersBadge",
        "minPlayers",
        "maxPlayers",
        "variant",
        "className",
        "size",
        "data-test",
        "span"
      ],
      "mappings": ";;;;;;;;;AACA,SAASA,KAAK,QAAQ,eAAe;AACrC,SAASC,KAAK,QAAQ,wBAAwB;AAO9C,MAAMC,eAAsC,CAAC,EAAEC,UAAU,EAAEC,UAAU,EAAE;IACrE,qBACE,QAACH;QAAMI,SAAQ;QAAYC,WAAU;;0BACnC,QAACN;gBAAMO,MAAM;gBAAIC,aAAU;;;;;;YAC1BL,eAAeC,2BACd,QAACK;gBAAKH,WAAU;gBAAiBE,aAAU;0BACxCL;;;;;qCAGH,QAACM;gBAAKH,WAAU;gBAAiBE,aAAU;;oBACxCL;oBAAW;oBAAEC;;;;;;;;;;;;;AAKxB;KAfMF;AAiBN,eAAeA,aAAa"
    },
    "_coverageSchema": "1a1c01bbd47fc00a2c39e90264f33305004495a9",
    "hash": "cc6047db629b6d37bffc23ae78482f208053a744"
  },
  "/home/maria/studia/gameshare-app/frontend/src/components/Badge/PriceBadge.tsx": {
    "path": "/home/maria/studia/gameshare-app/frontend/src/components/Badge/PriceBadge.tsx",
    "statementMap": {
      "0": {
        "start": {
          "line": 3,
          "column": 0
        },
        "end": {
          "line": 3,
          "column": 104
        }
      },
      "1": {
        "start": {
          "line": 3,
          "column": 26
        },
        "end": {
          "line": 3,
          "column": 104
        }
      },
      "2": {
        "start": {
          "line": 4,
          "column": 23
        },
        "end": {
          "line": 4,
          "column": 42
        }
      },
      "3": {
        "start": {
          "line": 5,
          "column": 23
        },
        "end": {
          "line": 5,
          "column": 42
        }
      },
      "4": {
        "start": {
          "line": 6,
          "column": 0
        },
        "end": {
          "line": 6,
          "column": 132
        }
      },
      "5": {
        "start": {
          "line": 7,
          "column": 0
        },
        "end": {
          "line": 7,
          "column": 73
        }
      },
      "6": {
        "start": {
          "line": 10,
          "column": 9
        },
        "end": {
          "line": 10,
          "column": 23
        }
      },
      "7": {
        "start": {
          "line": 14,
          "column": 19
        },
        "end": {
          "line": 48,
          "column": 1
        }
      },
      "8": {
        "start": {
          "line": 15,
          "column": 4
        },
        "end": {
          "line": 15,
          "column": 9
        }
      },
      "9": {
        "start": {
          "line": 16,
          "column": 18
        },
        "end": {
          "line": 16,
          "column": 34
        }
      },
      "10": {
        "start": {
          "line": 17,
          "column": 4
        },
        "end": {
          "line": 47,
          "column": 13
        }
      },
      "11": {
        "start": {
          "line": 49,
          "column": 0
        },
        "end": {
          "line": 53,
          "column": 3
        }
      },
      "12": {
        "start": {
          "line": 50,
          "column": 4
        },
        "end": {
          "line": 52,
          "column": 6
        }
      },
      "13": {
        "start": {
          "line": 54,
          "column": 0
        },
        "end": {
          "line": 54,
          "column": 16
        }
      },
      "14": {
        "start": {
          "line": 57,
          "column": 0
        },
        "end": {
          "line": 57,
          "column": 31
        }
      },
      "15": {
        "start": {
          "line": 60,
          "column": 0
        },
        "end": {
          "line": 60,
          "column": 37
        }
      },
      "16": {
        "start": {
          "line": 61,
          "column": 0
        },
        "end": {
          "line": 61,
          "column": 37
        }
      },
      "17": {
        "start": {
          "line": 62,
          "column": 0
        },
        "end": {
          "line": 69,
          "column": 3
        }
      },
      "18": {
        "start": {
          "line": 63,
          "column": 2
        },
        "end": {
          "line": 63,
          "column": 145
        }
      },
      "19": {
        "start": {
          "line": 64,
          "column": 2
        },
        "end": {
          "line": 68,
          "column": 5
        }
      },
      "20": {
        "start": {
          "line": 65,
          "column": 4
        },
        "end": {
          "line": 65,
          "column": 29
        }
      },
      "21": {
        "start": {
          "line": 65,
          "column": 22
        },
        "end": {
          "line": 65,
          "column": 29
        }
      },
      "22": {
        "start": {
          "line": 66,
          "column": 30
        },
        "end": {
          "line": 66,
          "column": 113
        }
      },
      "23": {
        "start": {
          "line": 67,
          "column": 4
        },
        "end": {
          "line": 67,
          "column": 73
        }
      },
      "24": {
        "start": {
          "line": 67,
          "column": 27
        },
        "end": {
          "line": 67,
          "column": 73
        }
      }
    },
    "fnMap": {
      "0": {
        "name": "(anonymous_0)",
        "decl": {
          "start": {
            "line": 14,
            "column": 19
          },
          "end": {
            "line": 14,
            "column": 20
          }
        },
        "loc": {
          "start": {
            "line": 14,
            "column": 32
          },
          "end": {
            "line": 48,
            "column": 1
          }
        },
        "line": 14
      },
      "1": {
        "name": "(anonymous_1)",
        "decl": {
          "start": {
            "line": 49,
            "column": 54
          },
          "end": {
            "line": 49,
            "column": 55
          }
        },
        "loc": {
          "start": {
            "line": 49,
            "column": 65
          },
          "end": {
            "line": 53,
            "column": 1
          }
        },
        "line": 49
      },
      "2": {
        "name": "(anonymous_2)",
        "decl": {
          "start": {
            "line": 62,
            "column": 50
          },
          "end": {
            "line": 62,
            "column": 51
          }
        },
        "loc": {
          "start": {
            "line": 62,
            "column": 70
          },
          "end": {
            "line": 69,
            "column": 1
          }
        },
        "line": 62
      },
      "3": {
        "name": "(anonymous_3)",
        "decl": {
          "start": {
            "line": 64,
            "column": 25
          },
          "end": {
            "line": 64,
            "column": 26
          }
        },
        "loc": {
          "start": {
            "line": 64,
            "column": 42
          },
          "end": {
            "line": 68,
            "column": 3
          }
        },
        "line": 64
      }
    },
    "branchMap": {
      "0": {
        "loc": {
          "start": {
            "line": 3,
            "column": 0
          },
          "end": {
            "line": 3,
            "column": 104
          }
        },
        "type": "if",
        "locations": [
          {
            "start": {
              "line": 3,
              "column": 0
            },
            "end": {
              "line": 3,
              "column": 104
            }
          },
          {
            "start": {},
            "end": {}
          }
        ],
        "line": 3
      },
      "1": {
        "loc": {
          "start": {
            "line": 65,
            "column": 4
          },
          "end": {
            "line": 65,
            "column": 29
          }
        },
        "type": "if",
        "locations": [
          {
            "start": {
              "line": 65,
              "column": 4
            },
            "end": {
              "line": 65,
              "column": 29
            }
          },
          {
            "start": {},
            "end": {}
          }
        ],
        "line": 65
      },
      "2": {
        "loc": {
          "start": {
            "line": 67,
            "column": 4
          },
          "end": {
            "line": 67,
            "column": 73
          }
        },
        "type": "if",
        "locations": [
          {
            "start": {
              "line": 67,
              "column": 4
            },
            "end": {
              "line": 67,
              "column": 73
            }
          },
          {
            "start": {},
            "end": {}
          }
        ],
        "line": 67
      }
    },
    "s": {
      "0": 2,
      "1": 0,
      "2": 2,
      "3": 2,
      "4": 2,
      "5": 2,
      "6": 2,
      "7": 2,
      "8": 2,
      "9": 2,
      "10": 2,
      "11": 2,
      "12": 2,
      "13": 2,
      "14": 2,
      "15": 2,
      "16": 2,
      "17": 2,
      "18": 2,
      "19": 2,
      "20": 0,
      "21": 0,
      "22": 0,
      "23": 0,
      "24": 0
    },
    "f": {
      "0": 2,
      "1": 2,
      "2": 2,
      "3": 0
    },
    "b": {
      "0": [
        0,
        2
      ],
      "1": [
        0,
        0
      ],
      "2": [
        0,
        0
      ]
    },
    "inputSourceMap": {
      "version": 3,
      "sources": [
        "/home/maria/studia/gameshare-app/frontend/src/components/Badge/PriceBadge.tsx"
      ],
      "names": [
        "useTranslation",
        "Coins",
        "Badge",
        "PriceBadge",
        "price",
        "t",
        "className",
        "data-test",
        "size",
        "span"
      ],
      "mappings": ";;;;;;;;;;AACA,SAASA,cAAc,QAAQ,gBAAgB;AAC/C,SAASC,KAAK,QAAQ,eAAe;AACrC,SAASC,KAAK,QAAQ,wBAAwB;AAM9C,MAAMC,aAAkC,CAAC,EAAEC,KAAK,EAAE;;IAChD,MAAM,EAAEC,CAAC,EAAE,GAAGL;IAEd,qBACE,QAACE;QAAMI,WAAU;QAA4BC,aAAU;;0BACrD,QAACN;gBAAMO,MAAM;gBAAID,aAAU;;;;;;0BAC3B,QAACE;gBAAKH,WAAU;gBAAiBC,aAAU;;oBACxCH;oBAAM;oBAAIC,EAAE;;;;;;;;;;;;;AAIrB;GAXMF;;QACUH;;;KADVG;AAaN,eAAeA,WAAW"
    },
    "_coverageSchema": "1a1c01bbd47fc00a2c39e90264f33305004495a9",
    "hash": "99bb522a2f6addb81149fc2400f490a7e94b100a"
  },
  "/home/maria/studia/gameshare-app/frontend/src/state/role.ts": {
    "path": "/home/maria/studia/gameshare-app/frontend/src/state/role.ts",
    "statementMap": {
      "0": {
        "start": {
          "line": 2,
          "column": 25
        },
        "end": {
          "line": 5,
          "column": 2
        }
      }
    },
    "fnMap": {},
    "branchMap": {},
    "s": {
      "0": 2
    },
    "f": {},
    "b": {},
    "inputSourceMap": {
      "version": 3,
      "sources": [
        "/home/maria/studia/gameshare-app/frontend/src/state/role.ts"
      ],
      "names": [
        "atom",
        "roleState",
        "key",
        "default"
      ],
      "mappings": "AAAA,SAASA,IAAI,QAAQ,SAAS;AAG9B,OAAO,MAAMC,YAAYD,KAAe;IACtCE,KAAK;IACLC,SAAS;AACX,GAAG"
    },
    "_coverageSchema": "1a1c01bbd47fc00a2c39e90264f33305004495a9",
    "hash": "55818948e717a7b9734c7209e002c38a4b9f4412"
  },
  "/home/maria/studia/gameshare-app/frontend/src/constants/urls.ts": {
    "path": "/home/maria/studia/gameshare-app/frontend/src/constants/urls.ts",
    "statementMap": {
      "0": {
        "start": {
          "line": 1,
          "column": 20
        },
        "end": {
          "line": 10,
          "column": 1
        }
      }
    },
    "fnMap": {},
    "branchMap": {},
    "s": {
      "0": 2
    },
    "f": {},
    "b": {},
    "inputSourceMap": {
      "version": 3,
      "sources": [
        "/home/maria/studia/gameshare-app/frontend/src/constants/urls.ts"
      ],
      "names": [
        "URLS",
        "DASHBOARD",
        "GAMES",
        "CATEGORY_GAMES",
        "GAME_INSTANCE",
        "PROFILE",
        "MY_RESERVATIONS",
        "MY_PROFILE",
        "GAME_REQUESTS"
      ],
      "mappings": "AAAA,OAAO,MAAMA,OAAO;IAClBC,WAAW;IACXC,OAAO;IACPC,gBAAgB;IAChBC,eAAe;IACfC,SAAS;IACTC,iBAAiB;IACjBC,YAAY;IACZC,eAAe;AACjB,EAAW"
    },
    "_coverageSchema": "1a1c01bbd47fc00a2c39e90264f33305004495a9",
    "hash": "18e9d48df725b8adf0c62742817922c212f52fa2"
  },
  "/home/maria/studia/gameshare-app/frontend/src/components/SideNav/SideNavLink.tsx": {
    "path": "/home/maria/studia/gameshare-app/frontend/src/components/SideNav/SideNavLink.tsx",
    "statementMap": {
      "0": {
        "start": {
          "line": 3,
          "column": 0
        },
        "end": {
          "line": 3,
          "column": 104
        }
      },
      "1": {
        "start": {
          "line": 3,
          "column": 26
        },
        "end": {
          "line": 3,
          "column": 104
        }
      },
      "2": {
        "start": {
          "line": 4,
          "column": 23
        },
        "end": {
          "line": 4,
          "column": 42
        }
      },
      "3": {
        "start": {
          "line": 5,
          "column": 23
        },
        "end": {
          "line": 5,
          "column": 42
        }
      },
      "4": {
        "start": {
          "line": 6,
          "column": 0
        },
        "end": {
          "line": 6,
          "column": 135
        }
      },
      "5": {
        "start": {
          "line": 7,
          "column": 0
        },
        "end": {
          "line": 7,
          "column": 73
        }
      },
      "6": {
        "start": {
          "line": 10,
          "column": 9
        },
        "end": {
          "line": 10,
          "column": 23
        }
      },
      "7": {
        "start": {
          "line": 12,
          "column": 20
        },
        "end": {
          "line": 24,
          "column": 1
        }
      },
      "8": {
        "start": {
          "line": 13,
          "column": 4
        },
        "end": {
          "line": 13,
          "column": 9
        }
      },
      "9": {
        "start": {
          "line": 14,
          "column": 18
        },
        "end": {
          "line": 14,
          "column": 32
        }
      },
      "10": {
        "start": {
          "line": 15,
          "column": 4
        },
        "end": {
          "line": 23,
          "column": 13
        }
      },
      "11": {
        "start": {
          "line": 25,
          "column": 0
        },
        "end": {
          "line": 29,
          "column": 3
        }
      },
      "12": {
        "start": {
          "line": 26,
          "column": 4
        },
        "end": {
          "line": 28,
          "column": 6
        }
      },
      "13": {
        "start": {
          "line": 30,
          "column": 0
        },
        "end": {
          "line": 30,
          "column": 17
        }
      },
      "14": {
        "start": {
          "line": 33,
          "column": 0
        },
        "end": {
          "line": 33,
          "column": 32
        }
      },
      "15": {
        "start": {
          "line": 36,
          "column": 0
        },
        "end": {
          "line": 36,
          "column": 37
        }
      },
      "16": {
        "start": {
          "line": 37,
          "column": 0
        },
        "end": {
          "line": 37,
          "column": 37
        }
      },
      "17": {
        "start": {
          "line": 38,
          "column": 0
        },
        "end": {
          "line": 45,
          "column": 3
        }
      },
      "18": {
        "start": {
          "line": 39,
          "column": 2
        },
        "end": {
          "line": 39,
          "column": 148
        }
      },
      "19": {
        "start": {
          "line": 40,
          "column": 2
        },
        "end": {
          "line": 44,
          "column": 5
        }
      },
      "20": {
        "start": {
          "line": 41,
          "column": 4
        },
        "end": {
          "line": 41,
          "column": 29
        }
      },
      "21": {
        "start": {
          "line": 41,
          "column": 22
        },
        "end": {
          "line": 41,
          "column": 29
        }
      },
      "22": {
        "start": {
          "line": 42,
          "column": 30
        },
        "end": {
          "line": 42,
          "column": 113
        }
      },
      "23": {
        "start": {
          "line": 43,
          "column": 4
        },
        "end": {
          "line": 43,
          "column": 73
        }
      },
      "24": {
        "start": {
          "line": 43,
          "column": 27
        },
        "end": {
          "line": 43,
          "column": 73
        }
      }
    },
    "fnMap": {
      "0": {
        "name": "(anonymous_0)",
        "decl": {
          "start": {
            "line": 12,
            "column": 20
          },
          "end": {
            "line": 12,
            "column": 21
          }
        },
        "loc": {
          "start": {
            "line": 12,
            "column": 38
          },
          "end": {
            "line": 24,
            "column": 1
          }
        },
        "line": 12
      },
      "1": {
        "name": "(anonymous_1)",
        "decl": {
          "start": {
            "line": 25,
            "column": 55
          },
          "end": {
            "line": 25,
            "column": 56
          }
        },
        "loc": {
          "start": {
            "line": 25,
            "column": 66
          },
          "end": {
            "line": 29,
            "column": 1
          }
        },
        "line": 25
      },
      "2": {
        "name": "(anonymous_2)",
        "decl": {
          "start": {
            "line": 38,
            "column": 50
          },
          "end": {
            "line": 38,
            "column": 51
          }
        },
        "loc": {
          "start": {
            "line": 38,
            "column": 70
          },
          "end": {
            "line": 45,
            "column": 1
          }
        },
        "line": 38
      },
      "3": {
        "name": "(anonymous_3)",
        "decl": {
          "start": {
            "line": 40,
            "column": 25
          },
          "end": {
            "line": 40,
            "column": 26
          }
        },
        "loc": {
          "start": {
            "line": 40,
            "column": 42
          },
          "end": {
            "line": 44,
            "column": 3
          }
        },
        "line": 40
      }
    },
    "branchMap": {
      "0": {
        "loc": {
          "start": {
            "line": 3,
            "column": 0
          },
          "end": {
            "line": 3,
            "column": 104
          }
        },
        "type": "if",
        "locations": [
          {
            "start": {
              "line": 3,
              "column": 0
            },
            "end": {
              "line": 3,
              "column": 104
            }
          },
          {
            "start": {},
            "end": {}
          }
        ],
        "line": 3
      },
      "1": {
        "loc": {
          "start": {
            "line": 17,
            "column": 112
          },
          "end": {
            "line": 17,
            "column": 146
          }
        },
        "type": "cond-expr",
        "locations": [
          {
            "start": {
              "line": 17,
              "column": 129
            },
            "end": {
              "line": 17,
              "column": 141
            }
          },
          {
            "start": {
              "line": 17,
              "column": 144
            },
            "end": {
              "line": 17,
[...]
    "path": "/home/maria/studia/gameshare-app/frontend/src/components/Calendar/AvailabilityCalendar.tsx",
    "statementMap": {},
    "fnMap": {},
    "branchMap": {},
    "s": {},
    "f": {},
    "b": {}
  },
  "/home/maria/studia/gameshare-app/frontend/src/components/Calendar/Calendar.tsx": {
    "path": "/home/maria/studia/gameshare-app/frontend/src/components/Calendar/Calendar.tsx",
    "statementMap": {},
    "fnMap": {},
    "branchMap": {},
    "s": {},
    "f": {},
    "b": {}
  },
  "/home/maria/studia/gameshare-app/frontend/src/components/Calendar/ReservationsCalendar.tsx": {
    "path": "/home/maria/studia/gameshare-app/frontend/src/components/Calendar/ReservationsCalendar.tsx",
    "statementMap": {},
    "fnMap": {},
    "branchMap": {},
    "s": {},
    "f": {},
    "b": {}
  },
  "/home/maria/studia/gameshare-app/frontend/src/components/GameSearch/GameSearchBar.tsx": {
    "path": "/home/maria/studia/gameshare-app/frontend/src/components/GameSearch/GameSearchBar.tsx",
    "statementMap": {},
    "fnMap": {},
    "branchMap": {},
    "s": {},
    "f": {},
    "b": {}
  },
  "/home/maria/studia/gameshare-app/frontend/src/components/GameSearch/GameSearchCard.tsx": {
    "path": "/home/maria/studia/gameshare-app/frontend/src/components/GameSearch/GameSearchCard.tsx",
    "statementMap": {},
    "fnMap": {},
    "branchMap": {},
    "s": {},
    "f": {},
    "b": {}
  },
  "/home/maria/studia/gameshare-app/frontend/src/components/GameSearch/SelectCategory.tsx": {
    "path": "/home/maria/studia/gameshare-app/frontend/src/components/GameSearch/SelectCategory.tsx",
    "statementMap": {},
    "fnMap": {},
    "branchMap": {},
    "s": {},
    "f": {},
    "b": {}
  },
  "/home/maria/studia/gameshare-app/frontend/src/components/Map/LoadingMap.tsx": {
    "path": "/home/maria/studia/gameshare-app/frontend/src/components/Map/LoadingMap.tsx",
    "statementMap": {},
    "fnMap": {},
    "branchMap": {},
    "s": {},
    "f": {},
    "b": {}
  },
  "/home/maria/studia/gameshare-app/frontend/src/components/Map/LocationButton.tsx": {
    "path": "/home/maria/studia/gameshare-app/frontend/src/components/Map/LocationButton.tsx",
    "statementMap": {},
    "fnMap": {},
    "branchMap": {},
    "s": {},
    "f": {},
    "b": {}
  },
  "/home/maria/studia/gameshare-app/frontend/src/components/Map/LocationMarker.tsx": {
    "path": "/home/maria/studia/gameshare-app/frontend/src/components/Map/LocationMarker.tsx",
    "statementMap": {},
    "fnMap": {},
    "branchMap": {},
    "s": {},
    "f": {},
    "b": {}
  },
  "/home/maria/studia/gameshare-app/frontend/src/components/Map/Map.tsx": {
    "path": "/home/maria/studia/gameshare-app/frontend/src/components/Map/Map.tsx",
    "statementMap": {},
    "fnMap": {},
    "branchMap": {},
    "s": {},
    "f": {},
    "b": {}
  },
  "/home/maria/studia/gameshare-app/frontend/src/components/Map/UserMarker.tsx": {
    "path": "/home/maria/studia/gameshare-app/frontend/src/components/Map/UserMarker.tsx",
    "statementMap": {},
    "fnMap": {},
    "branchMap": {},
    "s": {},
    "f": {},
    "b": {}
  },
  "/home/maria/studia/gameshare-app/frontend/src/components/Opinions/Opinion.tsx": {
    "path": "/home/maria/studia/gameshare-app/frontend/src/components/Opinions/Opinion.tsx",
    "statementMap": {},
    "fnMap": {},
    "branchMap": {},
    "s": {},
    "f": {},
    "b": {}
  },
  "/home/maria/studia/gameshare-app/frontend/src/components/Opinions/OpinionInput.tsx": {
    "path": "/home/maria/studia/gameshare-app/frontend/src/components/Opinions/OpinionInput.tsx",
    "statementMap": {},
    "fnMap": {},
    "branchMap": {},
    "s": {},
    "f": {},
    "b": {}
  },
  "/home/maria/studia/gameshare-app/frontend/src/components/Opinions/Opinions.tsx": {
    "path": "/home/maria/studia/gameshare-app/frontend/src/components/Opinions/Opinions.tsx",
    "statementMap": {},
    "fnMap": {},
    "branchMap": {},
    "s": {},
    "f": {},
    "b": {}
  },
  "/home/maria/studia/gameshare-app/frontend/src/components/Stars/Stars.tsx": {
    "path": "/home/maria/studia/gameshare-app/frontend/src/components/Stars/Stars.tsx",
    "statementMap": {},
    "fnMap": {},
    "branchMap": {},
    "s": {},
    "f": {},
    "b": {}
  },
  "/home/maria/studia/gameshare-app/frontend/src/components/Stars/StarsInput.tsx": {
    "path": "/home/maria/studia/gameshare-app/frontend/src/components/Stars/StarsInput.tsx",
    "statementMap": {},
    "fnMap": {},
    "branchMap": {},
    "s": {},
    "f": {},
    "b": {}
  },
  "/home/maria/studia/gameshare-app/frontend/src/components/UserForm/EditUserForm.tsx": {
    "path": "/home/maria/studia/gameshare-app/frontend/src/components/UserForm/EditUserForm.tsx",
    "statementMap": {},
    "fnMap": {},
    "branchMap": {},
    "s": {},
    "f": {},
    "b": {}
  },
  "/home/maria/studia/gameshare-app/frontend/src/components/UserForm/RegisterUserForm.tsx": {
    "path": "/home/maria/studia/gameshare-app/frontend/src/components/UserForm/RegisterUserForm.tsx",
    "statementMap": {},
    "fnMap": {},
    "branchMap": {},
    "s": {},
    "f": {},
    "b": {}
  },
  "/home/maria/studia/gameshare-app/frontend/src/components/UserForm/UserForm.tsx": {
    "path": "/home/maria/studia/gameshare-app/frontend/src/components/UserForm/UserForm.tsx",
    "statementMap": {},
    "fnMap": {},
    "branchMap": {},
    "s": {},
    "f": {},
    "b": {}
  },
  "/home/maria/studia/gameshare-app/frontend/src/components/UserGameInstances/GameInstance.tsx": {
    "path": "/home/maria/studia/gameshare-app/frontend/src/components/UserGameInstances/GameInstance.tsx",
    "statementMap": {},
    "fnMap": {},
    "branchMap": {},
    "s": {},
    "f": {},
    "b": {}
  },
  "/home/maria/studia/gameshare-app/frontend/src/components/UserGameInstances/GameInstanceAddForm.tsx": {
    "path": "/home/maria/studia/gameshare-app/frontend/src/components/UserGameInstances/GameInstanceAddForm.tsx",
    "statementMap": {},
    "fnMap": {},
    "branchMap": {},
    "s": {},
    "f": {},
    "b": {}
  },
  "/home/maria/studia/gameshare-app/frontend/src/components/UserGameInstances/GameInstancesSection.tsx": {
    "path": "/home/maria/studia/gameshare-app/frontend/src/components/UserGameInstances/GameInstancesSection.tsx",
    "statementMap": {},
    "fnMap": {},
    "branchMap": {},
    "s": {},
    "f": {},
    "b": {}
  },
  "/home/maria/studia/gameshare-app/frontend/src/components/UserGameInstances/GameReservations.tsx": {
    "path": "/home/maria/studia/gameshare-app/frontend/src/components/UserGameInstances/GameReservations.tsx",
    "statementMap": {},
    "fnMap": {},
    "branchMap": {},
    "s": {},
    "f": {},
    "b": {}
  },
  "/home/maria/studia/gameshare-app/frontend/src/pages/CategoryGameSearch/CategoryGameSearch.tsx": {
    "path": "/home/maria/studia/gameshare-app/frontend/src/pages/CategoryGameSearch/CategoryGameSearch.tsx",
    "statementMap": {},
    "fnMap": {},
    "branchMap": {},
    "s": {},
    "f": {},
    "b": {}
  },
  "/home/maria/studia/gameshare-app/frontend/src/pages/Dashboard/Dashboard.tsx": {
    "path": "/home/maria/studia/gameshare-app/frontend/src/pages/Dashboard/Dashboard.tsx",
    "statementMap": {},
    "fnMap": {},
    "branchMap": {},
    "s": {},
    "f": {},
    "b": {}
  },
  "/home/maria/studia/gameshare-app/frontend/src/pages/Dashboard/GameInstanceSearchCard.tsx": {
    "path": "/home/maria/studia/gameshare-app/frontend/src/pages/Dashboard/GameInstanceSearchCard.tsx",
    "statementMap": {},
    "fnMap": {},
    "branchMap": {},
    "s": {},
    "f": {},
    "b": {}
  },
  "/home/maria/studia/gameshare-app/frontend/src/pages/Dashboard/GamesInstancesSearchResults.tsx": {
    "path": "/home/maria/studia/gameshare-app/frontend/src/pages/Dashboard/GamesInstancesSearchResults.tsx",
    "statementMap": {},
    "fnMap": {},
    "branchMap": {},
    "s": {},
    "f": {},
    "b": {}
  },
  "/home/maria/studia/gameshare-app/frontend/src/pages/Dashboard/GamesSearch.tsx": {
    "path": "/home/maria/studia/gameshare-app/frontend/src/pages/Dashboard/GamesSearch.tsx",
    "statementMap": {},
    "fnMap": {},
    "branchMap": {},
    "s": {},
    "f": {},
    "b": {}
  },
  "/home/maria/studia/gameshare-app/frontend/src/pages/Error/Error.tsx": {
    "path": "/home/maria/studia/gameshare-app/frontend/src/pages/Error/Error.tsx",
    "statementMap": {},
    "fnMap": {},
    "branchMap": {},
    "s": {},
    "f": {},
    "b": {}
  },
  "/home/maria/studia/gameshare-app/frontend/src/pages/Game/Game.tsx": {
    "path": "/home/maria/studia/gameshare-app/frontend/src/pages/Game/Game.tsx",
    "statementMap": {},
    "fnMap": {},
    "branchMap": {},
    "s": {},
    "f": {},
    "b": {}
  },
  "/home/maria/studia/gameshare-app/frontend/src/pages/Game/GameDetailsSection.tsx": {
    "path": "/home/maria/studia/gameshare-app/frontend/src/pages/Game/GameDetailsSection.tsx",
    "statementMap": {},
    "fnMap": {},
    "branchMap": {},
    "s": {},
    "f": {},
    "b": {}
  },
  "/home/maria/studia/gameshare-app/frontend/src/pages/Game/GameInstanceCard.tsx": {
    "path": "/home/maria/studia/gameshare-app/frontend/src/pages/Game/GameInstanceCard.tsx",
    "statementMap": {},
    "fnMap": {},
    "branchMap": {},
    "s": {},
    "f": {},
    "b": {}
  },
  "/home/maria/studia/gameshare-app/frontend/src/pages/Game/GameInstancesList.tsx": {
    "path": "/home/maria/studia/gameshare-app/frontend/src/pages/Game/GameInstancesList.tsx",
    "statementMap": {},
    "fnMap": {},
    "branchMap": {},
    "s": {},
    "f": {},
    "b": {}
  },
  "/home/maria/studia/gameshare-app/frontend/src/pages/Game/GameInstancesSection.tsx": {
    "path": "/home/maria/studia/gameshare-app/frontend/src/pages/Game/GameInstancesSection.tsx",
    "statementMap": {},
    "fnMap": {},
    "branchMap": {},
    "s": {},
    "f": {},
    "b": {}
  },
  "/home/maria/studia/gameshare-app/frontend/src/pages/Game/LoadingGameDetailsSection.tsx": {
    "path": "/home/maria/studia/gameshare-app/frontend/src/pages/Game/LoadingGameDetailsSection.tsx",
    "statementMap": {},
    "fnMap": {},
    "branchMap": {},
    "s": {},
    "f": {},
    "b": {}
  },
  "/home/maria/studia/gameshare-app/frontend/src/pages/GameInstance/GameCalendar.tsx": {
    "path": "/home/maria/studia/gameshare-app/frontend/src/pages/GameInstance/GameCalendar.tsx",
    "statementMap": {},
    "fnMap": {},
    "branchMap": {},
    "s": {},
    "f": {},
    "b": {}
  },
  "/home/maria/studia/gameshare-app/frontend/src/pages/GameInstance/GameInstance.tsx": {
    "path": "/home/maria/studia/gameshare-app/frontend/src/pages/GameInstance/GameInstance.tsx",
    "statementMap": {},
    "fnMap": {},
    "branchMap": {},
    "s": {},
    "f": {},
    "b": {}
  },
  "/home/maria/studia/gameshare-app/frontend/src/pages/GameInstance/GameInstanceDetailsSection.tsx": {
    "path": "/home/maria/studia/gameshare-app/frontend/src/pages/GameInstance/GameInstanceDetailsSection.tsx",
    "statementMap": {},
    "fnMap": {},
    "branchMap": {},
    "s": {},
    "f": {},
    "b": {}
  },
  "/home/maria/studia/gameshare-app/frontend/src/pages/GameInstance/GameInstanceOpinions.tsx": {
    "path": "/home/maria/studia/gameshare-app/frontend/src/pages/GameInstance/GameInstanceOpinions.tsx",
    "statementMap": {},
    "fnMap": {},
    "branchMap": {},
    "s": {},
    "f": {},
    "b": {}
  },
  "/home/maria/studia/gameshare-app/frontend/src/pages/GameInstance/GameInstanceUserDetailsSection.tsx": {
    "path": "/home/maria/studia/gameshare-app/frontend/src/pages/GameInstance/GameInstanceUserDetailsSection.tsx",
    "statementMap": {},
    "fnMap": {},
    "branchMap": {},
    "s": {},
    "f": {},
    "b": {}
  },
  "/home/maria/studia/gameshare-app/frontend/src/pages/GameInstance/ReservationForm.tsx": {
    "path": "/home/maria/studia/gameshare-app/frontend/src/pages/GameInstance/ReservationForm.tsx",
    "statementMap": {},
    "fnMap": {},
    "branchMap": {},
    "s": {},
    "f": {},
    "b": {}
  },
  "/home/maria/studia/gameshare-app/frontend/src/pages/GameRequests/GameRequest.tsx": {
    "path": "/home/maria/studia/gameshare-app/frontend/src/pages/GameRequests/GameRequest.tsx",
    "statementMap": {},
    "fnMap": {},
    "branchMap": {},
    "s": {},
    "f": {},
    "b": {}
  },
  "/home/maria/studia/gameshare-app/frontend/src/pages/GameRequests/GameRequests.tsx": {
    "path": "/home/maria/studia/gameshare-app/frontend/src/pages/GameRequests/GameRequests.tsx",
    "statementMap": {},
    "fnMap": {},
    "branchMap": {},
    "s": {},
    "f": {},
    "b": {}
  },
  "/home/maria/studia/gameshare-app/frontend/src/pages/GameSearch/CategoriesSection.tsx": {
    "path": "/home/maria/studia/gameshare-app/frontend/src/pages/GameSearch/CategoriesSection.tsx",
    "statementMap": {},
    "fnMap": {},
    "branchMap": {},
    "s": {},
    "f": {},
    "b": {}
  },
  "/home/maria/studia/gameshare-app/frontend/src/pages/GameSearch/Game.tsx": {
    "path": "/home/maria/studia/gameshare-app/frontend/src/pages/GameSearch/Game.tsx",
    "statementMap": {},
    "fnMap": {},
    "branchMap": {},
    "s": {},
    "f": {},
    "b": {}
  },
  "/home/maria/studia/gameshare-app/frontend/src/pages/GameSearch/GameSearch.tsx": {
    "path": "/home/maria/studia/gameshare-app/frontend/src/pages/GameSearch/GameSearch.tsx",
    "statementMap": {},
    "fnMap": {},
    "branchMap": {},
    "s": {},
    "f": {},
    "b": {}
  },
  "/home/maria/studia/gameshare-app/frontend/src/pages/GameSearch/PopularGamesSection.tsx": {
    "path": "/home/maria/studia/gameshare-app/frontend/src/pages/GameSearch/PopularGamesSection.tsx",
    "statementMap": {},
    "fnMap": {},
    "branchMap": {},
    "s": {},
    "f": {},
    "b": {}
  },
  "/home/maria/studia/gameshare-app/frontend/src/pages/GameSearch/RecommendedGamesSection.tsx": {
    "path": "/home/maria/studia/gameshare-app/frontend/src/pages/GameSearch/RecommendedGamesSection.tsx",
    "statementMap": {},
    "fnMap": {},
    "branchMap": {},
    "s": {},
    "f": {},
    "b": {}
  },
  "/home/maria/studia/gameshare-app/frontend/src/pages/MyProfile/MyProfile.tsx": {
    "path": "/home/maria/studia/gameshare-app/frontend/src/pages/MyProfile/MyProfile.tsx",
    "statementMap": {},
    "fnMap": {},
    "branchMap": {},
    "s": {},
    "f": {},
    "b": {}
  },
  "/home/maria/studia/gameshare-app/frontend/src/pages/ReservationDetails/GameInstanceDetails.tsx": {
    "path": "/home/maria/studia/gameshare-app/frontend/src/pages/ReservationDetails/GameInstanceDetails.tsx",
    "statementMap": {},
    "fnMap": {},
    "branchMap": {},
    "s": {},
    "f": {},
    "b": {}
  },
  "/home/maria/studia/gameshare-app/frontend/src/pages/ReservationDetails/OpinionSection.tsx": {
    "path": "/home/maria/studia/gameshare-app/frontend/src/pages/ReservationDetails/OpinionSection.tsx",
    "statementMap": {},
    "fnMap": {},
    "branchMap": {},
    "s": {},
    "f": {},
    "b": {}
  },
  "/home/maria/studia/gameshare-app/frontend/src/pages/ReservationDetails/ReservationDetails.tsx": {
    "path": "/home/maria/studia/gameshare-app/frontend/src/pages/ReservationDetails/ReservationDetails.tsx",
    "statementMap": {},
    "fnMap": {},
    "branchMap": {},
    "s": {},
    "f": {},
    "b": {}
  },
  "/home/maria/studia/gameshare-app/frontend/src/pages/ReservationDetails/ReservationDetailsStatus.tsx": {
    "path": "/home/maria/studia/gameshare-app/frontend/src/pages/ReservationDetails/ReservationDetailsStatus.tsx",
    "statementMap": {},
    "fnMap": {},
    "branchMap": {},
    "s": {},
    "f": {},
    "b": {}
  },
  "/home/maria/studia/gameshare-app/frontend/src/pages/ReservationDetails/ReservationDetailsTable.tsx": {
    "path": "/home/maria/studia/gameshare-app/frontend/src/pages/ReservationDetails/ReservationDetailsTable.tsx",
    "statementMap": {},
    "fnMap": {},
    "branchMap": {},
    "s": {},
    "f": {},
    "b": {}
  },
  "/home/maria/studia/gameshare-app/frontend/src/pages/ReservationDetails/UserDetailsSection.tsx": {
    "path": "/home/maria/studia/gameshare-app/frontend/src/pages/ReservationDetails/UserDetailsSection.tsx",
    "statementMap": {},
    "fnMap": {},
    "branchMap": {},
    "s": {},
    "f": {},
    "b": {}
  },
  "/home/maria/studia/gameshare-app/frontend/src/pages/ReservationsHistory/ReservationCard.tsx": {
    "path": "/home/maria/studia/gameshare-app/frontend/src/pages/ReservationsHistory/ReservationCard.tsx",
    "statementMap": {},
    "fnMap": {},
    "branchMap": {},
    "s": {},
    "f": {},
    "b": {}
  },
  "/home/maria/studia/gameshare-app/frontend/src/pages/ReservationsHistory/ReservationsHistory.tsx": {
    "path": "/home/maria/studia/gameshare-app/frontend/src/pages/ReservationsHistory/ReservationsHistory.tsx",
    "statementMap": {},
    "fnMap": {},
    "branchMap": {},
    "s": {},
    "f": {},
    "b": {}
  },
  "/home/maria/studia/gameshare-app/frontend/src/pages/ReservationsHistory/ReservationsList.tsx": {
    "path": "/home/maria/studia/gameshare-app/frontend/src/pages/ReservationsHistory/ReservationsList.tsx",
    "statementMap": {},
    "fnMap": {},
    "branchMap": {},
    "s": {},
    "f": {},
    "b": {}
  },
  "/home/maria/studia/gameshare-app/frontend/src/pages/ReservationsHistory/ReservationsSideBar.tsx": {
    "path": "/home/maria/studia/gameshare-app/frontend/src/pages/ReservationsHistory/ReservationsSideBar.tsx",
    "statementMap": {},
    "fnMap": {},
    "branchMap": {},
    "s": {},
    "f": {},
    "b": {}
  },
  "/home/maria/studia/gameshare-app/frontend/src/pages/UserProfile/AddUserOpinionModal.tsx": {
    "path": "/home/maria/studia/gameshare-app/frontend/src/pages/UserProfile/AddUserOpinionModal.tsx",
    "statementMap": {},
    "fnMap": {},
    "branchMap": {},
    "s": {},
    "f": {},
    "b": {}
  },
  "/home/maria/studia/gameshare-app/frontend/src/pages/UserProfile/UserProfile.tsx": {
    "path": "/home/maria/studia/gameshare-app/frontend/src/pages/UserProfile/UserProfile.tsx",
    "statementMap": {},
    "fnMap": {},
    "branchMap": {},
    "s": {},
    "f": {},
    "b": {}
  },
  "/home/maria/studia/gameshare-app/frontend/src/pages/ReservationDetails/ReservationDetailsOwner/OpinionAboutRenter.tsx": {
    "path": "/home/maria/studia/gameshare-app/frontend/src/pages/ReservationDetails/ReservationDetailsOwner/OpinionAboutRenter.tsx",
    "statementMap": {},
    "fnMap": {},
    "branchMap": {},
    "s": {},
    "f": {},
    "b": {}
  },
  "/home/maria/studia/gameshare-app/frontend/src/pages/ReservationDetails/ReservationDetailsOwner/ReservationDetailsOwner.tsx": {
    "path": "/home/maria/studia/gameshare-app/frontend/src/pages/ReservationDetails/ReservationDetailsOwner/ReservationDetailsOwner.tsx",
    "statementMap": {},
    "fnMap": {},
    "branchMap": {},
    "s": {},
    "f": {},
    "b": {}
  },
  "/home/maria/studia/gameshare-app/frontend/src/pages/ReservationDetails/ReservationDetailsRenter/OpinionAboutGameInstance.tsx": {
    "path": "/home/maria/studia/gameshare-app/frontend/src/pages/ReservationDetails/ReservationDetailsRenter/OpinionAboutGameInstance.tsx",
    "statementMap": {},
    "fnMap": {},
    "branchMap": {},
    "s": {},
    "f": {},
    "b": {}
  },
  "/home/maria/studia/gameshare-app/frontend/src/pages/ReservationDetails/ReservationDetailsRenter/OpinionAboutOwner.tsx": {
    "path": "/home/maria/studia/gameshare-app/frontend/src/pages/ReservationDetails/ReservationDetailsRenter/OpinionAboutOwner.tsx",
    "statementMap": {},
    "fnMap": {},
    "branchMap": {},
    "s": {},
    "f": {},
    "b": {}
  },
  "/home/maria/studia/gameshare-app/frontend/src/pages/ReservationDetails/ReservationDetailsRenter/ReservationDetailsRenter.tsx": {
    "path": "/home/maria/studia/gameshare-app/frontend/src/pages/ReservationDetails/ReservationDetailsRenter/ReservationDetailsRenter.tsx",
    "statementMap": {},
    "fnMap": {},
    "branchMap": {},
    "s": {},
    "f": {},
    "b": {}
  }
}
